seq73358_len91_cov159	Bradysia coprophila:1	Bradysia_coprophila:1
seq76183_len119_cov32	Bradysia coprophila:2	Bradysia_coprophila:2
seq72470_len271_cov155	Bradysia coprophila:2	Bradysia_coprophila:2
seq72061_len151_cov55	Bradysia coprophila:1	Bradysia_coprophila:1
seq70359_len80_cov123	Bradysia coprophila:1	Bradysia_coprophila:1
seq76165_len477_cov77	Bradysia coprophila:2	Bradysia_coprophila:2
seq74923_len103_cov332	Bradysia coprophila:1	Bradysia_coprophila:1
seq75180_len84_cov59	Bradysia coprophila:1	Bradysia_coprophila:1
seq75372_len207_cov109	Bradysia coprophila:1	Bradysia_coprophila:1
seq73247_len1558_cov86	Bradysia coprophila:1	Bradysia_coprophila:1
seq73900_len87_cov550	Bradysia coprophila:3	Bradysia_coprophila:3
seq73579_len103_cov23	Bradysia coprophila:5	Bradysia_coprophila:5
seq6471_len79_cov9395	Bradysia coprophila:2	Bradysia_coprophila:2
seq75879_len402_cov55	Bradysia coprophila:2	Bradysia_coprophila:2
seq6370_len84_cov305	Bradysia coprophila:1	Bradysia_coprophila:1
seq68926_len276_cov173	Bradysia coprophila:1	Bradysia_coprophila:1
seq76193_len3592_cov100	Bradysia coprophila:2	Bradysia_coprophila:2
seq68645_len101_cov50	Bradysia coprophila:1	Bradysia_coprophila:1
seq73714_len5936_cov82	Bradysia coprophila:2	Bradysia_coprophila:2
seq75987_len158_cov127	Bradysia coprophila:1	Bradysia_coprophila:1
seq74885_len79_cov1164	Bradysia coprophila:1	Bradysia_coprophila:1
seq69568_len118_cov268	Bradysia coprophila:3	Bradysia_coprophila:3
seq71264_len144_cov55	Bradysia coprophila:1	Bradysia_coprophila:1
seq73840_len96_cov305	Bradysia coprophila:1	Bradysia_coprophila:1
seq73847_len82_cov150	Bradysia coprophila:1	Bradysia_coprophila:1
seq76163_len154_cov109	Bradysia coprophila:2	Bradysia_coprophila:2
seq74195_len94_cov264	Bradysia coprophila:2	Bradysia_coprophila:2
seq75898_len155_cov209	Bradysia coprophila:2	Bradysia_coprophila:2
seq69780_len2214_cov132	Bradysia coprophila:2	Bradysia_coprophila:2
seq72799_len953_cov136	Bradysia coprophila:2	Bradysia_coprophila:2
seq74933_len105_cov186	Bradysia coprophila:1	Bradysia_coprophila:1
seq70714_len211_cov214	Bradysia coprophila:2	Bradysia_coprophila:2
seq6362_len176_cov68	Bradysia coprophila:1	Bradysia_coprophila:1
seq75156_len1522_cov141	Bradysia coprophila:1	Bradysia_coprophila:1
seq76194_len84_cov327	Bradysia coprophila:2	Bradysia_coprophila:2
seq70486_len160_cov177	Bradysia coprophila:2	Bradysia_coprophila:2
seq70370_len107_cov114	Bradysia coprophila:1	Bradysia_coprophila:1
seq75961_len121_cov68	Bradysia coprophila:2	Bradysia_coprophila:2
seq70665_len157_cov177	Bradysia coprophila:3	Bradysia_coprophila:3
seq75190_len534_cov59	Bradysia coprophila:1	Bradysia_coprophila:1
seq73333_len620_cov91	Bradysia coprophila:1	Bradysia_coprophila:1
seq73456_len87_cov509	Bradysia coprophila:1	Bradysia_coprophila:1
seq69963_len154_cov100	Bradysia coprophila:1	Bradysia_coprophila:1
seq68559_len216_cov45	Bradysia coprophila:1	Bradysia_coprophila:1
seq73851_len79_cov709	Bradysia coprophila:1	Bradysia_coprophila:1
seq74921_len116_cov218	Bradysia coprophila:1	Bradysia_coprophila:1
seq70374_len155_cov86	Bradysia coprophila:1	Bradysia_coprophila:1
seq69128_len154_cov64	Bradysia coprophila:2	Bradysia_coprophila:2
seq75914_len448_cov159	Bradysia coprophila:2	Bradysia_coprophila:2
seq74914_len92_cov86	Bradysia coprophila:1	Bradysia_coprophila:1
seq73578_len89_cov36	Bradysia coprophila:5	Bradysia_coprophila:5
seq72514_len2474_cov123	Bradysia coprophila:2	Bradysia_coprophila:2
seq73244_len90_cov82	Bradysia coprophila:1	Bradysia_coprophila:1
seq70283_len241_cov145	Bradysia coprophila:1	Bradysia_coprophila:1
seq69658_len88_cov214	Bradysia coprophila:1	Bradysia_coprophila:1
seq71915_len144_cov105	Bradysia coprophila:1	Bradysia_coprophila:1
seq6376_len80_cov82	Bradysia coprophila:1	Bradysia_coprophila:1
seq75186_len739_cov123	Bradysia coprophila:1	Bradysia_coprophila:1
seq72508_len111_cov18	Bradysia coprophila:1	Bradysia_coprophila:1
seq71978_len148_cov164	Bradysia coprophila:1	Bradysia_coprophila:1
seq76237_len80_cov5341	Bradysia coprophila:2	Bradysia_coprophila:2
seq75975_len99_cov68	Bradysia coprophila:1	Bradysia_coprophila:1
seq69185_len85_cov1145	Bradysia coprophila:1	Bradysia_coprophila:1
seq75812_len79_cov250	Bradysia coprophila:1	Bradysia_coprophila:1
seq73440_len142_cov164	Bradysia coprophila:1	Bradysia_coprophila:1
seq69270_len139_cov73	Bradysia coprophila:1	Bradysia_coprophila:1
seq76283_len119_cov118	Bradysia coprophila:2	Bradysia_coprophila:2
seq75775_len230_cov150	Bradysia coprophila:1	Bradysia_coprophila:1
seq6367_len80_cov114	Bradysia coprophila:1	Bradysia_coprophila:1
seq6467_len94_cov405	Bradysia coprophila:1	Bradysia_coprophila:1
seq75359_len211_cov100	Bradysia coprophila:2	Bradysia_coprophila:2
seq73204_len1411_cov127	Bradysia coprophila:1	Bradysia_coprophila:1
seq73234_len166_cov145	Bradysia coprophila:1	Bradysia_coprophila:1
seq74886_len99_cov241	Bradysia coprophila:1	Bradysia_coprophila:1
seq69411_len110_cov50	Bradysia coprophila:1	Bradysia_coprophila:1
seq70866_len81_cov18	Bradysia coprophila:1	Bradysia_coprophila:1
seq75793_len102_cov223	Bradysia coprophila:1	Bradysia_coprophila:1
seq73117_len429_cov136	Bradysia coprophila:2	Bradysia_coprophila:2
seq71365_len122_cov50	Bradysia coprophila:1	Bradysia_coprophila:1
seq75850_len152_cov177	Bradysia coprophila:4	Bradysia_coprophila:4
seq71114_len186_cov173	Bradysia coprophila:3	Bradysia_coprophila:3
seq71527_len149_cov441	Bradysia coprophila:2	Bradysia_coprophila:2
seq71371_len104_cov100	Bradysia coprophila:1	Bradysia_coprophila:1
seq73269_len153_cov164	Bradysia coprophila:2	Bradysia_coprophila:2
seq76284_len118_cov64	Bradysia coprophila:2	Bradysia_coprophila:2
seq76187_len99_cov86	Bradysia coprophila:2	Bradysia_coprophila:2
seq75116_len161_cov45	Bradysia coprophila:1	Bradysia_coprophila:1
seq74899_len108_cov95	Bradysia coprophila:1	Bradysia_coprophila:1
seq72941_len82_cov7177	Bradysia coprophila:1	Bradysia_coprophila:1
seq70174_len79_cov405	Bradysia coprophila:1	Bradysia_coprophila:1
seq6342_len93_cov127	Bradysia coprophila:1	Bradysia_coprophila:1
seq68769_len154_cov95	Bradysia coprophila:2	Bradysia_coprophila:2
seq75567_len81_cov50	Bradysia coprophila:1	Bradysia_coprophila:1
seq70050_len148_cov155	Bradysia coprophila:2	Bradysia_coprophila:2
seq74760_len222_cov91	Bradysia coprophila:1	Bradysia_coprophila:1
seq69679_len107_cov150	Bradysia coprophila:1	Bradysia_coprophila:1
seq72252_len201_cov64	Bradysia coprophila:1	Bradysia_coprophila:1
seq71709_len100_cov18	Bradysia coprophila:1	Bradysia_coprophila:1
seq69989_len208_cov64	Bradysia coprophila:1	Bradysia_coprophila:1
seq72688_len172_cov155	Bradysia coprophila:2	Bradysia_coprophila:2
seq6776_len146_cov59	Bradysia coprophila:1	Bradysia_coprophila:1
seq71362_len83_cov123	Bradysia coprophila:1	Bradysia_coprophila:1
seq74947_len121_cov405	Bradysia coprophila:1	Bradysia_coprophila:1
seq75373_len448_cov105	Bradysia coprophila:1	Bradysia_coprophila:1
seq75488_len166_cov164	Bradysia coprophila:2	Bradysia_coprophila:2
seq6357_len93_cov141	Bradysia coprophila:1	Bradysia_coprophila:1
seq73850_len156_cov150	Bradysia coprophila:1	Bradysia_coprophila:1
seq75847_len2704_cov173	Bradysia coprophila:1	Bradysia_coprophila:1
seq72213_len89_cov114	Bradysia coprophila:1	Bradysia_coprophila:1
seq75244_len150_cov186	Bradysia coprophila:1	Bradysia_coprophila:1
seq75557_len79_cov150	Bradysia coprophila:1	Bradysia_coprophila:1
seq72804_len133_cov277	Bradysia coprophila:2	Bradysia_coprophila:2
seq74284_len157_cov91	Bradysia coprophila:1	Bradysia_coprophila:1
seq75551_len328_cov109	Bradysia coprophila:1	Bradysia_coprophila:1
seq68826_len86_cov214	Bradysia coprophila:3	Bradysia_coprophila:3
seq6550_len155_cov164	Bradysia coprophila:1	Bradysia_coprophila:1
seq71728_len119_cov105	Bradysia coprophila:1	Bradysia_coprophila:1
seq75078_len79_cov3432	Bradysia coprophila:2	Bradysia_coprophila:2
seq73250_len91_cov127	Bradysia coprophila:1	Bradysia_coprophila:1
seq69169_len475_cov77	Bradysia coprophila:1	Bradysia_coprophila:1
seq75984_len156_cov32	Bradysia coprophila:1	Bradysia_coprophila:1
seq68625_len1951_cov109	Bradysia coprophila:1	Bradysia_coprophila:1
seq74920_len84_cov200	Bradysia coprophila:1	Bradysia_coprophila:1
seq69015_len83_cov391	Bradysia coprophila:1	Bradysia_coprophila:1
seq6359_len83_cov395	Bradysia coprophila:1	Bradysia_coprophila:1
seq70663_len118_cov177	Bradysia coprophila:3	Bradysia_coprophila:3
seq6314_len154_cov109	Bradysia coprophila:1	Bradysia_coprophila:1
seq75849_len95_cov23	Bradysia coprophila:2	Bradysia_coprophila:2
seq73623_len79_cov123	Bradysia coprophila:1	Bradysia_coprophila:1
seq75028_len82_cov691	Bradysia coprophila:1	Bradysia_coprophila:1
seq6356_len82_cov114	Bradysia coprophila:1	Bradysia_coprophila:1
seq74178_len79_cov114	Bradysia coprophila:1	Bradysia_coprophila:1
seq6844_len105_cov1086	Bradysia coprophila:2	Bradysia_coprophila:2
seq74922_len83_cov359	Bradysia coprophila:1	Bradysia_coprophila:1
seq75405_len79_cov7491	Bradysia coprophila:1	Bradysia_coprophila:1
seq71405_len96_cov159	Bradysia coprophila:1	Bradysia_coprophila:1
seq75773_len149_cov50	Bradysia coprophila:1	Bradysia_coprophila:1
seq75694_len156_cov59	Bradysia coprophila:1	Bradysia_coprophila:1
seq69802_len144_cov173	Bradysia coprophila:1	Bradysia_coprophila:1
seq69625_len157_cov86	Bradysia coprophila:1	Bradysia_coprophila:1
seq72245_len93_cov300	Bradysia coprophila:5	Bradysia_coprophila:5
seq71996_len112_cov50	Bradysia coprophila:1	Bradysia_coprophila:1
seq6543_len109_cov500	Bradysia coprophila:1	Bradysia_coprophila:1
seq70302_len100_cov86	Bradysia coprophila:1	Bradysia_coprophila:1
seq75794_len226_cov173	Bradysia coprophila:2	Bradysia_coprophila:2
seq72219_len85_cov64	Bradysia coprophila:1	Bradysia_coprophila:1
seq75188_len81_cov91	Bradysia coprophila:1	Bradysia_coprophila:1
seq75550_len130_cov195	Bradysia coprophila:1	Bradysia_coprophila:1
seq6353_len79_cov1809	Bradysia coprophila:1	Bradysia_coprophila:1
seq6557_len79_cov164	Bradysia coprophila:1	Bradysia_coprophila:1
seq6470_len99_cov23	Bradysia coprophila:2	Bradysia_coprophila:2
seq68996_len156_cov59	Bradysia coprophila:1	Bradysia_coprophila:1
seq73669_len170_cov150	Bradysia coprophila:1	Bradysia_coprophila:1
seq72507_len86_cov114	Bradysia coprophila:1	Bradysia_coprophila:1
seq69245_len100_cov27	Bradysia coprophila:2	Bradysia_coprophila:2
seq75064_len98_cov50	Bradysia coprophila:2	Bradysia_coprophila:2
seq71376_len83_cov218	Bradysia coprophila:1	Bradysia_coprophila:1
seq72794_len79_cov8091	Bradysia coprophila:2	Bradysia_coprophila:2
seq70560_len195_cov59	Bradysia coprophila:1	Bradysia_coprophila:1
seq71731_len100_cov173	Bradysia coprophila:1	Bradysia_coprophila:1
seq75160_len2993_cov118	Bradysia coprophila:1	Bradysia_coprophila:1
seq69039_len81_cov327	Bradysia coprophila:1	Bradysia_coprophila:1
seq70158_len155_cov73	Bradysia coprophila:1	Bradysia_coprophila:1
seq72390_len90_cov91	Bradysia coprophila:2	Bradysia_coprophila:2
seq71923_len150_cov432	Bradysia coprophila:2	Bradysia_coprophila:2
seq71363_len111_cov141	Bradysia coprophila:1	Bradysia_coprophila:1
seq69857_len447_cov95	Bradysia coprophila:1	Bradysia_coprophila:1
seq6814_len152_cov127	Bradysia coprophila:1	Bradysia_coprophila:1
seq73300_len79_cov4086	Bradysia coprophila:2	Bradysia_coprophila:2
seq72223_len139_cov500	Bradysia coprophila:1	Bradysia_coprophila:1
seq69849_len153_cov105	Bradysia coprophila:1	Bradysia_coprophila:1
seq69546_len626_cov127	Bradysia coprophila:2	Bradysia_coprophila:2
seq68874_len157_cov86	Bradysia coprophila:3	Bradysia_coprophila:3
seq73058_len82_cov2759	Bradysia coprophila:1	Bradysia_coprophila:1
seq70582_len83_cov150	Bradysia coprophila:2	Bradysia_coprophila:2
seq71860_len90_cov18	Bradysia coprophila:1	Bradysia_coprophila:1
seq69184_len109_cov55	Bradysia coprophila:1	Bradysia_coprophila:1
seq76216_len306_cov91	Bradysia coprophila:2	Bradysia_coprophila:2
seq75686_len421_cov100	Bradysia coprophila:1	Bradysia_coprophila:1
seq71591_len1553_cov82	Bradysia coprophila:1	Bradysia_coprophila:1
seq6854_len1187_cov105	Bradysia coprophila:1	Bradysia_coprophila:1
seq68651_len165_cov155	Bradysia coprophila:1	Bradysia_coprophila:1
seq69397_len469_cov127	Bradysia coprophila:1	Bradysia_coprophila:1
seq70827_len87_cov882	Bradysia coprophila:2	Bradysia_coprophila:2
seq75571_len170_cov177	Bradysia coprophila:2	Bradysia_coprophila:2
seq6624_len186_cov136	Bradysia coprophila:1	Bradysia_coprophila:1
seq70172_len161_cov86	Bradysia coprophila:1	Bradysia_coprophila:1
seq6369_len83_cov91	Bradysia coprophila:1	Bradysia_coprophila:1
seq74688_len88_cov773	Bradysia coprophila:1	Bradysia_coprophila:1
seq70716_len172_cov95	Bradysia coprophila:2	Bradysia_coprophila:2
seq69642_len150_cov114	Bradysia coprophila:2	Bradysia_coprophila:2
seq75378_len109_cov109	Bradysia coprophila:1	Bradysia_coprophila:1
seq70588_len81_cov414	Bradysia coprophila:2	Bradysia_coprophila:2
seq76245_len155_cov218	Bradysia coprophila:2	Bradysia_coprophila:2
seq71646_len235_cov127	Bradysia coprophila:1	Bradysia_coprophila:1
seq73415_len287_cov105	Bradysia coprophila:2	Bradysia_coprophila:2
seq75175_len174_cov118	Bradysia coprophila:1	Bradysia_coprophila:1
seq76168_len8270_cov186	Bradysia coprophila:2	Diptera:4	Bactrocera_oleae:1	Bradysia_coprophila:2	Bactrocera_dorsalis:1	Aedes_aegypti:1	Bactrocera_cucurbitae:1
seq75744_len82_cov195	Bradysia coprophila:1	Bradysia_coprophila:1
seq71369_len79_cov182	Bradysia coprophila:1	Bradysia_coprophila:1
seq70057_len298_cov145	Bradysia coprophila:2	Bradysia_coprophila:2
seq71064_len3765_cov82	Bradysia coprophila:1	Bradysia_coprophila:1
seq75869_len879_cov123	Bradysia coprophila:1	Bradysia_coprophila:1
seq71985_len161_cov68	Bradysia coprophila:1	Bradysia_coprophila:1
seq76289_len96_cov18	Bradysia coprophila:2	Bradysia_coprophila:2
seq71373_len91_cov241	Bradysia coprophila:1	Bradysia_coprophila:1
seq70707_len80_cov12777	Bradysia coprophila:2	Bradysia_coprophila:2
seq75506_len242_cov132	Bradysia coprophila:1	Bradysia_coprophila:1
seq73068_len155_cov100	Bradysia coprophila:1	Bradysia_coprophila:1
seq71368_len86_cov386	Bradysia coprophila:1	Bradysia_coprophila:1
seq75065_len81_cov2236	Bradysia coprophila:1	Bradysia_coprophila:1
seq73626_len97_cov82	Bradysia coprophila:1	Bradysia_coprophila:1
seq70581_len111_cov341	Bradysia coprophila:2	Bradysia_coprophila:2
seq75393_len80_cov1836	Bradysia coprophila:1	Bradysia_coprophila:1
seq72236_len88_cov241	Bradysia coprophila:1	Bradysia_coprophila:1
seq75255_len724_cov68	Bradysia coprophila:1	Bradysia_coprophila:1
seq6385_len88_cov141	Bradysia coprophila:1	Bradysia_coprophila:1
seq75163_len222_cov150	Bradysia coprophila:1	Bradysia_coprophila:1
seq69990_len155_cov145	Bradysia coprophila:1	Bradysia_coprophila:1
seq69676_len156_cov73	Bradysia coprophila:1	Bradysia_coprophila:1
seq69682_len105_cov150	Bradysia coprophila:1	Bradysia_coprophila:1
seq72241_len302_cov77	Bradysia coprophila:1	Bradysia_coprophila:1
seq69187_len79_cov582	Bradysia coprophila:1	Bradysia_coprophila:1
seq75743_len149_cov64	Bradysia coprophila:1	Bradysia_coprophila:1
seq68767_len81_cov91	Bradysia coprophila:2	Bradysia_coprophila:2
seq74763_len232_cov173	Bradysia coprophila:2	Bradysia_coprophila:2
seq70043_len117_cov27	Bradysia coprophila:2	Bradysia_coprophila:2
seq68825_len157_cov195	Bradysia coprophila:3	Bradysia_coprophila:3
seq70051_len118_cov668	Bradysia coprophila:2	Bradysia_coprophila:2
seq6386_len156_cov105	Bradysia coprophila:1	Bradysia_coprophila:1
seq69316_len79_cov1686	Bradysia coprophila:2	Bradysia_coprophila:2
seq75979_len483_cov50	Bradysia coprophila:1	Bradysia_coprophila:1
seq71380_len93_cov286	Bradysia coprophila:1	Bradysia_coprophila:1
seq73836_len79_cov2736	Bradysia coprophila:1	Bradysia_coprophila:1
seq70254_len193_cov109	Bradysia coprophila:1	Bradysia_coprophila:1
seq72587_len146_cov77	Bradysia coprophila:2	Bradysia_coprophila:2
seq72011_len119_cov350	Bradysia coprophila:2	Bradysia_coprophila:2
seq74053_len156_cov195	Bradysia coprophila:2	Bradysia_coprophila:2
seq70255_len82_cov50	Bradysia coprophila:1	Bradysia_coprophila:1
seq6866_len80_cov26086	Bradysia coprophila:1	Bradysia:1	Bradysia_amoena:1	Bradysia_coprophila:1
seq70295_len86_cov105	Bradysia coprophila:1	Bradysia_coprophila:1
seq71913_len144_cov1327	Bradysia coprophila:1	Bradysia_coprophila:1
seq73841_len83_cov427	Bradysia coprophila:1	Bradysia_coprophila:1
seq74508_len131_cov64	Bradysia coprophila:5	Bradysia_coprophila:5
seq75704_len557_cov73	Bradysia coprophila:1	Bradysia_coprophila:1
seq76276_len157_cov59	Bradysia coprophila:1	Bradysia_coprophila:1
seq75396_len98_cov255	Bradysia coprophila:1	Bradysia_coprophila:1
seq73152_len155_cov132	Bradysia coprophila:1	Bradysia_coprophila:1
seq70439_len1427_cov77	Bradysia coprophila:3	Bradysia_coprophila:3
seq73543_len90_cov332	Bradysia coprophila:2	Bradysia_coprophila:2
seq75779_len149_cov118	Bradysia coprophila:1	Bradysia_coprophila:1
seq69855_len156_cov127	Bradysia coprophila:1	Bradysia_coprophila:1
seq74229_len131_cov209	Bradysia coprophila:2	Bradysia_coprophila:2
seq69875_len157_cov91	Bradysia coprophila:1	Bradysia_coprophila:1
seq71068_len1604_cov145	Bradysia coprophila:1	Bradysia_coprophila:1
seq69965_len157_cov82	Bradysia coprophila:3	Bradysia_coprophila:3
seq6352_len295_cov86	Bradysia coprophila:3	Bradysia_coprophila:3
seq73142_len88_cov1050	Bradysia coprophila:1	Bradysia_coprophila:1
seq69343_len119_cov309	Bradysia coprophila:1	Bradysia_coprophila:1
seq72992_len165_cov55	Bradysia coprophila:1	Bradysia_coprophila:1
seq71374_len103_cov82	Bradysia coprophila:1	Bradysia_coprophila:1
seq73197_len105_cov77	Bradysia coprophila:1	Bradysia_coprophila:1
seq70819_len98_cov2200	Bradysia coprophila:2	Bradysia_coprophila:2
seq75569_len81_cov250	Bradysia coprophila:2	Bradysia_coprophila:2
seq6427_len277_cov95	Bradysia coprophila:2	Bradysia_coprophila:2
seq69372_len126_cov114	Bradysia coprophila:1	Bradysia_coprophila:1
seq73356_len81_cov527	Bradysia coprophila:1	Bradysia_coprophila:1
seq70259_len156_cov95	Bradysia coprophila:1	Bradysia_coprophila:1
seq76106_len1053_cov100	Bradysia coprophila:2	Bradysia_coprophila:2
seq68706_len250_cov82	Bradysia coprophila:1	Bradysia_coprophila:1
seq72255_len127_cov55	Bradysia coprophila:1	Bradysia_coprophila:1
seq68895_len150_cov55	Bradysia coprophila:1	Bradysia_coprophila:1
seq74502_len162_cov182	Bradysia coprophila:1	Bradysia_coprophila:1
seq75401_len151_cov91	Bradysia coprophila:3	Bradysia_coprophila:3
seq74225_len128_cov127	Bradysia coprophila:1	Bradysia_coprophila:1
seq71947_len93_cov118	Bradysia coprophila:1	Bradysia_coprophila:1
seq71364_len123_cov159	Bradysia coprophila:1	Bradysia_coprophila:1
seq75191_len751_cov159	Bradysia coprophila:1	Bradysia_coprophila:1
seq69189_len108_cov218	Bradysia coprophila:1	Bradysia_coprophila:1
seq75177_len158_cov77	Bradysia coprophila:1	Bradysia_coprophila:1
seq75376_len321_cov155	Bradysia coprophila:1	Bradysia_coprophila:1
seq69138_len153_cov145	Bradysia coprophila:4	Bradysia_coprophila:4
seq6377_len81_cov32	Bradysia coprophila:1	Bradysia_coprophila:1
seq70409_len146_cov73	Bradysia coprophila:1	Bradysia_coprophila:1
seq69678_len81_cov12750	Bradysia coprophila:1	Bradysia_coprophila:1
seq76113_len79_cov11123	Bradysia coprophila:1	Bradysia_coprophila:1
seq75713_len81_cov305	Bradysia coprophila:2	Bradysia_coprophila:2
seq74045_len100_cov464	Bradysia coprophila:2	Bradysia_coprophila:2
seq68893_len99_cov127	Bradysia coprophila:1	Bradysia_coprophila:1
seq70872_len2829_cov164	Bradysia coprophila:2	Bradysia_coprophila:2
seq69435_len1501_cov68	Bradysia coprophila:1	Bradysia_coprophila:1
seq70766_len317_cov132	Bradysia coprophila:1	Bradysia_coprophila:1
seq74456_len101_cov2623	Bradysia coprophila:1	Bradysia_coprophila:1
seq75699_len143_cov109	Bradysia coprophila:1	Bradysia_coprophila:1
seq71925_len219_cov186	Bradysia coprophila:2	Bradysia_coprophila:2
seq71516_len158_cov73	Bradysia coprophila:1	Bradysia_coprophila:1
seq75169_len476_cov59	Bradysia coprophila:1	Bradysia_coprophila:1
seq68879_len108_cov314	Bradysia coprophila:3	Bradysia_coprophila:3
seq75251_len1830_cov100	Bradysia coprophila:1	Bradysia_coprophila:1
seq6777_len113_cov127	Bradysia coprophila:1	Bradysia_coprophila:1
seq70287_len79_cov127	Bradysia coprophila:1	Bradysia_coprophila:1
seq74697_len82_cov159	Bradysia coprophila:1	Bradysia_coprophila:1
seq75127_len92_cov50	Bradysia coprophila:1	Bradysia_coprophila:1
seq6469_len80_cov473	Bradysia coprophila:1	Bradysia_coprophila:1
seq74699_len86_cov332	Bradysia coprophila:1	Bradysia_coprophila:1
seq74698_len81_cov873	Bradysia coprophila:1	Bradysia_coprophila:1
seq72801_len84_cov305	Bradysia coprophila:2	Bradysia_coprophila:2
seq70684_len391_cov73	Bradysia coprophila:1	Bradysia_coprophila:1
seq72235_len80_cov1895	Bradysia coprophila:1	Bradysia_coprophila:1
seq69683_len110_cov141	Bradysia coprophila:1	Bradysia_coprophila:1
seq69135_len101_cov27	Bradysia coprophila:2	Bradysia_coprophila:2
seq75774_len2613_cov127	Bradysia coprophila:1	Bradysia_coprophila:1
seq71381_len83_cov182	Bradysia coprophila:1	Bradysia_coprophila:1
seq73067_len119_cov68	Bradysia coprophila:1	Bradysia_coprophila:1
seq73565_len1254_cov164	Bradysia coprophila:2	Bradysia_coprophila:2
seq70926_len306_cov73	Bradysia coprophila:1	Bradysia_coprophila:1
seq68730_len152_cov55	Bradysia coprophila:5	Bradysia_coprophila:5
seq73839_len82_cov855	Bradysia coprophila:1	Bradysia_coprophila:1
seq69937_len276_cov73	Bradysia coprophila:2	Bradysia_coprophila:2
seq75556_len79_cov245	Bradysia coprophila:1	Bradysia_coprophila:1
seq6379_len80_cov250	Bradysia coprophila:1	Bradysia_coprophila:1
seq75128_len157_cov32	Bradysia coprophila:1	Bradysia_coprophila:1
seq72510_len93_cov50	Bradysia coprophila:1	Bradysia_coprophila:1
seq73145_len154_cov64	Bradysia coprophila:1	Bradysia_coprophila:1
seq72025_len1226_cov127	Bradysia coprophila:1	Bradysia_coprophila:1
seq6374_len118_cov77	Bradysia coprophila:1	Bradysia_coprophila:1
seq75705_len79_cov764	Bradysia coprophila:1	Bradysia_coprophila:1
seq72511_len116_cov45	Bradysia coprophila:1	Bradysia_coprophila:1
seq71366_len88_cov132	Bradysia coprophila:1	Bradysia_coprophila:1
seq75983_len139_cov109	Bradysia coprophila:1	Bradysia_coprophila:1
seq74116_len86_cov923	Bradysia coprophila:1	Bradysia_coprophila:1
seq70585_len92_cov150	Bradysia coprophila:2	Bradysia_coprophila:2
seq75509_len1994_cov109	Bradysia coprophila:1	Bradysia_coprophila:1
seq69337_len262_cov164	Bradysia coprophila:1	Bradysia_coprophila:1
seq69054_len90_cov105	Bradysia coprophila:1	Bradysia_coprophila:1
seq72956_len157_cov123	Bradysia coprophila:1	Bradysia_coprophila:1
seq6358_len84_cov68	Bradysia coprophila:1	Bradysia_coprophila:1
seq72609_len81_cov486	Bradysia coprophila:1	Bradysia_coprophila:1
seq75568_len81_cov86	Bradysia coprophila:1	Bradysia_coprophila:1
seq73842_len97_cov677	Bradysia coprophila:1	Bradysia_coprophila:1
seq74050_len94_cov195	Bradysia coprophila:2	Bradysia_coprophila:2
seq72215_len90_cov91	Bradysia coprophila:1	Bradysia_coprophila:1
seq75394_len82_cov536	Bradysia coprophila:1	Bradysia_coprophila:1
seq75404_len155_cov127	Bradysia coprophila:1	Bradysia_coprophila:1
seq75371_len599_cov86	Bradysia coprophila:1	Bradysia_coprophila:1
seq76287_len155_cov127	Bradysia coprophila:2	Bradysia_coprophila:2
seq74764_len247_cov73	Bradysia coprophila:2	Bradysia_coprophila:2
seq73243_len125_cov114	Bradysia coprophila:1	Bradysia_coprophila:1
seq73443_len1477_cov136	Bradysia coprophila:1	Bradysia_coprophila:1
seq75061_len143_cov223	Bradysia coprophila:2	Bradysia_coprophila:2
seq71378_len88_cov73	Bradysia coprophila:1	Bradysia_coprophila:1
seq72534_len155_cov50	Bradysia coprophila:1	Bradysia_coprophila:1
seq70823_len95_cov232	Bradysia coprophila:2	Bradysia_coprophila:2
seq75959_len182_cov159	Bradysia coprophila:2	Bradysia_coprophila:2
seq68762_len80_cov32	Bradysia coprophila:2	Bradysia_coprophila:2
seq74525_len192_cov136	Bradysia coprophila:1	Bradysia_coprophila:1
seq73645_len152_cov109	Bradysia coprophila:4	Bradysia_coprophila:4
seq6373_len87_cov50	Bradysia coprophila:1	Bradysia_coprophila:1
seq69233_len149_cov73	Bradysia coprophila:1	Bradysia_coprophila:1
seq71367_len120_cov68	Bradysia coprophila:1	Bradysia_coprophila:1
seq72217_len1482_cov73	Bradysia coprophila:1	Bradysia_coprophila:1
seq71989_len103_cov318	Bradysia coprophila:1	Bradysia_coprophila:1
seq6361_len79_cov5405	Bradysia coprophila:1	Bradysia_coprophila:1
seq75330_len80_cov105	Bradysia coprophila:1	Bradysia_coprophila:1
seq75159_len150_cov77	Bradysia coprophila:2	Bradysia_coprophila:2
seq75252_len79_cov214	Bradysia coprophila:1	Bradysia_coprophila:1
seq70275_len90_cov500	Bradysia coprophila:1	Bradysia_coprophila:1
seq72111_len94_cov77	Bradysia coprophila:2	Bradysia_coprophila:2
seq69075_len79_cov1291	Bradysia coprophila:2	Bradysia_coprophila:2
seq69531_len260_cov55	Bradysia coprophila:1	Bradysia_coprophila:1
seq75445_len95_cov186	Bradysia coprophila:2	Bradysia_coprophila:2
seq70299_len86_cov173	Bradysia coprophila:1	Bradysia_coprophila:1
seq69677_len79_cov11027	Bradysia coprophila:1	Bradysia_coprophila:1
seq75510_len157_cov91	Bradysia coprophila:1	Bradysia_coprophila:1
seq70154_len133_cov36	Bradysia coprophila:1	Bradysia_coprophila:1
seq74238_len85_cov600	Bradysia coprophila:2	Bradysia_coprophila:2
seq71255_len230_cov45	Bradysia coprophila:1	Bradysia_coprophila:1
seq70120_len85_cov1968	Bradysia coprophila:1	Bradysia_coprophila:1
seq75290_len79_cov364	Bradysia coprophila:1	Bradysia_coprophila:1
seq76108_len251_cov86	Bradysia coprophila:2	Bradysia_coprophila:2
seq72959_len509_cov50	Bradysia coprophila:1	Bradysia_coprophila:1
seq75853_len96_cov168	Bradysia coprophila:3	Bradysia_coprophila:3
seq71375_len91_cov232	Bradysia coprophila:1	Bradysia_coprophila:1
seq74924_len90_cov123	Bradysia coprophila:1	Bradysia_coprophila:1
seq73837_len79_cov1064	Bradysia coprophila:1	Bradysia_coprophila:1
seq75860_len131_cov150	Bradysia coprophila:1	Bradysia_coprophila:1
seq6378_len83_cov200	Bradysia coprophila:1	Bradysia_coprophila:1
seq75438_len94_cov45	Bradysia coprophila:2	Bradysia_coprophila:2
seq68700_len111_cov273	Bradysia coprophila:1	Bradysia_coprophila:1
seq76167_len325_cov159	Bradysia coprophila:2	Bradysia_coprophila:2
seq75563_len155_cov114	Bradysia coprophila:1	Bradysia_coprophila:1
seq6371_len80_cov132	Bradysia coprophila:1	Bradysia_coprophila:1
seq6388_len174_cov118	Bradysia coprophila:1	Bradysia_coprophila:1
seq74052_len155_cov173	Bradysia coprophila:2	Bradysia_coprophila:2
seq73064_len120_cov86	Bradysia coprophila:1	Bradysia_coprophila:1
seq74919_len79_cov400	Bradysia coprophila:1	Bradysia_coprophila:1
seq73249_len297_cov123	Bradysia coprophila:1	Bradysia_coprophila:1
seq72227_len176_cov145	Bradysia coprophila:3	Bradysia_coprophila:3
seq70308_len152_cov95	Bradysia coprophila:1	Bradysia_coprophila:1
seq72093_len115_cov177	Bradysia coprophila:2	Bradysia_coprophila:2
seq75854_len167_cov86	Bradysia coprophila:3	Bradysia_coprophila:3
seq72177_len82_cov223	Bradysia coprophila:1	Bradysia_coprophila:1
seq72896_len86_cov250	Bradysia coprophila:1	Bradysia_coprophila:1
seq75079_len157_cov205	Bradysia coprophila:2	Bradysia_coprophila:2
seq69264_len1251_cov114	Bradysia coprophila:1	Bradysia_coprophila:1
seq75871_len5551_cov159	Bradysia coprophila:2	Bradysia_coprophila:2
seq69335_len368_cov173	Bradysia coprophila:1	Bradysia_coprophila:1
seq75381_len615_cov155	Bradysia coprophila:1	Bradysia_coprophila:1
seq72697_len111_cov277	Bradysia coprophila:1	Bradysia_coprophila:1
seq70504_len133_cov59	Bradysia coprophila:1	Bradysia_coprophila:1
seq69062_len144_cov145	Bradysia coprophila:1	Bradysia_coprophila:1
seq75066_len154_cov86	Bradysia coprophila:1	Eukaryota:4	Metazoa:2	Diptera:4	Calliphora_vicina:1	Drosophila_melanogaster:2	Melampsora_larici-populina_98AG31:3	Bradysia_coprophila:1	Pachygaster_leachii:1	Ute_ampullacea:1	Austrobilharzia_variglandis:1	Oryza_sativa_Japonica_Group:1
seq69846_len80_cov8809	Bradysia coprophila:1	Bradysia_coprophila:1
seq73844_len85_cov195	Bradysia coprophila:1	Bradysia_coprophila:1
seq73198_len156_cov123	Bradysia coprophila:1	Bradysia_coprophila:1
seq73122_len79_cov1845	Bradysia coprophila:1	Bradysia_coprophila:1
seq73899_len86_cov1427	Bradysia coprophila:3	Bradysia_coprophila:3
seq70162_len197_cov109	Bradysia coprophila:1	Bradysia_coprophila:1
seq76229_len151_cov114	Bradysia coprophila:2	Bradysia_coprophila:2
seq76236_len97_cov459	Bradysia coprophila:2	Bradysia_coprophila:2
seq71383_len89_cov177	Bradysia coprophila:1	Bradysia_coprophila:1
seq74193_len104_cov200	Bradysia coprophila:1	Bradysia_coprophila:1
seq75395_len80_cov414	Bradysia coprophila:1	Bradysia_coprophila:1
seq70977_len820_cov86	Bradysia coprophila:2	Bradysia_coprophila:2
seq71816_len93_cov82	Bradysia coprophila:1	Bradysia_coprophila:1
seq70710_len79_cov277	Bradysia coprophila:2	Bradysia_coprophila:2
seq72818_len157_cov59	Bradysia coprophila:1	Bradysia_coprophila:1
seq71370_len122_cov86	Bradysia coprophila:1	Bradysia_coprophila:1
seq71814_len94_cov45	Bradysia coprophila:1	Bradysia_coprophila:1
seq76202_len79_cov314	Bradysia coprophila:2	Bradysia_coprophila:2
seq76184_len163_cov68	Bradysia coprophila:1	Bradysia_coprophila:1
seq70119_len157_cov82	Bradysia coprophila:1	Bradysia_coprophila:1
seq68717_len82_cov1418	Bradysia coprophila:1	Bradysia_coprophila:1
seq6429_len141_cov132	Bradysia coprophila:2	Bradysia_coprophila:2
seq72251_len80_cov4968	Bradysia coprophila:1	Bradysia_coprophila:1
seq70306_len183_cov136	Bradysia coprophila:1	Bradysia_coprophila:1
seq75374_len611_cov86	Bradysia coprophila:1	Bradysia_coprophila:1
seq70153_len79_cov364	Bradysia coprophila:1	Bradysia_coprophila:1
seq71817_len95_cov73	Bradysia coprophila:1	Bradysia_coprophila:1
seq69157_len152_cov150	Bradysia coprophila:4	Bradysia_coprophila:4
seq6355_len80_cov673	Bradysia coprophila:1	Bradysia_coprophila:1
seq6316_len109_cov109	Bradysia coprophila:1	Bradysia_coprophila:1
seq69374_len79_cov182	Bradysia coprophila:1	Bradysia_coprophila:1
seq74188_len97_cov473	Bradysia coprophila:2	Bradysia_coprophila:2
seq75174_len1107_cov86	Bradysia coprophila:1	Bradysia_coprophila:1
seq69064_len93_cov473	Bradysia coprophila:1	Bradysia_coprophila:1
seq6584_len2321_cov150	Bradysia coprophila:1	Bradysia_coprophila:1
seq71382_len107_cov173	Bradysia coprophila:1	Bradysia_coprophila:1
seq72802_len92_cov145	Bradysia coprophila:2	Bradysia_coprophila:2
seq69186_len96_cov305	Bradysia coprophila:1	Bradysia_coprophila:1
seq72488_len251_cov86	Bradysia coprophila:2	Bradysia_coprophila:2
seq72218_len97_cov136	Bradysia coprophila:1	Bradysia_coprophila:1
seq73529_len349_cov114	Bradysia coprophila:1	Bradysia_coprophila:1
seq73251_len87_cov127	Bradysia coprophila:1	Bradysia_coprophila:1
seq75370_len239_cov155	Bradysia coprophila:1	Bradysia_coprophila:1
seq75059_len82_cov545	Bradysia coprophila:2	Bradysia_coprophila:2
seq73065_len120_cov132	Bradysia coprophila:1	Bradysia_coprophila:1
seq76177_len79_cov182	Bradysia coprophila:2	Bradysia_coprophila:2
seq75189_len2144_cov64	Bradysia coprophila:1	Bradysia_coprophila:1
seq73066_len79_cov7027	Bradysia coprophila:1	Bradysia_coprophila:1
seq70294_len79_cov64	Bradysia coprophila:1	Bradysia_coprophila:1
seq73685_len417_cov77	Bradysia coprophila:1	Bradysia_coprophila:1
seq69579_len155_cov177	Bradysia coprophila:3	Bradysia_coprophila:3
seq70163_len120_cov45	Bradysia coprophila:1	Bradysia_coprophila:1
seq68906_len220_cov50	Bradysia coprophila:1	Bradysia_coprophila:1
seq74177_len79_cov277	Bradysia coprophila:1	Bradysia_coprophila:1
seq74917_len81_cov205	Bradysia coprophila:1	Bradysia_coprophila:1
seq69356_len229_cov109	Bradysia coprophila:1	Bradysia_coprophila:1
seq73411_len80_cov141	Bradysia coprophila:1	Bradysia_coprophila:1
seq75268_len85_cov145	Bradysia coprophila:1	Bradysia_coprophila:1
seq73407_len107_cov282	Bradysia coprophila:1	Bradysia_coprophila:1
seq6387_len151_cov164	Bradysia coprophila:1	Bradysia_coprophila:1
seq76208_len79_cov200	Bradysia coprophila:2	Bradysia_coprophila:2
seq69179_len86_cov373	Bradysia coprophila:1	Bradysia_coprophila:1
seq75183_len1837_cov95	Bradysia coprophila:1	Bradysia_coprophila:1
seq75572_len87_cov282	Bradysia coprophila:2	Bradysia_coprophila:2
seq75178_len1922_cov127	Bradysia coprophila:1	Bradysia_coprophila:1
seq69336_len3390_cov109	Bradysia coprophila:1	Bradysia_coprophila:1
seq6366_len79_cov405	Bradysia coprophila:1	Bradysia_coprophila:1
seq74995_len2247_cov105	Bradysia coprophila:1	Bradysia_coprophila:1
seq6336_len83_cov709	Bradysia coprophila:2	Bradysia_coprophila:2
seq69744_len2784_cov136	Bradysia coprophila:1	Bradysia_coprophila:1
seq71931_len174_cov77	Bradysia coprophila:1	Bradysia_coprophila:1
seq75814_len84_cov1155	Bradysia coprophila:1	Bradysia_coprophila:1
seq70587_len82_cov286	Bradysia coprophila:2	Bradysia_coprophila:2
seq74916_len91_cov209	Bradysia coprophila:1	Bradysia_coprophila:1
seq71372_len96_cov318	Bradysia coprophila:1	Bradysia_coprophila:1
seq74200_len155_cov159	Bradysia coprophila:1	Bradysia_coprophila:1
seq76200_len152_cov200	Bradysia coprophila:2	Bradysia_coprophila:2
seq72226_len85_cov550	Bradysia coprophila:1	Bradysia_coprophila:1
seq69567_len124_cov118	Bradysia coprophila:1	Bradysia_coprophila:1
seq72128_len79_cov164	Bradysia coprophila:1	Bradysia_coprophila:1
seq74629_len156_cov59	Bradysia coprophila:1	Bradysia_coprophila:1
seq74915_len79_cov441	Bradysia coprophila:1	Bradysia_coprophila:1
seq75184_len387_cov105	Bradysia coprophila:1	Bradysia_coprophila:1
seq6233_len94_cov55	Bradysia coprophila:1	Bradysia_coprophila:1
seq71981_len95_cov18	Bradysia coprophila:2	Sciaridae:1	Bradysia:2	Phytosciara_flavipes:1	Bradysia_amoena:1	Bradysia_aprica:1	Bradysia_coprophila:2
seq72109_len108_cov41	Bradysia coprophila:2	Bradysia_coprophila:2
seq76058_len160_cov105	Bradysia coprophila:1	Bradysia_coprophila:1
seq70885_len83_cov50	Bradysia coprophila:1	Bradysia_coprophila:1
seq72690_len128_cov182	Bradysia coprophila:2	Bradysia_coprophila:2
seq75969_len135_cov236	Bradysia coprophila:1	Bradysia_coprophila:1
seq71650_len117_cov455	Bradysia coprophila:1	Bradysia_coprophila:1
seq74176_len88_cov182	Bradysia coprophila:1	Bradysia_coprophila:1
seq71811_len95_cov91	Bradysia coprophila:1	Bradysia_coprophila:1
seq75130_len167_cov164	Bradysia coprophila:2	Bradysia_coprophila:2
seq75382_len146_cov259	Bradysia coprophila:2	Bradysia_coprophila:2
seq75702_len1189_cov127	Bradysia coprophila:1	Bradysia_coprophila:1
seq76131_len79_cov300	Bradysia coprophila:5	Bradysia_coprophila:5
seq74048_len98_cov136	Bradysia coprophila:2	Bradysia_coprophila:2
seq74047_len83_cov1477	Bradysia coprophila:2	Bradysia_coprophila:2
seq75746_len126_cov105	Bradysia coprophila:1	Bradysia_coprophila:1
seq72220_len125_cov64	Bradysia coprophila:1	Bradysia_coprophila:1
seq75815_len1357_cov105	Bradysia coprophila:1	Bradysia_coprophila:1
seq75197_len3487_cov123	Bradysia coprophila:2	Bradysia_coprophila:2
seq69681_len105_cov136	Bradysia coprophila:1	Bradysia_coprophila:1
seq71000_len85_cov414	Bradysia coprophila:1	Bradysia_coprophila:1
seq74741_len84_cov1032	Bradysia coprophila:1	Bradysia_coprophila:1
seq69192_len108_cov364	Bradysia coprophila:1	Bradysia_coprophila:1
seq72540_len100_cov23	Bradysia coprophila:1	Bradysia_coprophila:1
seq6360_len80_cov205	Bradysia coprophila:1	Bradysia_coprophila:1
seq73213_len244_cov59	Bradysia coprophila:1	Bradysia_coprophila:1
seq69149_len170_cov164	Bradysia coprophila:2	Bradysia_coprophila:2
seq74194_len95_cov150	Bradysia coprophila:2	Bradysia_coprophila:2
seq71812_len88_cov45	Bradysia coprophila:1	Bradysia_coprophila:1
seq70824_len153_cov68	Bradysia coprophila:3	Bradysia_coprophila:3
seq69818_len230_cov73	Bradysia coprophila:2	Bradysia_coprophila:2
seq71813_len88_cov209	Bradysia coprophila:1	Bradysia_coprophila:1
seq6368_len90_cov45	Bradysia coprophila:1	Bradysia_coprophila:1
seq69624_len160_cov91	Bradysia coprophila:1	Bradysia_coprophila:1
seq72240_len83_cov1964	Bradysia coprophila:1	Bradysia_coprophila:1
seq75253_len851_cov118	Bradysia coprophila:1	Bradysia_coprophila:1
seq6556_len116_cov50	Bradysia coprophila:2	Bradysia_coprophila:2
seq70709_len81_cov445	Bradysia coprophila:2	Bradysia_coprophila:2
seq76032_len1178_cov91	Bradysia coprophila:1	Bradysia_coprophila:1
seq72760_len167_cov164	Bradysia coprophila:1	Bradysia_coprophila:1
seq76220_len82_cov409	Bradysia coprophila:2	Bradysia_coprophila:2
seq71522_len126_cov100	Bradysia coprophila:1	Bradysia_coprophila:1
seq72221_len156_cov168	Bradysia coprophila:1	Bradysia_coprophila:1
seq68811_len269_cov86	Bradysia coprophila:1	Bradysia_coprophila:1
seq75913_len148_cov191	Bradysia coprophila:2	Bradysia_coprophila:2
seq72530_len144_cov73	Bradysia coprophila:1	Bradysia_coprophila:1
seq74117_len86_cov327	Bradysia coprophila:1	Bradysia_coprophila:1
seq72519_len83_cov168	Bradysia coprophila:1	Bradysia_coprophila:1
seq71487_len80_cov264	Bradysia coprophila:1	Bradysia_coprophila:1
seq69798_len109_cov23	Bradysia coprophila:1	Bradysia_coprophila:1
seq73852_len1044_cov155	Bradysia coprophila:1	Bradysia_coprophila:1
seq6365_len81_cov77	Bradysia coprophila:1	Bradysia_coprophila:1
seq76214_len167_cov73	Bradysia coprophila:2	Bradysia_coprophila:2
seq68665_len237_cov91	Bradysia coprophila:2	Bradysia_coprophila:2
seq74918_len90_cov355	Bradysia coprophila:1	Bradysia_coprophila:1
seq71753_len119_cov200	Bradysia coprophila:5	Bradysia_coprophila:5
seq70820_len153_cov155	Bradysia coprophila:2	Bradysia_coprophila:2
seq71266_len121_cov73	Bradysia coprophila:1	Bradysia_coprophila:1
seq72795_len80_cov18	Bradysia coprophila:2	Bradysia_coprophila:2
seq71121_len79_cov3618	Bradysia coprophila:2	Bradysia_coprophila:2
seq74167_len154_cov150	Bradysia coprophila:1	Bradysia_coprophila:1
seq6364_len82_cov136	Bradysia coprophila:1	Bradysia_coprophila:1
seq6234_len94_cov132	Bradysia coprophila:1	Bradysia_coprophila:1
seq75258_len862_cov136	Bradysia coprophila:1	Bradysia_coprophila:1
seq75100_len92_cov314	Bradysia coprophila:1	Bradysia_coprophila:1
seq69756_len130_cov68	Bradysia coprophila:1	Bradysia_coprophila:1
seq73360_len92_cov36	Bradysia coprophila:2	Bradysia_coprophila:2
seq69439_len153_cov291	Bradysia coprophila:2	Bradysia_coprophila:2
seq72797_len134_cov73	Bradysia coprophila:1	Bradysia_coprophila:1
seq75254_len2574_cov136	Bradysia coprophila:1	Bradysia_coprophila:1
seq70226_len148_cov127	Bradysia coprophila:2	Bradysia_coprophila:2
seq70269_len573_cov127	Bradysia coprophila:3	Bradysia_coprophila:3
seq75859_len148_cov105	Bradysia coprophila:1	Bradysia_coprophila:1
seq75333_len81_cov95	Bradysia coprophila:1	Bradysia_coprophila:1
seq72480_len258_cov50	Bradysia coprophila:1	Bradysia_coprophila:1
seq72518_len86_cov159	Bradysia coprophila:1	Bradysia_coprophila:1
seq71001_len165_cov109	Bradysia coprophila:1	Bradysia_coprophila:1
seq68763_len102_cov377	Bradysia coprophila:2	Bradysia_coprophila:2
seq72792_len104_cov427	Bradysia coprophila:2	Bradysia_coprophila:2
seq70975_len147_cov64	Bradysia coprophila:2	Bradysia_coprophila:2
seq76243_len228_cov155	Bradysia coprophila:2	Bradysia_coprophila:2
seq75155_len918_cov77	Bradysia coprophila:1	Eukaryota:1	Metazoa:5	Diptera:2	Nicotiana_sylvestris:1	Strongyloides_venezuelensis:1	Drosophila_ananassae:1	Strongyloides_ratti:1	Bradysia_coprophila:1	Onchocerca_flexuosa:1	Bactrocera_cucurbitae:1	Strongyloides_stercoralis:1	Strongyloides_papillosus:1
seq68585_len217_cov127	Bradysia coprophila:2	Bradysia_coprophila:2
seq72222_len115_cov32	Bradysia coprophila:1	Bradysia_coprophila:1
seq76228_len150_cov168	Bradysia coprophila:2	Bradysia_coprophila:2
seq73096_len108_cov436	Bradysia coprophila:2	Bradysia_coprophila:2
seq70289_len115_cov300	Bradysia coprophila:1	Bradysia_coprophila:1
seq71413_len108_cov18	Bradysia coprophila:1	Sciaridae:3	Bradysia:1	Phytosciara_semiferruginea:1	Phytosciara_flavipes:1	Bradysia_amoena:1	Bradysia_coprophila:1	Phytosciara_ussuriensis:1
seq70882_len157_cov50	Bradysia coprophila:1	Bradysia_coprophila:1
seq73454_len125_cov118	Bradysia coprophila:1	Bradysia_coprophila:1
