unitig_0|quiver:812500-1255500	Bradysia coprophila	Bradysia_coprophila
unitig_0|quiver:812500-1255500	Bradysia coprophila	Bradysia_coprophila
unitig_0|quiver:812500-1255500	Bradysia coprophila	Bradysia_coprophila
unitig_0|quiver:812500-1255500	Bradysia coprophila	Bradysia_coprophila
unitig_0|quiver:812500-1255500	Bradysia coprophila	Bradysia_coprophila
unitig_0|quiver:812500-1255500	Bradysia coprophila	Bradysia_coprophila
unitig_0|quiver:812500-1255500	Bradysia coprophila	Bradysia_coprophila
unitig_0|quiver:812500-1255500	Bradysia coprophila	Bradysia_coprophila
unitig_0|quiver:812500-1255500	Bradysia coprophila	Bradysia_coprophila
unitig_0|quiver:812500-1255500	Bradysia coprophila	Bradysia_coprophila
unitig_0|quiver:812500-1255500	Bradysia coprophila	Bradysia_coprophila
unitig_0|quiver:812500-1255500	Bradysia coprophila	Bradysia_coprophila
unitig_0|quiver:812500-1255500	Bradysia coprophila	Bradysia_coprophila
unitig_0|quiver:812500-1255500	Bradysia coprophila	Bradysia_coprophila
unitig_0|quiver:812500-1255500	Bradysia coprophila	Bradysia_coprophila
unitig_0|quiver:812500-1255500	Bradysia coprophila	Bradysia_coprophila
unitig_0|quiver:812500-1255500	Bradysia coprophila	Bradysia_coprophila
unitig_0|quiver:812500-1255500	Bradysia coprophila	Bradysia_coprophila
unitig_0|quiver:812500-1255500	Bradysia coprophila	Bradysia_coprophila
unitig_0|quiver:812500-1255500	Diptera	Culex_quinquefasciatus
unitig_0|quiver:812500-1255500	Diptera	Culex_quinquefasciatus
unitig_0|quiver:812500-1255500	Diptera	Musca_domestica
unitig_0|quiver:812500-1255500	Diptera	Aedes_aegypti
unitig_0|quiver:812500-1255500	Diptera	Aedes_aegypti
unitig_0|quiver:812500-1255500	Diptera	Drosophila_willistoni
unitig_0|quiver:812500-1255500	Diptera	Anopheles_gambiae_str._PEST
unitig_0|quiver:812500-1255500	Diptera	Anopheles_gambiae_str._PEST
unitig_0|quiver:812500-1255500	Diptera	Anopheles_gambiae_str._PEST
unitig_0|quiver:812500-1255500	Diptera	Ceratitis_capitata
unitig_0|quiver:812500-1255500	Diptera	Ceratitis_capitata
unitig_0|quiver:812500-1255500	Diptera	Drosophila_miranda
unitig_0|quiver:812500-1255500	Diptera	Drosophila_pseudoobscura_pseudoobscura
unitig_0|quiver:1980500-2425673	Sciaridae	Rhynchosciara_americana
unitig_0|quiver:1980500-2425673	Bradysia coprophila	Bradysia_coprophila
unitig_0|quiver:1980500-2425673	Bradysia coprophila	Bradysia_coprophila
unitig_0|quiver:1980500-2425673	Bradysia coprophila	Bradysia_coprophila
unitig_0|quiver:1980500-2425673	Bradysia coprophila	Bradysia_coprophila
unitig_0|quiver:1980500-2425673	Bradysia coprophila	Bradysia_coprophila
unitig_0|quiver:1980500-2425673	Bradysia coprophila	Bradysia_coprophila
unitig_0|quiver:1980500-2425673	Bradysia coprophila	Bradysia_coprophila
unitig_0|quiver:1980500-2425673	Bradysia coprophila	Bradysia_coprophila
unitig_0|quiver:1980500-2425673	Bradysia coprophila	Bradysia_coprophila
unitig_0|quiver:1980500-2425673	Bradysia coprophila	Bradysia_coprophila
unitig_0|quiver:1980500-2425673	Bradysia coprophila	Bradysia_coprophila
unitig_0|quiver:1980500-2425673	Bradysia coprophila	Bradysia_coprophila
unitig_0|quiver:1980500-2425673	Bradysia coprophila	Bradysia_coprophila
unitig_0|quiver:1980500-2425673	Bradysia coprophila	Bradysia_coprophila
unitig_0|quiver:1980500-2425673	Bradysia coprophila	Bradysia_coprophila
unitig_0|quiver:1980500-2425673	Bradysia coprophila	Bradysia_coprophila
unitig_0|quiver:1980500-2425673	Bradysia coprophila	Bradysia_coprophila
unitig_0|quiver:1980500-2425673	Bradysia coprophila	Bradysia_coprophila
unitig_0|quiver:1980500-2425673	Bradysia coprophila	Bradysia_coprophila
unitig_0|quiver:1980500-2425673	Bradysia coprophila	Bradysia_coprophila
unitig_0|quiver:1980500-2425673	Bradysia coprophila	Bradysia_coprophila
unitig_0|quiver:1980500-2425673	Bradysia coprophila	Bradysia_coprophila
unitig_0|quiver:1980500-2425673	Bradysia coprophila	Bradysia_coprophila
unitig_0|quiver:1980500-2425673	Bradysia coprophila	Bradysia_coprophila
unitig_0|quiver:1980500-2425673	Bradysia coprophila	Bradysia_coprophila
unitig_0|quiver:1980500-2425673	Bradysia coprophila	Bradysia_coprophila
unitig_0|quiver:1980500-2425673	Bradysia coprophila	Bradysia_coprophila
unitig_0|quiver:1980500-2425673	Bradysia coprophila	Bradysia_coprophila
unitig_0|quiver:1980500-2425673	Bradysia coprophila	Bradysia_coprophila
unitig_0|quiver:1980500-2425673	Bradysia coprophila	Bradysia_coprophila
unitig_0|quiver:1980500-2425673	Bradysia coprophila	Bradysia_coprophila
unitig_0|quiver:1980500-2425673	Bradysia coprophila	Bradysia_coprophila
unitig_0|quiver:1980500-2425673	Bradysia coprophila	Bradysia_coprophila
unitig_0|quiver:1980500-2425673	Bradysia coprophila	Bradysia_coprophila
unitig_0|quiver:1980500-2425673	Bradysia coprophila	Bradysia_coprophila
unitig_0|quiver:1980500-2425673	Bradysia coprophila	Bradysia_coprophila
unitig_0|quiver:1980500-2425673	Bradysia coprophila	Bradysia_coprophila
unitig_0|quiver:1980500-2425673	Bradysia coprophila	Bradysia_coprophila
unitig_0|quiver:1980500-2425673	Diptera	Culex_quinquefasciatus
unitig_0|quiver:1980500-2425673	Diptera	Ceratitis_capitata
unitig_0|quiver:1980500-2425673	Diptera	Ceratitis_capitata
unitig_0|quiver:1980500-2425673	Diptera	Ceratitis_capitata
unitig_0|quiver:1980500-2425673	Diptera	Ceratitis_capitata
unitig_0|quiver:1980500-2425673	Diptera	Drosophila_grimshawi
unitig_0|quiver:1980500-2425673	Diptera	Drosophila_virilis
unitig_0|quiver:1980500-2425673	Diptera	Drosophila_mojavensis
unitig_1007|quiver:0-77116	Diptera	Ceratitis_capitata
unitig_1007|quiver:0-77116	Diptera	Ceratitis_capitata
unitig_1007|quiver:0-77116	Diptera	Ceratitis_capitata
unitig_1007|quiver:0-77116	Bradysia coprophila	Bradysia_coprophila
unitig_1007|quiver:0-77116	Bradysia coprophila	Bradysia_coprophila
unitig_1007|quiver:0-77116	Diptera	Culex_quinquefasciatus
unitig_1007|quiver:0-77116	Diptera	Drosophila_persimilis
unitig_1007|quiver:0-77116	Diptera	Drosophila_mojavensis
unitig_1007|quiver:0-77116	Diptera	Drosophila_virilis
unitig_1007|quiver:0-77116	Eukaryota	Malus_domestica
unitig_1007|quiver:0-77116	Eukaryota	Malus_domestica
unitig_1007|quiver:0-77116	Eukaryota	Malus_domestica
unitig_1011|quiver:69000-82500	Eukaryota	Gossypium_herbaceum
unitig_1011|quiver:69000-82500	Eukaryota	Gossypium_herbaceum
unitig_1011|quiver:69000-82500	Eukaryota	Gossypium_herbaceum
unitig_1011|quiver:69000-82500	Eukaryota	Gossypium_herbaceum
unitig_1011|quiver:69000-82500	Eukaryota	Gossypium_herbaceum
unitig_1011|quiver:69000-82500	Eukaryota	Botrytis_cinerea
unitig_1011|quiver:69000-82500	Eukaryota	Botrytis_cinerea
unitig_1011|quiver:69000-82500	Eukaryota	Botrytis_cinerea
unitig_1011|quiver:69000-82500	Eukaryota	Botrytis_cinerea
unitig_1011|quiver:69000-82500	Eukaryota	Botrytis_cinerea
unitig_1011|quiver:69000-82500	Eukaryota	Botrytis_cinerea
unitig_1011|quiver:69000-82500	Eukaryota	Botrytis_cinerea
unitig_1011|quiver:69000-82500	Eukaryota	Botrytis_cinerea
unitig_1011|quiver:69000-82500	Eukaryota	Botrytis_cinerea
unitig_1011|quiver:69000-82500	Eukaryota	Botrytis_cinerea
unitig_1011|quiver:69000-82500	Eukaryota	Botrytis_cinerea
unitig_1011|quiver:69000-82500	Eukaryota	Botrytis_cinerea
unitig_1011|quiver:69000-82500	Eukaryota	Gossypium_herbaceum
unitig_1011|quiver:69000-82500	Eukaryota	Gossypium_herbaceum
unitig_1011|quiver:69000-82500	Eukaryota	Gossypium_herbaceum
unitig_1011|quiver:69000-82500	Eukaryota	Gossypium_herbaceum
unitig_1011|quiver:69000-82500	Eukaryota	Gossypium_herbaceum
unitig_1011|quiver:69000-82500	Eukaryota	Gossypium_herbaceum
unitig_1011|quiver:69000-82500	Eukaryota	Gossypium_herbaceum
unitig_1011|quiver:69000-82500	Eukaryota	Gossypium_herbaceum
unitig_1011|quiver:69000-82500	Eukaryota	Gossypium_herbaceum
unitig_1011|quiver:69000-82500	Eukaryota	Gossypium_herbaceum
unitig_1011|quiver:69000-82500	Eukaryota	Gossypium_herbaceum
unitig_1011|quiver:69000-82500	Eukaryota	Gossypium_herbaceum
unitig_1011|quiver:69000-82500	Eukaryota	Gossypium_herbaceum
unitig_1011|quiver:69000-82500	Eukaryota	Gossypium_herbaceum
unitig_1011|quiver:69000-82500	Eukaryota	Gossypium_herbaceum
unitig_1011|quiver:69000-82500	Eukaryota	Gossypium_herbaceum
unitig_1011|quiver:69000-82500	Eukaryota	Gossypium_herbaceum
unitig_1011|quiver:69000-82500	Eukaryota	Gossypium_herbaceum
unitig_1011|quiver:69000-82500	Eukaryota	Gossypium_herbaceum
unitig_1011|quiver:69000-82500	Eukaryota	Gossypium_herbaceum
unitig_1011|quiver:69000-82500	Eukaryota	Gossypium_herbaceum
unitig_1011|quiver:69000-82500	Metazoa	Bos_taurus
unitig_1011|quiver:69000-82500	Eukaryota	Botrytis_cinerea
unitig_1011|quiver:69000-82500	Eukaryota	Botrytis_cinerea
unitig_1011|quiver:69000-82500	Eukaryota	Botrytis_cinerea
unitig_1011|quiver:69000-82500	Eukaryota	Botrytis_cinerea
unitig_1011|quiver:69000-82500	Eukaryota	Botrytis_cinerea
unitig_1011|quiver:69000-82500	Eukaryota	Botrytis_cinerea
unitig_1011|quiver:69000-82500	Eukaryota	Botrytis_cinerea
unitig_1011|quiver:69000-82500	Eukaryota	Botrytis_cinerea
unitig_1011|quiver:69000-82500	Eukaryota	Botrytis_cinerea
unitig_1011|quiver:69000-82500	Metazoa	Bos_taurus
unitig_1011|quiver:69000-82500	Metazoa	Bos_taurus
unitig_1011|quiver:69000-82500	Metazoa	Bos_taurus
unitig_1011|quiver:69000-82500	Metazoa	Bos_taurus
unitig_1011|quiver:69000-82500	Metazoa	Homo_sapiens
unitig_1011|quiver:69000-82500	Metazoa	Homo_sapiens
unitig_1032|quiver:0-92707	Diptera	Anopheles_gambiae_str._PEST
unitig_1032|quiver:0-92707	Bradysia coprophila	Bradysia_coprophila
unitig_1032|quiver:0-92707	Bradysia coprophila	Bradysia_coprophila
unitig_1032|quiver:0-92707	Bradysia coprophila	Bradysia_coprophila
unitig_1032|quiver:0-92707	Bradysia coprophila	Bradysia_coprophila
unitig_1032|quiver:0-92707	Diptera	Ceratitis_capitata
unitig_1032|quiver:0-92707	Diptera	Ceratitis_capitata
unitig_1032|quiver:0-92707	Diptera	Musca_domestica
unitig_1032|quiver:0-92707	Insecta	Tribolium_castaneum
unitig_1032|quiver:0-92707	Diptera	Drosophila_sechellia
unitig_1032|quiver:0-92707	Diptera	Drosophila_willistoni
unitig_1032|quiver:0-92707	Diptera	Drosophila_simulans
unitig_1032|quiver:0-92707	Diptera	Culex_quinquefasciatus
unitig_1032|quiver:0-92707	Diptera	Musca_domestica
unitig_1045|quiver:0-15220	Bradysia	Bradysia_amoena
unitig_1045|quiver:0-15220	Bradysia	Bradysia_amoena
unitig_1045|quiver:0-15220	Bradysia	Bradysia_amoena
unitig_1045|quiver:0-15220	Sciaridae	Schwenckfeldina_sp._MAB-2008
unitig_1045|quiver:0-15220	Sciaridae	Schwenckfeldina_sp._MAB-2008
unitig_1045|quiver:0-15220	Sciaridae	Schwenckfeldina_sp._MAB-2008
unitig_1045|quiver:0-15220	Diptera	Diadocidia_ferruginosa
unitig_1045|quiver:0-15220	Diptera	Diadocidia_ferruginosa
unitig_1045|quiver:0-15220	Diptera	Diadocidia_ferruginosa
unitig_1045|quiver:0-15220	Diptera	Diadocidia_ferruginosa
unitig_1045|quiver:0-15220	Diptera	Diadocidia_ferruginosa
unitig_1045|quiver:0-15220	Diptera	Diadocidia_ferruginosa
unitig_1045|quiver:0-15220	Bradysia	Bradysia_hygida
unitig_1045|quiver:0-15220	Bradysia	Bradysia_hygida
unitig_1045|quiver:0-15220	Bradysia	Bradysia_hygida
unitig_1045|quiver:0-15220	Diptera	Bolitophila_sp._BMW-2012
unitig_1045|quiver:0-15220	Diptera	Bolitophila_sp._BMW-2012
unitig_1045|quiver:0-15220	Diptera	Bolitophila_sp._BMW-2012
unitig_1045|quiver:0-15220	Diptera	Arachnocampa_flava
unitig_1045|quiver:0-15220	Diptera	Arachnocampa_flava
unitig_1045|quiver:0-15220	Diptera	Arachnocampa_flava
unitig_1045|quiver:0-15220	Diptera	Arachnocampa_flava
unitig_1045|quiver:0-15220	Diptera	Arachnocampa_flava
unitig_1045|quiver:0-15220	Diptera	Arachnocampa_flava
unitig_1045|quiver:0-15220	Bradysia	Bradysia_tilicola
unitig_1045|quiver:0-15220	Bradysia	Bradysia_tilicola
unitig_1045|quiver:0-15220	Bradysia	Bradysia_chlorocornea
unitig_1045|quiver:0-15220	Bradysia	Bradysia_chlorocornea
unitig_1047|quiver:0-9322	Bradysia	Bradysia_amoena
unitig_1047|quiver:0-9322	Bradysia	Bradysia_amoena
unitig_1047|quiver:0-9322	Sciaridae	Schwenckfeldina_sp._MAB-2008
unitig_1047|quiver:0-9322	Sciaridae	Schwenckfeldina_sp._MAB-2008
unitig_1047|quiver:0-9322	Bradysia	Bradysia_tilicola
unitig_1047|quiver:0-9322	Bradysia	Bradysia_hygida
unitig_1047|quiver:0-9322	Bradysia	Bradysia_hygida
unitig_1047|quiver:0-9322	Diptera	Diadocidia_ferruginosa
unitig_1047|quiver:0-9322	Diptera	Diadocidia_ferruginosa
unitig_1047|quiver:0-9322	Diptera	Diadocidia_ferruginosa
unitig_1047|quiver:0-9322	Diptera	Diadocidia_ferruginosa
unitig_1047|quiver:0-9322	Bradysia	Bradysia_chlorocornea
unitig_1047|quiver:0-9322	Bradysia	Bradysia_lapponica
unitig_1047|quiver:0-9322	Bradysia	Bradysia_longimentula
unitig_1047|quiver:0-9322	Sciaridae	Phytosciara_semiferruginea
unitig_1082|quiver:0-76456	Bradysia coprophila	Bradysia_coprophila
unitig_1082|quiver:0-76456	Bradysia coprophila	Bradysia_coprophila
unitig_1082|quiver:0-76456	Bradysia coprophila	Bradysia_coprophila
unitig_1082|quiver:0-76456	Bradysia coprophila	Bradysia_coprophila
unitig_1082|quiver:0-76456	Bradysia coprophila	Bradysia_coprophila
unitig_1082|quiver:0-76456	Bradysia coprophila	Bradysia_coprophila
unitig_1082|quiver:0-76456	Bradysia coprophila	Bradysia_coprophila
unitig_1082|quiver:0-76456	Bradysia coprophila	Bradysia_coprophila
unitig_1082|quiver:0-76456	Bradysia coprophila	Bradysia_coprophila
unitig_1082|quiver:0-76456	Bradysia coprophila	Bradysia_coprophila
unitig_1082|quiver:0-76456	Bradysia coprophila	Bradysia_coprophila
unitig_1082|quiver:0-76456	Bradysia coprophila	Bradysia_coprophila
unitig_1082|quiver:0-76456	Bradysia coprophila	Bradysia_coprophila
unitig_1082|quiver:0-76456	Bradysia coprophila	Bradysia_coprophila
unitig_1082|quiver:0-76456	Bradysia coprophila	Bradysia_coprophila
unitig_1082|quiver:0-76456	Bradysia coprophila	Bradysia_coprophila
unitig_1082|quiver:0-76456	Bradysia coprophila	Bradysia_coprophila
unitig_1082|quiver:0-76456	Bradysia coprophila	Bradysia_coprophila
unitig_1082|quiver:0-76456	Bradysia coprophila	Bradysia_coprophila
unitig_1082|quiver:0-76456	Bradysia coprophila	Bradysia_coprophila
unitig_1082|quiver:0-76456	Bradysia coprophila	Bradysia_coprophila
unitig_1082|quiver:0-76456	Bradysia coprophila	Bradysia_coprophila
unitig_1082|quiver:0-76456	Bradysia coprophila	Bradysia_coprophila
unitig_1082|quiver:0-76456	Bradysia coprophila	Bradysia_coprophila
unitig_1082|quiver:0-76456	Diptera	Drosophila_melanogaster
unitig_1082|quiver:0-76456	Diptera	Drosophila_melanogaster
unitig_1082|quiver:0-76456	Diptera	Drosophila_melanogaster
unitig_1082|quiver:0-76456	Diptera	Drosophila_melanogaster
unitig_1082|quiver:0-76456	Diptera	Drosophila_melanogaster
unitig_1082|quiver:0-76456	Diptera	Drosophila_melanogaster
unitig_1082|quiver:0-76456	Diptera	Drosophila_melanogaster
unitig_1082|quiver:0-76456	Diptera	Drosophila_melanogaster
unitig_1082|quiver:0-76456	Diptera	Drosophila_melanogaster
unitig_1082|quiver:0-76456	Diptera	Drosophila_melanogaster
unitig_1082|quiver:0-76456	Diptera	Drosophila_melanogaster
unitig_1082|quiver:0-76456	Diptera	Drosophila_melanogaster
unitig_1082|quiver:0-76456	Diptera	Drosophila_melanogaster
unitig_1082|quiver:0-76456	Diptera	Drosophila_melanogaster
unitig_1082|quiver:0-76456	Diptera	Drosophila_melanogaster
unitig_1082|quiver:0-76456	Diptera	Ceratitis_capitata
unitig_1082|quiver:0-76456	Diptera	Ceratitis_capitata
unitig_1082|quiver:0-76456	Diptera	Ceratitis_capitata
unitig_1082|quiver:0-76456	Diptera	Ceratitis_capitata
unitig_1082|quiver:0-76456	Diptera	Ceratitis_capitata
unitig_1082|quiver:0-76456	Diptera	Ceratitis_capitata
unitig_1082|quiver:0-76456	Diptera	Ceratitis_capitata
unitig_1082|quiver:0-76456	Diptera	Ceratitis_capitata
unitig_1082|quiver:0-76456	Diptera	Ceratitis_capitata
unitig_1082|quiver:0-76456	Diptera	Ceratitis_capitata
unitig_1082|quiver:0-76456	Diptera	Ceratitis_capitata
unitig_1082|quiver:0-76456	Diptera	Ceratitis_capitata
unitig_1082|quiver:0-76456	Diptera	Musca_domestica
unitig_1082|quiver:0-76456	Diptera	Musca_domestica
unitig_1082|quiver:0-76456	Diptera	Musca_domestica
unitig_1082|quiver:0-76456	Diptera	Musca_domestica
unitig_1082|quiver:0-76456	Diptera	Musca_domestica
unitig_1082|quiver:0-76456	Diptera	Musca_domestica
unitig_1082|quiver:0-76456	Diptera	Anopheles_gambiae_str._PEST
unitig_1082|quiver:0-76456	Diptera	Anopheles_gambiae_str._PEST
unitig_1082|quiver:0-76456	Diptera	Anopheles_gambiae_str._PEST
unitig_1082|quiver:0-76456	Diptera	Anopheles_gambiae_str._PEST
unitig_1082|quiver:0-76456	Diptera	Anopheles_gambiae_str._PEST
unitig_1082|quiver:0-76456	Diptera	Anopheles_gambiae_str._PEST
unitig_1082|quiver:0-76456	Diptera	Anopheles_gambiae_str._PEST
unitig_1082|quiver:0-76456	Diptera	Culex_quinquefasciatus
unitig_1082|quiver:0-76456	Diptera	Culex_quinquefasciatus
unitig_1082|quiver:0-76456	Diptera	Culex_quinquefasciatus
unitig_1082|quiver:0-76456	Diptera	Culex_quinquefasciatus
unitig_1082|quiver:0-76456	Diptera	Culex_quinquefasciatus
unitig_1082|quiver:0-76456	Diptera	Culex_quinquefasciatus
unitig_1082|quiver:0-76456	Diptera	Culex_quinquefasciatus
unitig_1082|quiver:0-76456	Diptera	Drosophila_grimshawi
unitig_1082|quiver:0-76456	Diptera	Drosophila_grimshawi
unitig_1082|quiver:0-76456	Diptera	Drosophila_grimshawi
unitig_1082|quiver:0-76456	Diptera	Drosophila_grimshawi
unitig_1082|quiver:0-76456	Diptera	Drosophila_grimshawi
unitig_1082|quiver:0-76456	Diptera	Drosophila_grimshawi
unitig_1104|quiver:0-75523	Bradysia coprophila	Bradysia_coprophila
unitig_1104|quiver:0-75523	Bradysia coprophila	Bradysia_coprophila
unitig_1104|quiver:0-75523	Bradysia coprophila	Bradysia_coprophila
unitig_1104|quiver:0-75523	Bradysia coprophila	Bradysia_coprophila
unitig_1104|quiver:0-75523	Bradysia coprophila	Bradysia_coprophila
unitig_1104|quiver:0-75523	Bradysia coprophila	Bradysia_coprophila
unitig_1104|quiver:0-75523	Bradysia coprophila	Bradysia_coprophila
unitig_1104|quiver:0-75523	Bradysia coprophila	Bradysia_coprophila
unitig_1104|quiver:0-75523	Bradysia coprophila	Bradysia_coprophila
unitig_1104|quiver:0-75523	Bradysia coprophila	Bradysia_coprophila
unitig_1104|quiver:0-75523	Bradysia coprophila	Bradysia_coprophila
unitig_1104|quiver:0-75523	Bradysia coprophila	Bradysia_coprophila
unitig_1104|quiver:0-75523	Bradysia coprophila	Bradysia_coprophila
unitig_1104|quiver:0-75523	Bradysia coprophila	Bradysia_coprophila
unitig_1104|quiver:0-75523	Bradysia coprophila	Bradysia_coprophila
unitig_1104|quiver:0-75523	Bradysia coprophila	Bradysia_coprophila
unitig_1104|quiver:0-75523	Bradysia coprophila	Bradysia_coprophila
unitig_1104|quiver:0-75523	Bradysia coprophila	Bradysia_coprophila
unitig_1104|quiver:0-75523	Bradysia coprophila	Bradysia_coprophila
unitig_1104|quiver:0-75523	Bradysia coprophila	Bradysia_coprophila
unitig_1104|quiver:0-75523	Bradysia coprophila	Bradysia_coprophila
unitig_1104|quiver:0-75523	Bradysia coprophila	Bradysia_coprophila
unitig_1104|quiver:0-75523	Bradysia coprophila	Bradysia_coprophila
unitig_1104|quiver:0-75523	Bradysia coprophila	Bradysia_coprophila
unitig_1104|quiver:0-75523	Bradysia coprophila	Bradysia_coprophila
unitig_1104|quiver:0-75523	Bradysia coprophila	Bradysia_coprophila
unitig_1104|quiver:0-75523	Bradysia coprophila	Bradysia_coprophila
unitig_1104|quiver:0-75523	Bradysia coprophila	Bradysia_coprophila
unitig_1104|quiver:0-75523	Diptera	Drosophila_erecta
unitig_1104|quiver:0-75523	Diptera	Drosophila_yakuba
unitig_1104|quiver:0-75523	Diptera	Anopheles_gambiae_str._PEST
unitig_1104|quiver:0-75523	Diptera	Drosophila_melanogaster
unitig_1104|quiver:0-75523	Diptera	Drosophila_melanogaster
unitig_1104|quiver:0-75523	Diptera	Drosophila_virilis
unitig_1104|quiver:0-75523	Diptera	Aedes_aegypti
unitig_1121|quiver:0-87136	Bradysia coprophila	Bradysia_coprophila
unitig_1121|quiver:0-87136	Bradysia coprophila	Bradysia_coprophila
unitig_1121|quiver:0-87136	Bradysia coprophila	Bradysia_coprophila
unitig_1121|quiver:0-87136	Bradysia coprophila	Bradysia_coprophila
unitig_1121|quiver:0-87136	Diptera	Ceratitis_capitata
unitig_1121|quiver:0-87136	Diptera	Drosophila_willistoni
unitig_1121|quiver:0-87136	Metazoa	Saccoglossus_kowalevskii
unitig_116|quiver:95500-389500	Bradysia coprophila	Bradysia_coprophila
unitig_116|quiver:95500-389500	Bradysia coprophila	Bradysia_coprophila
unitig_116|quiver:95500-389500	Bradysia coprophila	Bradysia_coprophila
unitig_116|quiver:95500-389500	Bradysia coprophila	Bradysia_coprophila
unitig_116|quiver:95500-389500	Bradysia coprophila	Bradysia_coprophila
unitig_116|quiver:95500-389500	Bradysia coprophila	Bradysia_coprophila
unitig_116|quiver:95500-389500	Bradysia coprophila	Bradysia_coprophila
unitig_116|quiver:95500-389500	Bradysia coprophila	Bradysia_coprophila
unitig_116|quiver:95500-389500	Bradysia coprophila	Bradysia_coprophila
unitig_116|quiver:95500-389500	Bradysia coprophila	Bradysia_coprophila
unitig_116|quiver:95500-389500	Bradysia coprophila	Bradysia_coprophila
unitig_116|quiver:95500-389500	Bradysia coprophila	Bradysia_coprophila
unitig_116|quiver:95500-389500	Bradysia coprophila	Bradysia_coprophila
unitig_116|quiver:95500-389500	Bradysia coprophila	Bradysia_coprophila
unitig_116|quiver:95500-389500	Bradysia coprophila	Bradysia_coprophila
unitig_116|quiver:95500-389500	Bradysia coprophila	Bradysia_coprophila
unitig_116|quiver:95500-389500	Bradysia coprophila	Bradysia_coprophila
unitig_116|quiver:95500-389500	Bradysia coprophila	Bradysia_coprophila
unitig_116|quiver:95500-389500	Bradysia coprophila	Bradysia_coprophila
unitig_116|quiver:95500-389500	Bradysia coprophila	Bradysia_coprophila
unitig_116|quiver:95500-389500	Bradysia coprophila	Bradysia_coprophila
unitig_116|quiver:95500-389500	Bradysia coprophila	Bradysia_coprophila
unitig_116|quiver:95500-389500	Bradysia coprophila	Bradysia_coprophila
unitig_116|quiver:95500-389500	Bradysia coprophila	Bradysia_coprophila
unitig_116|quiver:95500-389500	Bradysia coprophila	Bradysia_coprophila
unitig_116|quiver:95500-389500	Bradysia coprophila	Bradysia_coprophila
unitig_116|quiver:95500-389500	Bradysia coprophila	Bradysia_coprophila
unitig_116|quiver:95500-389500	Bradysia coprophila	Bradysia_coprophila
unitig_116|quiver:95500-389500	Bradysia coprophila	Bradysia_coprophila
unitig_116|quiver:95500-389500	Bradysia coprophila	Bradysia_coprophila
unitig_116|quiver:95500-389500	Bradysia coprophila	Bradysia_coprophila
unitig_116|quiver:95500-389500	Bradysia coprophila	Bradysia_coprophila
unitig_116|quiver:95500-389500	Bradysia coprophila	Bradysia_coprophila
unitig_116|quiver:95500-389500	Bradysia coprophila	Bradysia_coprophila
unitig_116|quiver:95500-389500	Bradysia coprophila	Bradysia_coprophila
unitig_116|quiver:95500-389500	Bradysia coprophila	Bradysia_coprophila
unitig_116|quiver:95500-389500	Bradysia coprophila	Bradysia_coprophila
unitig_116|quiver:95500-389500	Bradysia coprophila	Bradysia_coprophila
unitig_116|quiver:95500-389500	Bradysia coprophila	Bradysia_coprophila
unitig_116|quiver:95500-389500	Bradysia coprophila	Bradysia_coprophila
unitig_116|quiver:95500-389500	Bradysia coprophila	Bradysia_coprophila
unitig_116|quiver:95500-389500	Bradysia coprophila	Bradysia_coprophila
unitig_116|quiver:95500-389500	Bradysia coprophila	Bradysia_coprophila
unitig_116|quiver:95500-389500	Bradysia coprophila	Bradysia_coprophila
unitig_116|quiver:95500-389500	Bradysia coprophila	Bradysia_coprophila
unitig_116|quiver:95500-389500	Bradysia coprophila	Bradysia_coprophila
unitig_116|quiver:95500-389500	Bradysia coprophila	Bradysia_coprophila
unitig_116|quiver:95500-389500	Bradysia coprophila	Bradysia_coprophila
unitig_116|quiver:95500-389500	Bradysia coprophila	Bradysia_coprophila
unitig_116|quiver:95500-389500	Bradysia coprophila	Bradysia_coprophila
unitig_116|quiver:95500-389500	Bradysia coprophila	Bradysia_coprophila
unitig_116|quiver:95500-389500	Bradysia coprophila	Bradysia_coprophila
unitig_116|quiver:95500-389500	Bradysia coprophila	Bradysia_coprophila
unitig_116|quiver:95500-389500	Bradysia coprophila	Bradysia_coprophila
unitig_116|quiver:95500-389500	Bradysia coprophila	Bradysia_coprophila
unitig_116|quiver:95500-389500	Bradysia coprophila	Bradysia_coprophila
unitig_116|quiver:95500-389500	Bradysia coprophila	Bradysia_coprophila
unitig_116|quiver:95500-389500	Bradysia coprophila	Bradysia_coprophila
unitig_116|quiver:95500-389500	Bradysia coprophila	Bradysia_coprophila
unitig_116|quiver:95500-389500	Bradysia coprophila	Bradysia_coprophila
unitig_116|quiver:95500-389500	Bradysia coprophila	Bradysia_coprophila
unitig_116|quiver:95500-389500	Metazoa	Caenorhabditis_elegans
unitig_116|quiver:95500-389500	Metazoa	Caenorhabditis_elegans
unitig_116|quiver:95500-389500	Metazoa	Caenorhabditis_elegans
unitig_116|quiver:95500-389500	Metazoa	Caenorhabditis_elegans
unitig_116|quiver:95500-389500	Metazoa	Caenorhabditis_elegans
unitig_116|quiver:95500-389500	Metazoa	Caenorhabditis_elegans
unitig_116|quiver:95500-389500	Metazoa	Caenorhabditis_elegans
unitig_116|quiver:95500-389500	Metazoa	Caenorhabditis_elegans
unitig_116|quiver:95500-389500	Metazoa	Caenorhabditis_elegans
unitig_116|quiver:95500-389500	Metazoa	Caenorhabditis_elegans
unitig_116|quiver:95500-389500	Metazoa	Caenorhabditis_elegans
unitig_116|quiver:95500-389500	Metazoa	Caenorhabditis_elegans
unitig_116|quiver:95500-389500	Metazoa	Caenorhabditis_elegans
unitig_116|quiver:95500-389500	Metazoa	Caenorhabditis_elegans
unitig_116|quiver:95500-389500	Metazoa	Caenorhabditis_elegans
unitig_116|quiver:95500-389500	Metazoa	Caenorhabditis_elegans
unitig_116|quiver:95500-389500	Metazoa	Caenorhabditis_elegans
unitig_116|quiver:95500-389500	Metazoa	Caenorhabditis_elegans
unitig_116|quiver:95500-389500	Metazoa	Caenorhabditis_elegans
unitig_116|quiver:95500-389500	Metazoa	Caenorhabditis_elegans
unitig_116|quiver:95500-389500	Metazoa	Caenorhabditis_elegans
unitig_116|quiver:95500-389500	Metazoa	Caenorhabditis_elegans
unitig_116|quiver:95500-389500	Metazoa	Caenorhabditis_elegans
unitig_116|quiver:95500-389500	Metazoa	Caenorhabditis_elegans
unitig_116|quiver:95500-389500	Metazoa	Caenorhabditis_elegans
unitig_116|quiver:95500-389500	Metazoa	Caenorhabditis_elegans
unitig_116|quiver:95500-389500	Metazoa	Caenorhabditis_elegans
unitig_116|quiver:95500-389500	Metazoa	Caenorhabditis_elegans
unitig_116|quiver:95500-389500	Metazoa	Caenorhabditis_elegans
unitig_116|quiver:95500-389500	Metazoa	Caenorhabditis_elegans
unitig_116|quiver:95500-389500	Metazoa	Caenorhabditis_elegans
unitig_116|quiver:95500-389500	Metazoa	Caenorhabditis_elegans
unitig_116|quiver:95500-389500	Metazoa	Caenorhabditis_elegans
unitig_116|quiver:95500-389500	Metazoa	Caenorhabditis_elegans
unitig_116|quiver:95500-389500	Metazoa	Caenorhabditis_elegans
unitig_116|quiver:95500-389500	Metazoa	Caenorhabditis_elegans
unitig_116|quiver:95500-389500	Metazoa	Caenorhabditis_elegans
unitig_116|quiver:95500-389500	Metazoa	Caenorhabditis_elegans
unitig_116|quiver:95500-389500	Metazoa	Caenorhabditis_elegans
unitig_116|quiver:95500-389500	Metazoa	Caenorhabditis_elegans
unitig_116|quiver:95500-389500	Metazoa	Caenorhabditis_elegans
unitig_116|quiver:95500-389500	Metazoa	Caenorhabditis_elegans
unitig_116|quiver:95500-389500	Metazoa	Caenorhabditis_elegans
unitig_116|quiver:95500-389500	Metazoa	Caenorhabditis_elegans
unitig_116|quiver:95500-389500	Metazoa	Caenorhabditis_elegans
unitig_116|quiver:95500-389500	Metazoa	Caenorhabditis_elegans
unitig_116|quiver:95500-389500	Metazoa	Caenorhabditis_elegans
unitig_116|quiver:95500-389500	Metazoa	Caenorhabditis_elegans
unitig_116|quiver:95500-389500	Metazoa	Caenorhabditis_elegans
unitig_116|quiver:95500-389500	Metazoa	Caenorhabditis_elegans
unitig_116|quiver:95500-389500	Metazoa	Caenorhabditis_elegans
unitig_116|quiver:95500-389500	Metazoa	Caenorhabditis_elegans
unitig_116|quiver:95500-389500	Metazoa	Caenorhabditis_elegans
unitig_116|quiver:95500-389500	Metazoa	Caenorhabditis_elegans
unitig_116|quiver:95500-389500	Metazoa	Caenorhabditis_elegans
unitig_116|quiver:95500-389500	Metazoa	Caenorhabditis_elegans
unitig_116|quiver:95500-389500	Metazoa	Caenorhabditis_elegans
unitig_116|quiver:95500-389500	Metazoa	Caenorhabditis_elegans
unitig_116|quiver:95500-389500	Metazoa	Caenorhabditis_elegans
unitig_116|quiver:95500-389500	Metazoa	Caenorhabditis_elegans
unitig_116|quiver:95500-389500	Metazoa	Caenorhabditis_elegans
unitig_116|quiver:95500-389500	Metazoa	Caenorhabditis_elegans
unitig_116|quiver:95500-389500	Metazoa	Caenorhabditis_elegans
unitig_116|quiver:95500-389500	Metazoa	Caenorhabditis_elegans
unitig_116|quiver:95500-389500	Metazoa	Caenorhabditis_elegans
unitig_116|quiver:95500-389500	Metazoa	Caenorhabditis_elegans
unitig_116|quiver:95500-389500	Metazoa	Caenorhabditis_elegans
unitig_116|quiver:95500-389500	Metazoa	Caenorhabditis_elegans
unitig_116|quiver:95500-389500	Metazoa	Caenorhabditis_elegans
unitig_116|quiver:95500-389500	Metazoa	Caenorhabditis_elegans
unitig_116|quiver:95500-389500	Metazoa	Caenorhabditis_elegans
unitig_116|quiver:95500-389500	Metazoa	Caenorhabditis_elegans
unitig_116|quiver:95500-389500	Metazoa	Caenorhabditis_elegans
unitig_116|quiver:95500-389500	Metazoa	Caenorhabditis_elegans
unitig_116|quiver:95500-389500	Metazoa	Caenorhabditis_elegans
unitig_116|quiver:95500-389500	Metazoa	Caenorhabditis_elegans
unitig_116|quiver:95500-389500	Metazoa	Caenorhabditis_elegans
unitig_116|quiver:95500-389500	Metazoa	Caenorhabditis_elegans
unitig_116|quiver:95500-389500	Metazoa	Caenorhabditis_elegans
unitig_116|quiver:95500-389500	Metazoa	Caenorhabditis_elegans
unitig_116|quiver:95500-389500	Metazoa	Caenorhabditis_elegans
unitig_116|quiver:95500-389500	Metazoa	Caenorhabditis_elegans
unitig_116|quiver:95500-389500	Metazoa	Caenorhabditis_elegans
unitig_116|quiver:95500-389500	Metazoa	Caenorhabditis_elegans
unitig_116|quiver:95500-389500	Metazoa	Caenorhabditis_elegans
unitig_116|quiver:95500-389500	Metazoa	Caenorhabditis_elegans
unitig_116|quiver:95500-389500	Metazoa	Caenorhabditis_elegans
unitig_116|quiver:95500-389500	Metazoa	Caenorhabditis_elegans
unitig_116|quiver:95500-389500	Metazoa	Caenorhabditis_elegans
unitig_116|quiver:95500-389500	Metazoa	Caenorhabditis_elegans
unitig_116|quiver:95500-389500	Metazoa	Caenorhabditis_elegans
unitig_116|quiver:95500-389500	Metazoa	Caenorhabditis_elegans
unitig_116|quiver:95500-389500	Metazoa	Caenorhabditis_elegans
unitig_116|quiver:95500-389500	Metazoa	Caenorhabditis_elegans
unitig_116|quiver:95500-389500	Metazoa	Caenorhabditis_elegans
unitig_116|quiver:95500-389500	Metazoa	Caenorhabditis_elegans
unitig_116|quiver:95500-389500	Metazoa	Caenorhabditis_elegans
unitig_116|quiver:95500-389500	Metazoa	Caenorhabditis_elegans
unitig_116|quiver:95500-389500	Metazoa	Caenorhabditis_elegans
unitig_116|quiver:95500-389500	Metazoa	Caenorhabditis_elegans
unitig_116|quiver:95500-389500	Metazoa	Caenorhabditis_elegans
unitig_116|quiver:95500-389500	Metazoa	Caenorhabditis_elegans
unitig_116|quiver:95500-389500	Metazoa	Caenorhabditis_elegans
unitig_116|quiver:95500-389500	Metazoa	Caenorhabditis_elegans
unitig_116|quiver:95500-389500	Metazoa	Caenorhabditis_elegans
unitig_116|quiver:95500-389500	Metazoa	Caenorhabditis_elegans
unitig_116|quiver:95500-389500	Metazoa	Caenorhabditis_elegans
unitig_116|quiver:95500-389500	Metazoa	Caenorhabditis_elegans
unitig_116|quiver:95500-389500	Metazoa	Caenorhabditis_elegans
unitig_116|quiver:95500-389500	Metazoa	Caenorhabditis_elegans
unitig_116|quiver:95500-389500	Metazoa	Caenorhabditis_elegans
unitig_116|quiver:95500-389500	Metazoa	Caenorhabditis_elegans
unitig_116|quiver:95500-389500	Metazoa	Caenorhabditis_elegans
unitig_116|quiver:95500-389500	Metazoa	Caenorhabditis_elegans
unitig_116|quiver:95500-389500	Metazoa	Caenorhabditis_elegans
unitig_116|quiver:95500-389500	Metazoa	Caenorhabditis_elegans
unitig_116|quiver:95500-389500	Metazoa	Caenorhabditis_elegans
unitig_116|quiver:95500-389500	Metazoa	Caenorhabditis_elegans
unitig_116|quiver:95500-389500	Metazoa	Caenorhabditis_elegans
unitig_116|quiver:95500-389500	Metazoa	Caenorhabditis_elegans
unitig_116|quiver:95500-389500	Metazoa	Caenorhabditis_elegans
unitig_116|quiver:95500-389500	Metazoa	Caenorhabditis_elegans
unitig_116|quiver:95500-389500	Metazoa	Caenorhabditis_elegans
unitig_116|quiver:95500-389500	Metazoa	Caenorhabditis_elegans
unitig_116|quiver:95500-389500	Metazoa	Caenorhabditis_elegans
unitig_116|quiver:95500-389500	Metazoa	Caenorhabditis_elegans
unitig_116|quiver:95500-389500	Metazoa	Caenorhabditis_elegans
unitig_116|quiver:95500-389500	Metazoa	Caenorhabditis_elegans
unitig_116|quiver:95500-389500	Metazoa	Caenorhabditis_elegans
unitig_116|quiver:95500-389500	Metazoa	Caenorhabditis_elegans
unitig_116|quiver:95500-389500	Metazoa	Caenorhabditis_elegans
unitig_116|quiver:95500-389500	Metazoa	Caenorhabditis_elegans
unitig_116|quiver:95500-389500	Metazoa	Caenorhabditis_elegans
unitig_116|quiver:95500-389500	Metazoa	Caenorhabditis_briggsae
unitig_116|quiver:95500-389500	Metazoa	Caenorhabditis_briggsae
unitig_116|quiver:95500-389500	Metazoa	Caenorhabditis_briggsae
unitig_116|quiver:95500-389500	Metazoa	Caenorhabditis_briggsae
unitig_116|quiver:95500-389500	Metazoa	Caenorhabditis_briggsae
unitig_116|quiver:95500-389500	Metazoa	Caenorhabditis_briggsae
unitig_116|quiver:95500-389500	Metazoa	Caenorhabditis_briggsae
unitig_116|quiver:95500-389500	Metazoa	Caenorhabditis_briggsae
unitig_116|quiver:95500-389500	Metazoa	Nematostella_vectensis
unitig_116|quiver:95500-389500	Metazoa	Nematostella_vectensis
unitig_116|quiver:95500-389500	Metazoa	Nematostella_vectensis
unitig_116|quiver:95500-389500	Metazoa	Nematostella_vectensis
unitig_116|quiver:95500-389500	Metazoa	Nematostella_vectensis
unitig_116|quiver:95500-389500	Metazoa	Nematostella_vectensis
unitig_116|quiver:95500-389500	Metazoa	Nematostella_vectensis
unitig_116|quiver:95500-389500	Metazoa	Nematostella_vectensis
unitig_116|quiver:95500-389500	Metazoa	Nematostella_vectensis
unitig_116|quiver:95500-389500	Metazoa	Nematostella_vectensis
unitig_116|quiver:95500-389500	Metazoa	Nematostella_vectensis
unitig_116|quiver:95500-389500	Metazoa	Nematostella_vectensis
unitig_116|quiver:95500-389500	Metazoa	Nematostella_vectensis
unitig_116|quiver:95500-389500	Metazoa	Nematostella_vectensis
unitig_116|quiver:95500-389500	Metazoa	Nematostella_vectensis
unitig_116|quiver:95500-389500	Metazoa	Nematostella_vectensis
unitig_116|quiver:95500-389500	Metazoa	Nematostella_vectensis
unitig_116|quiver:95500-389500	Metazoa	Nematostella_vectensis
unitig_116|quiver:95500-389500	Metazoa	Nematostella_vectensis
unitig_116|quiver:95500-389500	Metazoa	Nematostella_vectensis
unitig_116|quiver:95500-389500	Diptera	Aedes_aegypti
unitig_116|quiver:95500-389500	Diptera	Aedes_aegypti
unitig_116|quiver:95500-389500	Diptera	Aedes_aegypti
unitig_116|quiver:95500-389500	Diptera	Aedes_aegypti
unitig_116|quiver:95500-389500	Diptera	Aedes_aegypti
unitig_116|quiver:95500-389500	Diptera	Aedes_aegypti
unitig_116|quiver:95500-389500	Diptera	Aedes_aegypti
unitig_116|quiver:95500-389500	Diptera	Aedes_aegypti
unitig_116|quiver:95500-389500	Metazoa	Danio_rerio
unitig_116|quiver:95500-389500	Metazoa	Danio_rerio
unitig_116|quiver:95500-389500	Metazoa	Danio_rerio
unitig_116|quiver:95500-389500	Metazoa	Danio_rerio
unitig_116|quiver:95500-389500	Metazoa	Danio_rerio
unitig_116|quiver:95500-389500	Metazoa	Danio_rerio
unitig_116|quiver:95500-389500	Metazoa	Danio_rerio
unitig_116|quiver:95500-389500	Metazoa	Danio_rerio
unitig_116|quiver:95500-389500	Metazoa	Danio_rerio
unitig_116|quiver:95500-389500	Metazoa	Danio_rerio
unitig_116|quiver:95500-389500	Metazoa	Danio_rerio
unitig_116|quiver:95500-389500	Metazoa	Caenorhabditis_elegans
unitig_116|quiver:95500-389500	Metazoa	Caenorhabditis_elegans
unitig_116|quiver:95500-389500	Metazoa	Caenorhabditis_elegans
unitig_116|quiver:95500-389500	Metazoa	Caenorhabditis_elegans
unitig_116|quiver:95500-389500	Metazoa	Caenorhabditis_elegans
unitig_116|quiver:95500-389500	Metazoa	Caenorhabditis_elegans
unitig_116|quiver:95500-389500	Metazoa	Caenorhabditis_elegans
unitig_116|quiver:95500-389500	Metazoa	Caenorhabditis_elegans
unitig_116|quiver:512000-537000	Bradysia coprophila	Bradysia_coprophila
unitig_116|quiver:512000-537000	Bradysia coprophila	Bradysia_coprophila
unitig_116|quiver:512000-537000	Bradysia coprophila	Bradysia_coprophila
unitig_116|quiver:512000-537000	Bradysia coprophila	Bradysia_coprophila
unitig_116|quiver:512000-537000	Diptera	Drosophila_grimshawi
unitig_116|quiver:512000-537000	Diptera	Drosophila_erecta
unitig_1181|quiver:0-15123	Bradysia	Bradysia_amoena
unitig_1181|quiver:0-15123	Bradysia	Bradysia_amoena
unitig_1181|quiver:0-15123	Bradysia	Bradysia_amoena
unitig_1181|quiver:0-15123	Sciaridae	Schwenckfeldina_sp._MAB-2008
unitig_1181|quiver:0-15123	Sciaridae	Schwenckfeldina_sp._MAB-2008
unitig_1181|quiver:0-15123	Sciaridae	Schwenckfeldina_sp._MAB-2008
unitig_1181|quiver:0-15123	Diptera	Diadocidia_ferruginosa
unitig_1181|quiver:0-15123	Diptera	Diadocidia_ferruginosa
unitig_1181|quiver:0-15123	Diptera	Diadocidia_ferruginosa
unitig_1181|quiver:0-15123	Diptera	Diadocidia_ferruginosa
unitig_1181|quiver:0-15123	Diptera	Diadocidia_ferruginosa
unitig_1181|quiver:0-15123	Diptera	Diadocidia_ferruginosa
unitig_1181|quiver:0-15123	Bradysia	Bradysia_hygida
unitig_1181|quiver:0-15123	Bradysia	Bradysia_hygida
unitig_1181|quiver:0-15123	Bradysia	Bradysia_hygida
unitig_1181|quiver:0-15123	Diptera	Bolitophila_sp._BMW-2012
unitig_1181|quiver:0-15123	Diptera	Bolitophila_sp._BMW-2012
unitig_1181|quiver:0-15123	Diptera	Bolitophila_sp._BMW-2012
unitig_1181|quiver:0-15123	Diptera	Arachnocampa_flava
unitig_1181|quiver:0-15123	Diptera	Arachnocampa_flava
unitig_1181|quiver:0-15123	Diptera	Arachnocampa_flava
unitig_1181|quiver:0-15123	Diptera	Arachnocampa_flava
unitig_1181|quiver:0-15123	Diptera	Arachnocampa_flava
unitig_1181|quiver:0-15123	Diptera	Arachnocampa_flava
unitig_1181|quiver:0-15123	Bradysia coprophila	Bradysia_coprophila
unitig_1181|quiver:0-15123	Bradysia	Bradysia_tilicola
unitig_1211|quiver:52000-87329	Bradysia coprophila	Bradysia_coprophila
unitig_1211|quiver:52000-87329	Bradysia coprophila	Bradysia_coprophila
unitig_1211|quiver:52000-87329	Bradysia coprophila	Bradysia_coprophila
unitig_1211|quiver:52000-87329	Bradysia coprophila	Bradysia_coprophila
unitig_1211|quiver:52000-87329	Bradysia coprophila	Bradysia_coprophila
unitig_1211|quiver:52000-87329	Bradysia coprophila	Bradysia_coprophila
unitig_1211|quiver:52000-87329	Bradysia coprophila	Bradysia_coprophila
unitig_1211|quiver:52000-87329	Bradysia coprophila	Bradysia_coprophila
unitig_1211|quiver:52000-87329	Bradysia coprophila	Bradysia_coprophila
unitig_1211|quiver:52000-87329	Bradysia coprophila	Bradysia_coprophila
unitig_1221|quiver:0-54750	Bradysia coprophila	Bradysia_coprophila
unitig_1221|quiver:0-54750	Bradysia coprophila	Bradysia_coprophila
unitig_1221|quiver:0-54750	Bradysia coprophila	Bradysia_coprophila
unitig_1221|quiver:0-54750	Bradysia coprophila	Bradysia_coprophila
unitig_1221|quiver:0-54750	Bradysia coprophila	Bradysia_coprophila
unitig_1221|quiver:0-54750	Bradysia coprophila	Bradysia_coprophila
unitig_1221|quiver:0-54750	Bradysia coprophila	Bradysia_coprophila
unitig_1221|quiver:0-54750	Bradysia coprophila	Bradysia_coprophila
unitig_1221|quiver:0-54750	Bradysia coprophila	Bradysia_coprophila
unitig_1221|quiver:0-54750	Bradysia coprophila	Bradysia_coprophila
unitig_1221|quiver:0-54750	Bradysia coprophila	Bradysia_coprophila
unitig_1221|quiver:0-54750	Bradysia coprophila	Bradysia_coprophila
unitig_1221|quiver:0-54750	Bradysia coprophila	Bradysia_coprophila
unitig_1221|quiver:0-54750	Diptera	Drosophila_melanogaster
unitig_1221|quiver:0-54750	Diptera	Drosophila_melanogaster
unitig_1221|quiver:0-54750	Diptera	Drosophila_melanogaster
unitig_1221|quiver:0-54750	Diptera	Drosophila_melanogaster
unitig_1221|quiver:0-54750	Diptera	Drosophila_melanogaster
unitig_1221|quiver:0-54750	Diptera	Drosophila_melanogaster
unitig_1221|quiver:0-54750	Diptera	Drosophila_melanogaster
unitig_1221|quiver:0-54750	Diptera	Drosophila_melanogaster
unitig_1221|quiver:0-54750	Diptera	Drosophila_melanogaster
unitig_1221|quiver:0-54750	Diptera	Drosophila_melanogaster
unitig_1221|quiver:0-54750	Diptera	Drosophila_melanogaster
unitig_1221|quiver:0-54750	Diptera	Drosophila_melanogaster
unitig_1221|quiver:0-54750	Diptera	Drosophila_melanogaster
unitig_1221|quiver:0-54750	Diptera	Drosophila_melanogaster
unitig_1221|quiver:0-54750	Diptera	Drosophila_melanogaster
unitig_1221|quiver:0-54750	Diptera	Drosophila_melanogaster
unitig_1221|quiver:0-54750	Diptera	Drosophila_melanogaster
unitig_1221|quiver:0-54750	Diptera	Drosophila_melanogaster
unitig_1221|quiver:0-54750	Diptera	Drosophila_melanogaster
unitig_1221|quiver:0-54750	Diptera	Drosophila_melanogaster
unitig_1221|quiver:0-54750	Diptera	Drosophila_melanogaster
unitig_1221|quiver:0-54750	Diptera	Drosophila_melanogaster
unitig_1221|quiver:0-54750	Diptera	Drosophila_melanogaster
unitig_1221|quiver:0-54750	Diptera	Drosophila_melanogaster
unitig_1221|quiver:0-54750	Diptera	Drosophila_melanogaster
unitig_1221|quiver:0-54750	Diptera	Drosophila_melanogaster
unitig_1221|quiver:0-54750	Diptera	Drosophila_melanogaster
unitig_1221|quiver:0-54750	Diptera	Drosophila_melanogaster
unitig_1221|quiver:0-54750	Diptera	Drosophila_melanogaster
unitig_1221|quiver:0-54750	Diptera	Drosophila_melanogaster
unitig_1221|quiver:0-54750	Diptera	Drosophila_melanogaster
unitig_1221|quiver:0-54750	Diptera	Drosophila_melanogaster
unitig_1221|quiver:0-54750	Diptera	Drosophila_melanogaster
unitig_1221|quiver:0-54750	Diptera	Drosophila_melanogaster
unitig_1221|quiver:0-54750	Diptera	Drosophila_melanogaster
unitig_1221|quiver:0-54750	Diptera	Drosophila_melanogaster
unitig_1221|quiver:0-54750	Diptera	Drosophila_melanogaster
unitig_1221|quiver:0-54750	Diptera	Drosophila_melanogaster
unitig_1221|quiver:0-54750	Diptera	Drosophila_melanogaster
unitig_1221|quiver:0-54750	Diptera	Drosophila_melanogaster
unitig_1221|quiver:0-54750	Diptera	Drosophila_melanogaster
unitig_1221|quiver:0-54750	Diptera	Drosophila_melanogaster
unitig_1221|quiver:0-54750	Diptera	Drosophila_melanogaster
unitig_1221|quiver:0-54750	Diptera	Drosophila_melanogaster
unitig_1221|quiver:0-54750	Diptera	Drosophila_melanogaster
unitig_1221|quiver:0-54750	Diptera	Drosophila_melanogaster
unitig_1221|quiver:0-54750	Diptera	Drosophila_melanogaster
unitig_1221|quiver:0-54750	Diptera	Drosophila_melanogaster
unitig_1221|quiver:0-54750	Diptera	Drosophila_melanogaster
unitig_1221|quiver:0-54750	Diptera	Drosophila_melanogaster
unitig_1221|quiver:0-54750	Diptera	Drosophila_melanogaster
unitig_1221|quiver:0-54750	Diptera	Drosophila_melanogaster
unitig_1221|quiver:0-54750	Diptera	Drosophila_melanogaster
unitig_1269|quiver:0-51681	Diptera	Musca_domestica
unitig_1269|quiver:0-51681	Diptera	Musca_domestica
unitig_1269|quiver:0-51681	Diptera	Drosophila_melanogaster
unitig_1269|quiver:0-51681	Diptera	Drosophila_melanogaster
unitig_1269|quiver:0-51681	Diptera	Drosophila_willistoni
unitig_1269|quiver:0-51681	Diptera	Drosophila_willistoni
unitig_1269|quiver:0-51681	Diptera	Ceratitis_capitata
unitig_1269|quiver:0-51681	Diptera	Ceratitis_capitata
unitig_1269|quiver:0-51681	Diptera	Ceratitis_capitata
unitig_1269|quiver:0-51681	Diptera	Aedes_aegypti
unitig_1269|quiver:0-51681	Diptera	Aedes_aegypti
unitig_1269|quiver:0-51681	Diptera	Drosophila_grimshawi
unitig_1269|quiver:0-51681	Diptera	Drosophila_grimshawi
unitig_1269|quiver:0-51681	Diptera	Drosophila_grimshawi
unitig_1269|quiver:0-51681	Diptera	Drosophila_virilis
unitig_1269|quiver:0-51681	Diptera	Drosophila_virilis
unitig_1269|quiver:0-51681	Diptera	Drosophila_melanogaster
unitig_1269|quiver:0-51681	Diptera	Drosophila_melanogaster
unitig_1278|quiver:0-29576	Bradysia coprophila	Bradysia_coprophila
unitig_1278|quiver:0-29576	Bradysia coprophila	Bradysia_coprophila
unitig_1278|quiver:0-29576	Bradysia coprophila	Bradysia_coprophila
unitig_1278|quiver:0-29576	Bradysia coprophila	Bradysia_coprophila
unitig_1278|quiver:0-29576	Bradysia coprophila	Bradysia_coprophila
unitig_1278|quiver:0-29576	Insecta	Nasonia_vitripennis
unitig_1278|quiver:0-29576	Insecta	Nasonia_vitripennis
unitig_1278|quiver:0-29576	Insecta	Nasonia_vitripennis
unitig_1278|quiver:0-29576	Insecta	Nasonia_vitripennis
unitig_1278|quiver:0-29576	Insecta	Nasonia_vitripennis
unitig_1278|quiver:0-29576	Insecta	Nasonia_vitripennis
unitig_1278|quiver:0-29576	Insecta	Nasonia_vitripennis
unitig_1278|quiver:0-29576	Insecta	Nasonia_vitripennis
unitig_1278|quiver:0-29576	Insecta	Dendroctonus_ponderosae
unitig_1278|quiver:0-29576	Insecta	Acyrthosiphon_pisum
unitig_1278|quiver:0-29576	Insecta	Acyrthosiphon_pisum
unitig_1278|quiver:0-29576	Insecta	Pediculus_humanus_corporis
unitig_1278|quiver:0-29576	Insecta	Pediculus_humanus_corporis
unitig_1278|quiver:0-29576	Insecta	Pediculus_humanus_corporis
unitig_1278|quiver:0-29576	Insecta	Papilio_polytes
unitig_1278|quiver:0-29576	Insecta	Papilio_polytes
unitig_128|quiver:1104000-1302000	Bradysia coprophila	Bradysia_coprophila
unitig_128|quiver:1104000-1302000	Bradysia coprophila	Bradysia_coprophila
unitig_128|quiver:1104000-1302000	Bradysia coprophila	Bradysia_coprophila
unitig_128|quiver:1104000-1302000	Bradysia coprophila	Bradysia_coprophila
unitig_128|quiver:1104000-1302000	Bradysia coprophila	Bradysia_coprophila
unitig_128|quiver:1104000-1302000	Bradysia coprophila	Bradysia_coprophila
unitig_128|quiver:1104000-1302000	Bradysia coprophila	Bradysia_coprophila
unitig_128|quiver:1104000-1302000	Bradysia coprophila	Bradysia_coprophila
unitig_128|quiver:1104000-1302000	Bradysia coprophila	Bradysia_coprophila
unitig_128|quiver:1104000-1302000	Bradysia coprophila	Bradysia_coprophila
unitig_128|quiver:1104000-1302000	Bradysia coprophila	Bradysia_coprophila
unitig_128|quiver:1104000-1302000	Bradysia coprophila	Bradysia_coprophila
unitig_128|quiver:1104000-1302000	Bradysia coprophila	Bradysia_coprophila
unitig_128|quiver:1104000-1302000	Bradysia coprophila	Bradysia_coprophila
unitig_128|quiver:1104000-1302000	Diptera	Culex_quinquefasciatus
unitig_128|quiver:1104000-1302000	Diptera	Culex_quinquefasciatus
unitig_128|quiver:1104000-1302000	Diptera	Culex_quinquefasciatus
unitig_128|quiver:1104000-1302000	Bradysia coprophila	Bradysia_coprophila
unitig_128|quiver:1104000-1302000	Bradysia coprophila	Bradysia_coprophila
unitig_128|quiver:1104000-1302000	Diptera	Aedes_aegypti
unitig_128|quiver:1104000-1302000	Diptera	Aedes_aegypti
unitig_128|quiver:1104000-1302000	Diptera	Aedes_aegypti
unitig_128|quiver:1104000-1302000	Diptera	Drosophila_pseudoobscura_pseudoobscura
unitig_128|quiver:1104000-1302000	Diptera	Drosophila_pseudoobscura_pseudoobscura
unitig_128|quiver:1104000-1302000	Diptera	Drosophila_persimilis
unitig_128|quiver:1104000-1302000	Diptera	Drosophila_persimilis
unitig_128|quiver:1104000-1302000	Diptera	Drosophila_persimilis
unitig_128|quiver:1104000-1302000	Diptera	Drosophila_persimilis
unitig_128|quiver:1104000-1302000	Diptera	Drosophila_persimilis
unitig_128|quiver:1104000-1302000	Insecta	Dendroctonus_ponderosae
unitig_128|quiver:1104000-1302000	Insecta	Dendroctonus_ponderosae
unitig_128|quiver:1104000-1302000	Diptera	Drosophila_ananassae
unitig_128|quiver:1104000-1302000	Diptera	Drosophila_ananassae
unitig_128|quiver:2608500-2623000	Eukaryota	Populus_tremula_x_Populus_alba
unitig_128|quiver:2608500-2623000	Eukaryota	Populus_tremula_x_Populus_alba
unitig_128|quiver:2608500-2623000	Eukaryota	Populus_tremula_x_Populus_alba
unitig_128|quiver:2608500-2623000	Eukaryota	Populus_tremula_x_Populus_alba
unitig_128|quiver:2608500-2623000	Eukaryota	Populus_tremula_x_Populus_alba
unitig_128|quiver:2608500-2623000	Eukaryota	Populus_tremula_x_Populus_alba
unitig_128|quiver:2608500-2623000	Eukaryota	Populus_tremula_x_Populus_alba
unitig_128|quiver:2608500-2623000	Eukaryota	Populus_tremula_x_Populus_alba
unitig_128|quiver:2608500-2623000	Eukaryota	Populus_tremula_x_Populus_alba
unitig_128|quiver:2608500-2623000	Eukaryota	Populus_tremula_x_Populus_alba
unitig_128|quiver:2608500-2623000	Eukaryota	Populus_tremula_x_Populus_alba
unitig_128|quiver:2608500-2623000	Eukaryota	Populus_tremula_x_Populus_alba
unitig_128|quiver:2608500-2623000	Eukaryota	Populus_tremula_x_Populus_alba
unitig_128|quiver:2608500-2623000	Eukaryota	Populus_tremula_x_Populus_alba
unitig_128|quiver:2608500-2623000	Eukaryota	Populus_tremula_x_Populus_alba
unitig_128|quiver:2608500-2623000	Eukaryota	Populus_tremula_x_Populus_alba
unitig_128|quiver:2608500-2623000	Eukaryota	Populus_tremula_x_Populus_alba
unitig_128|quiver:2608500-2623000	Eukaryota	Populus_tremula_x_Populus_alba
unitig_128|quiver:2608500-2623000	Eukaryota	Populus_tremula_x_Populus_alba
unitig_128|quiver:2608500-2623000	Eukaryota	Populus_tremula_x_Populus_alba
unitig_128|quiver:2608500-2623000	Eukaryota	Populus_tremula_x_Populus_alba
unitig_128|quiver:2608500-2623000	Eukaryota	Populus_tremula_x_Populus_alba
unitig_128|quiver:2608500-2623000	Eukaryota	Populus_tremula_x_Populus_alba
unitig_128|quiver:2608500-2623000	Eukaryota	Populus_tremula_x_Populus_alba
unitig_128|quiver:2608500-2623000	Eukaryota	Populus_tremula_x_Populus_alba
unitig_128|quiver:2608500-2623000	Eukaryota	Populus_tremula_x_Populus_alba
unitig_128|quiver:2608500-2623000	Eukaryota	Populus_tremula_x_Populus_alba
unitig_128|quiver:2608500-2623000	Eukaryota	Populus_tremula_x_Populus_alba
unitig_128|quiver:2608500-2623000	Eukaryota	Populus_tremula_x_Populus_alba
unitig_128|quiver:2608500-2623000	Eukaryota	Populus_tremula_x_Populus_alba
unitig_128|quiver:2608500-2623000	Eukaryota	Populus_tremula_x_Populus_alba
unitig_128|quiver:2608500-2623000	Eukaryota	Populus_tremula_x_Populus_alba
unitig_128|quiver:2608500-2623000	Eukaryota	Populus_tremula_x_Populus_alba
unitig_128|quiver:2608500-2623000	Eukaryota	Populus_tremula_x_Populus_alba
unitig_128|quiver:2608500-2623000	Eukaryota	Populus_tremula_x_Populus_alba
unitig_128|quiver:2608500-2623000	Eukaryota	Populus_tremula_x_Populus_alba
unitig_128|quiver:2608500-2623000	Eukaryota	Populus_tremula_x_Populus_alba
unitig_128|quiver:2608500-2623000	Eukaryota	Populus_tremula_x_Populus_alba
unitig_128|quiver:2608500-2623000	Eukaryota	Populus_tremula_x_Populus_alba
unitig_128|quiver:2608500-2623000	Eukaryota	Populus_tremula_x_Populus_alba
unitig_128|quiver:2608500-2623000	Eukaryota	Populus_tremula_x_Populus_alba
unitig_128|quiver:2608500-2623000	Eukaryota	Populus_tremula_x_Populus_alba
unitig_128|quiver:2608500-2623000	Eukaryota	Populus_tremula_x_Populus_alba
unitig_128|quiver:2608500-2623000	Eukaryota	Populus_tremula_x_Populus_alba
unitig_128|quiver:2608500-2623000	Eukaryota	Populus_tremula_x_Populus_alba
unitig_128|quiver:2608500-2623000	Eukaryota	Populus_tremula_x_Populus_alba
unitig_128|quiver:2608500-2623000	Eukaryota	Populus_tremula_x_Populus_alba
unitig_128|quiver:2608500-2623000	Eukaryota	Populus_tremula_x_Populus_alba
unitig_128|quiver:2608500-2623000	Eukaryota	Populus_tremula_x_Populus_alba
unitig_128|quiver:2608500-2623000	Eukaryota	Populus_tremula_x_Populus_alba
unitig_128|quiver:2608500-2623000	Eukaryota	Populus_tremula_x_Populus_alba
unitig_128|quiver:2608500-2623000	Eukaryota	Populus_tremula_x_Populus_alba
unitig_128|quiver:2608500-2623000	Eukaryota	Populus_tremula_x_Populus_alba
unitig_128|quiver:2608500-2623000	Eukaryota	Populus_tremula_x_Populus_alba
unitig_128|quiver:2608500-2623000	Eukaryota	Populus_tremula_x_Populus_alba
unitig_128|quiver:2608500-2623000	Eukaryota	Populus_tremula_x_Populus_alba
unitig_128|quiver:2608500-2623000	Eukaryota	Populus_tremula_x_Populus_alba
unitig_128|quiver:2608500-2623000	Eukaryota	Populus_tremula_x_Populus_alba
unitig_128|quiver:2608500-2623000	Eukaryota	Populus_tremula_x_Populus_alba
unitig_128|quiver:2608500-2623000	Eukaryota	Populus_tremula_x_Populus_alba
unitig_128|quiver:2608500-2623000	Eukaryota	Populus_tremula_x_Populus_alba
unitig_128|quiver:2608500-2623000	Eukaryota	Populus_tremula_x_Populus_alba
unitig_128|quiver:2608500-2623000	Eukaryota	Populus_tremula_x_Populus_alba
unitig_128|quiver:2608500-2623000	Eukaryota	Populus_tremula_x_Populus_alba
unitig_128|quiver:2608500-2623000	Eukaryota	Populus_tremula_x_Populus_alba
unitig_128|quiver:2608500-2623000	Eukaryota	Populus_tremula_x_Populus_alba
unitig_128|quiver:2608500-2623000	Eukaryota	Populus_tremula_x_Populus_alba
unitig_128|quiver:2608500-2623000	Eukaryota	Populus_tremula_x_Populus_alba
unitig_128|quiver:2608500-2623000	Eukaryota	Populus_tremula_x_Populus_alba
unitig_128|quiver:2608500-2623000	Eukaryota	Populus_tremula_x_Populus_alba
unitig_128|quiver:2608500-2623000	Eukaryota	Populus_tremula_x_Populus_alba
unitig_128|quiver:2608500-2623000	Eukaryota	Populus_tremula_x_Populus_alba
unitig_128|quiver:2608500-2623000	Eukaryota	Populus_tremula_x_Populus_alba
unitig_128|quiver:2608500-2623000	Eukaryota	Populus_tremula_x_Populus_alba
unitig_128|quiver:2608500-2623000	Eukaryota	Populus_tremula_x_Populus_alba
unitig_128|quiver:2608500-2623000	Eukaryota	Populus_tremula_x_Populus_alba
unitig_128|quiver:2608500-2623000	Eukaryota	Populus_tremula_x_Populus_alba
unitig_128|quiver:2608500-2623000	Eukaryota	Populus_tremula_x_Populus_alba
unitig_128|quiver:2608500-2623000	Eukaryota	Populus_tremula_x_Populus_alba
unitig_128|quiver:2608500-2623000	Eukaryota	Populus_tremula_x_Populus_alba
unitig_128|quiver:2608500-2623000	Eukaryota	Populus_tremula_x_Populus_alba
unitig_128|quiver:2608500-2623000	Eukaryota	Populus_tremula_x_Populus_alba
unitig_128|quiver:2608500-2623000	Eukaryota	Populus_tremula_x_Populus_alba
unitig_128|quiver:2608500-2623000	Eukaryota	Populus_tremula_x_Populus_alba
unitig_128|quiver:2608500-2623000	Eukaryota	Populus_tremula_x_Populus_alba
unitig_128|quiver:2608500-2623000	Eukaryota	Populus_tremula_x_Populus_alba
unitig_128|quiver:2608500-2623000	Eukaryota	Populus_tremula_x_Populus_alba
unitig_128|quiver:2608500-2623000	Eukaryota	Populus_tremula_x_Populus_alba
unitig_128|quiver:2608500-2623000	Eukaryota	Populus_tremula_x_Populus_alba
unitig_128|quiver:2608500-2623000	Eukaryota	Populus_tremula_x_Populus_alba
unitig_128|quiver:2608500-2623000	Eukaryota	Populus_tremula_x_Populus_alba
unitig_128|quiver:2608500-2623000	Eukaryota	Populus_tremula_x_Populus_alba
unitig_128|quiver:2608500-2623000	Eukaryota	Populus_tremula_x_Populus_alba
unitig_128|quiver:2608500-2623000	Eukaryota	Populus_tremula_x_Populus_alba
unitig_128|quiver:2608500-2623000	Eukaryota	Populus_tremula_x_Populus_alba
unitig_128|quiver:2608500-2623000	Eukaryota	Populus_tremula_x_Populus_alba
unitig_128|quiver:2608500-2623000	Eukaryota	Populus_tremula_x_Populus_alba
unitig_128|quiver:2608500-2623000	Eukaryota	Populus_tremula_x_Populus_alba
unitig_128|quiver:2608500-2623000	Eukaryota	Populus_tremula_x_Populus_alba
unitig_128|quiver:2608500-2623000	Eukaryota	Populus_tremula_x_Populus_alba
unitig_128|quiver:2608500-2623000	Eukaryota	Populus_tremula_x_Populus_alba
unitig_128|quiver:2608500-2623000	Eukaryota	Populus_tremula_x_Populus_alba
unitig_128|quiver:2608500-2623000	Eukaryota	Populus_tremula_x_Populus_alba
unitig_128|quiver:2608500-2623000	Eukaryota	Populus_tremula_x_Populus_alba
unitig_128|quiver:2608500-2623000	Eukaryota	Populus_tremula_x_Populus_alba
unitig_128|quiver:2608500-2623000	Eukaryota	Populus_tremula_x_Populus_alba
unitig_128|quiver:2608500-2623000	Eukaryota	Populus_tremula_x_Populus_alba
unitig_128|quiver:2608500-2623000	Eukaryota	Populus_tremula_x_Populus_alba
unitig_128|quiver:2608500-2623000	Eukaryota	Populus_tremula_x_Populus_alba
unitig_128|quiver:2608500-2623000	Eukaryota	Populus_tremula_x_Populus_alba
unitig_128|quiver:2608500-2623000	Eukaryota	Populus_tremula_x_Populus_alba
unitig_128|quiver:2608500-2623000	Eukaryota	Populus_tremula_x_Populus_alba
unitig_128|quiver:2608500-2623000	Eukaryota	Populus_tremula_x_Populus_alba
unitig_128|quiver:2608500-2623000	Eukaryota	Populus_tremula_x_Populus_alba
unitig_128|quiver:2608500-2623000	Eukaryota	Populus_tremula_x_Populus_alba
unitig_128|quiver:2608500-2623000	Eukaryota	Populus_tremula_x_Populus_alba
unitig_128|quiver:2608500-2623000	Eukaryota	Populus_tremula_x_Populus_alba
unitig_128|quiver:2608500-2623000	Eukaryota	Populus_tremula_x_Populus_alba
unitig_128|quiver:2608500-2623000	Eukaryota	Populus_tremula_x_Populus_alba
unitig_128|quiver:2608500-2623000	Eukaryota	Populus_tremula_x_Populus_alba
unitig_128|quiver:2608500-2623000	Eukaryota	Populus_tremula_x_Populus_alba
unitig_128|quiver:2608500-2623000	Eukaryota	Populus_tremula_x_Populus_alba
unitig_128|quiver:2608500-2623000	Eukaryota	Populus_tremula_x_Populus_alba
unitig_128|quiver:2608500-2623000	Eukaryota	Populus_tremula_x_Populus_alba
unitig_128|quiver:2608500-2623000	Eukaryota	Populus_tremula_x_Populus_alba
unitig_128|quiver:2608500-2623000	Eukaryota	Populus_tremula_x_Populus_alba
unitig_128|quiver:2608500-2623000	Eukaryota	Populus_tremula_x_Populus_alba
unitig_128|quiver:2608500-2623000	Eukaryota	Populus_tremula_x_Populus_alba
unitig_128|quiver:2608500-2623000	Eukaryota	Populus_tremula_x_Populus_alba
unitig_128|quiver:2608500-2623000	Eukaryota	Populus_tremula_x_Populus_alba
unitig_128|quiver:2608500-2623000	Eukaryota	Populus_tremula_x_Populus_alba
unitig_128|quiver:2608500-2623000	Eukaryota	Populus_tremula_x_Populus_alba
unitig_128|quiver:2608500-2623000	Eukaryota	Populus_tremula_x_Populus_alba
unitig_128|quiver:2608500-2623000	Eukaryota	Populus_tremula_x_Populus_alba
unitig_128|quiver:2608500-2623000	Eukaryota	Populus_tremula_x_Populus_alba
unitig_128|quiver:2608500-2623000	Eukaryota	Populus_tremula_x_Populus_alba
unitig_128|quiver:2608500-2623000	Eukaryota	Populus_tremula_x_Populus_alba
unitig_128|quiver:2608500-2623000	Eukaryota	Populus_tremula_x_Populus_alba
unitig_128|quiver:2608500-2623000	Eukaryota	Populus_tremula_x_Populus_alba
unitig_128|quiver:2608500-2623000	Eukaryota	Populus_tremula_x_Populus_alba
unitig_128|quiver:2608500-2623000	Eukaryota	Populus_tremula_x_Populus_alba
unitig_128|quiver:2608500-2623000	Eukaryota	Populus_tremula_x_Populus_alba
unitig_128|quiver:2608500-2623000	Eukaryota	Populus_tremula_x_Populus_alba
unitig_128|quiver:2608500-2623000	Eukaryota	Populus_tremula_x_Populus_alba
unitig_128|quiver:2608500-2623000	Eukaryota	Populus_tremula_x_Populus_alba
unitig_128|quiver:2608500-2623000	Eukaryota	Populus_tremula_x_Populus_alba
unitig_128|quiver:2608500-2623000	Eukaryota	Populus_tremula_x_Populus_alba
unitig_128|quiver:2608500-2623000	Eukaryota	Populus_tremula_x_Populus_alba
unitig_128|quiver:2608500-2623000	Eukaryota	Populus_tremula_x_Populus_alba
unitig_128|quiver:2608500-2623000	Eukaryota	Populus_tremula_x_Populus_alba
unitig_128|quiver:2608500-2623000	Eukaryota	Populus_tremula_x_Populus_alba
unitig_128|quiver:2608500-2623000	Eukaryota	Populus_tremula_x_Populus_alba
unitig_128|quiver:2608500-2623000	Eukaryota	Populus_tremula_x_Populus_alba
unitig_128|quiver:2608500-2623000	Eukaryota	Populus_tremula_x_Populus_alba
unitig_128|quiver:2608500-2623000	Eukaryota	Populus_tremula_x_Populus_alba
unitig_128|quiver:2608500-2623000	Eukaryota	fungal_sp._JF48
unitig_128|quiver:2608500-2623000	Eukaryota	fungal_sp._JF48
unitig_128|quiver:2608500-2623000	Eukaryota	fungal_sp._JF48
unitig_128|quiver:2608500-2623000	Eukaryota	fungal_sp._JF48
unitig_128|quiver:2608500-2623000	Eukaryota	fungal_sp._JF48
unitig_128|quiver:2608500-2623000	Eukaryota	fungal_sp._JF48
unitig_128|quiver:2608500-2623000	Eukaryota	fungal_sp._JF48
unitig_128|quiver:2608500-2623000	Eukaryota	fungal_sp._JF48
unitig_128|quiver:2608500-2623000	Eukaryota	fungal_sp._JF48
unitig_128|quiver:2608500-2623000	Eukaryota	fungal_sp._JF48
unitig_128|quiver:2608500-2623000	Eukaryota	fungal_sp._JF48
unitig_128|quiver:2608500-2623000	Eukaryota	fungal_sp._JF48
unitig_128|quiver:2608500-2623000	Eukaryota	fungal_sp._JF48
unitig_128|quiver:2608500-2623000	Eukaryota	fungal_sp._JF48
unitig_128|quiver:2608500-2623000	Eukaryota	fungal_sp._JF48
unitig_128|quiver:2608500-2623000	Eukaryota	fungal_sp._JF48
unitig_128|quiver:2608500-2623000	Eukaryota	fungal_sp._JF48
unitig_128|quiver:2608500-2623000	Eukaryota	fungal_sp._JF48
unitig_128|quiver:2608500-2623000	Eukaryota	fungal_sp._JF48
unitig_128|quiver:2608500-2623000	Eukaryota	fungal_sp._JF48
unitig_128|quiver:2608500-2623000	Eukaryota	fungal_sp._JF48
unitig_128|quiver:2608500-2623000	Eukaryota	fungal_sp._JF48
unitig_128|quiver:2608500-2623000	Eukaryota	fungal_sp._JF48
unitig_128|quiver:2608500-2623000	Eukaryota	fungal_sp._JF48
unitig_128|quiver:2608500-2623000	Eukaryota	fungal_sp._JF48
unitig_128|quiver:2608500-2623000	Eukaryota	fungal_sp._JF48
unitig_128|quiver:2608500-2623000	Eukaryota	fungal_sp._JF48
unitig_128|quiver:2608500-2623000	Eukaryota	fungal_sp._JF48
unitig_128|quiver:2608500-2623000	Eukaryota	fungal_sp._JF48
unitig_128|quiver:2608500-2623000	Eukaryota	fungal_sp._JF48
unitig_128|quiver:2608500-2623000	Eukaryota	fungal_sp._JF48
unitig_128|quiver:2608500-2623000	Eukaryota	fungal_sp._JF48
unitig_128|quiver:2608500-2623000	Eukaryota	fungal_sp._JF48
unitig_128|quiver:2608500-2623000	Eukaryota	fungal_sp._JF48
unitig_128|quiver:2608500-2623000	Eukaryota	fungal_sp._JF48
unitig_128|quiver:2608500-2623000	Eukaryota	fungal_sp._JF48
unitig_128|quiver:2608500-2623000	Eukaryota	fungal_sp._JF48
unitig_128|quiver:2608500-2623000	Eukaryota	fungal_sp._JF48
unitig_128|quiver:2608500-2623000	Eukaryota	fungal_sp._JF48
unitig_128|quiver:2608500-2623000	Eukaryota	fungal_sp._JF48
unitig_128|quiver:2608500-2623000	Eukaryota	fungal_sp._JF48
unitig_128|quiver:2608500-2623000	Eukaryota	fungal_sp._JF48
unitig_128|quiver:2608500-2623000	Eukaryota	fungal_sp._JF48
unitig_128|quiver:2608500-2623000	Eukaryota	fungal_sp._JF48
unitig_128|quiver:2608500-2623000	Eukaryota	fungal_sp._JF48
unitig_128|quiver:2608500-2623000	Eukaryota	fungal_sp._JF48
unitig_128|quiver:2608500-2623000	Eukaryota	fungal_sp._JF48
unitig_128|quiver:2608500-2623000	Eukaryota	fungal_sp._JF48
unitig_128|quiver:2608500-2623000	Eukaryota	fungal_sp._JF48
unitig_128|quiver:2608500-2623000	Eukaryota	fungal_sp._JF48
unitig_128|quiver:2608500-2623000	Eukaryota	fungal_sp._JF48
unitig_128|quiver:2608500-2623000	Eukaryota	fungal_sp._JF48
unitig_128|quiver:2608500-2623000	Eukaryota	fungal_sp._JF48
unitig_128|quiver:2608500-2623000	Eukaryota	fungal_sp._JF48
unitig_128|quiver:2608500-2623000	Eukaryota	fungal_sp._JF48
unitig_128|quiver:2608500-2623000	Eukaryota	fungal_sp._JF48
unitig_128|quiver:2608500-2623000	Eukaryota	fungal_sp._JF48
unitig_128|quiver:2608500-2623000	Eukaryota	fungal_sp._JF48
unitig_128|quiver:2608500-2623000	Eukaryota	fungal_sp._JF3
unitig_128|quiver:2608500-2623000	Eukaryota	fungal_sp._JF3
unitig_128|quiver:2608500-2623000	Eukaryota	fungal_sp._JF3
unitig_128|quiver:2608500-2623000	Eukaryota	fungal_sp._JF3
unitig_128|quiver:2608500-2623000	Eukaryota	fungal_sp._JF3
unitig_128|quiver:2608500-2623000	Eukaryota	fungal_sp._JF3
unitig_128|quiver:2608500-2623000	Eukaryota	fungal_sp._JF3
unitig_128|quiver:2608500-2623000	Eukaryota	fungal_sp._JF3
unitig_128|quiver:2608500-2623000	Eukaryota	fungal_sp._JF3
unitig_128|quiver:2608500-2623000	Eukaryota	fungal_sp._JF3
unitig_128|quiver:2608500-2623000	Eukaryota	fungal_sp._JF3
unitig_128|quiver:2608500-2623000	Eukaryota	fungal_sp._JF3
unitig_128|quiver:2608500-2623000	Eukaryota	fungal_sp._JF3
unitig_128|quiver:2608500-2623000	Eukaryota	fungal_sp._JF3
unitig_128|quiver:2608500-2623000	Eukaryota	fungal_sp._JF3
unitig_128|quiver:2608500-2623000	Eukaryota	Leishmania_braziliensis_MHOM/BR/75/M2904
unitig_128|quiver:2608500-2623000	Eukaryota	Leishmania_braziliensis_MHOM/BR/75/M2904
unitig_128|quiver:2608500-2623000	Eukaryota	Leishmania_braziliensis_MHOM/BR/75/M2904
unitig_128|quiver:2608500-2623000	Eukaryota	Leishmania_braziliensis_MHOM/BR/75/M2904
unitig_128|quiver:2608500-2623000	Eukaryota	Leishmania_braziliensis_MHOM/BR/75/M2904
unitig_128|quiver:2608500-2623000	Eukaryota	Leishmania_braziliensis_MHOM/BR/75/M2904
unitig_128|quiver:2608500-2623000	Eukaryota	Leishmania_braziliensis_MHOM/BR/75/M2904
unitig_128|quiver:2608500-2623000	Eukaryota	Leishmania_braziliensis_MHOM/BR/75/M2904
unitig_128|quiver:2608500-2623000	Eukaryota	Leishmania_braziliensis_MHOM/BR/75/M2904
unitig_128|quiver:2608500-2623000	Eukaryota	Leishmania_braziliensis_MHOM/BR/75/M2904
unitig_128|quiver:2608500-2623000	Eukaryota	Leishmania_braziliensis_MHOM/BR/75/M2904
unitig_128|quiver:2608500-2623000	Eukaryota	Leishmania_braziliensis_MHOM/BR/75/M2904
unitig_128|quiver:2608500-2623000	Eukaryota	Leishmania_braziliensis_MHOM/BR/75/M2904
unitig_128|quiver:2608500-2623000	Eukaryota	Leishmania_braziliensis_MHOM/BR/75/M2904
unitig_128|quiver:2608500-2623000	Eukaryota	Leishmania_braziliensis_MHOM/BR/75/M2904
unitig_128|quiver:2608500-2623000	Eukaryota	Leishmania_braziliensis_MHOM/BR/75/M2904
unitig_128|quiver:2608500-2623000	Eukaryota	Leishmania_braziliensis_MHOM/BR/75/M2904
unitig_128|quiver:2608500-2623000	Eukaryota	Leishmania_braziliensis_MHOM/BR/75/M2904
unitig_128|quiver:2608500-2623000	Eukaryota	Leishmania_braziliensis_MHOM/BR/75/M2904
unitig_128|quiver:2608500-2623000	Eukaryota	Leishmania_braziliensis_MHOM/BR/75/M2904
unitig_128|quiver:2608500-2623000	Eukaryota	Leishmania_braziliensis_MHOM/BR/75/M2904
unitig_128|quiver:2608500-2623000	Eukaryota	Leishmania_braziliensis_MHOM/BR/75/M2904
