seq68558_len79_cov34927	Sciaridae	Schwenckfeldina_sp._MAB-2008
seq68558_len79_cov34927	Bradysia	Bradysia_amoena
seq68558_len79_cov34927	Diptera	Drosophila_melanogaster
seq68558_len79_cov34927	Diptera	Drosophila_melanogaster
seq68558_len79_cov34927	Diptera	Drosophila_melanogaster
seq68558_len79_cov34927	Diptera	Drosophila_melanogaster
seq68558_len79_cov34927	Diptera	Lasia_carbonanicus
seq68558_len79_cov34927	Diptera	Leptynoma_hessei
seq68558_len79_cov34927	Diptera	Dialysis_elongata
seq68558_len79_cov34927	Diptera	Pachygaster_leachii
seq68559_len216_cov45	Bradysia coprophila	Bradysia_coprophila
seq68585_len217_cov127	Bradysia coprophila	Bradysia_coprophila
seq68585_len217_cov127	Bradysia coprophila	Bradysia_coprophila
seq68625_len1951_cov109	Bradysia coprophila	Bradysia_coprophila
seq68645_len101_cov50	Bradysia coprophila	Bradysia_coprophila
seq68651_len165_cov155	Bradysia coprophila	Bradysia_coprophila
seq68665_len237_cov91	Bradysia coprophila	Bradysia_coprophila
seq68665_len237_cov91	Bradysia coprophila	Bradysia_coprophila
seq68700_len111_cov273	Bradysia coprophila	Bradysia_coprophila
seq68706_len250_cov82	Bradysia coprophila	Bradysia_coprophila
seq68717_len82_cov1418	Bradysia coprophila	Bradysia_coprophila
seq68730_len152_cov55	Bradysia coprophila	Bradysia_coprophila
seq68730_len152_cov55	Bradysia coprophila	Bradysia_coprophila
seq68730_len152_cov55	Bradysia coprophila	Bradysia_coprophila
seq68730_len152_cov55	Bradysia coprophila	Bradysia_coprophila
seq68730_len152_cov55	Bradysia coprophila	Bradysia_coprophila
seq68762_len80_cov32	Bradysia coprophila	Bradysia_coprophila
seq68762_len80_cov32	Bradysia coprophila	Bradysia_coprophila
seq68763_len102_cov377	Bradysia coprophila	Bradysia_coprophila
seq68763_len102_cov377	Bradysia coprophila	Bradysia_coprophila
seq68767_len81_cov91	Bradysia coprophila	Bradysia_coprophila
seq68767_len81_cov91	Bradysia coprophila	Bradysia_coprophila
seq68769_len154_cov95	Bradysia coprophila	Bradysia_coprophila
seq68769_len154_cov95	Bradysia coprophila	Bradysia_coprophila
seq68803_len716_cov405	Diptera	Bactrocera_oleae
seq68803_len716_cov405	Diptera	Bactrocera_oleae
seq68803_len716_cov405	Diptera	Ceratitis_capitata
seq68803_len716_cov405	Diptera	Bactrocera_dorsalis
seq68803_len716_cov405	Insecta	Sitobion_avenae
seq68805_len767_cov395	Diptera	Diamesa_cinerella
seq68811_len269_cov86	Bradysia coprophila	Bradysia_coprophila
seq68825_len157_cov195	Bradysia coprophila	Bradysia_coprophila
seq68825_len157_cov195	Bradysia coprophila	Bradysia_coprophila
seq68825_len157_cov195	Bradysia coprophila	Bradysia_coprophila
seq68826_len86_cov214	Bradysia coprophila	Bradysia_coprophila
seq68826_len86_cov214	Bradysia coprophila	Bradysia_coprophila
seq68826_len86_cov214	Bradysia coprophila	Bradysia_coprophila
seq68874_len157_cov86	Bradysia coprophila	Bradysia_coprophila
seq68874_len157_cov86	Bradysia coprophila	Bradysia_coprophila
seq68874_len157_cov86	Bradysia coprophila	Bradysia_coprophila
seq68879_len108_cov314	Bradysia coprophila	Bradysia_coprophila
seq68879_len108_cov314	Bradysia coprophila	Bradysia_coprophila
seq68879_len108_cov314	Bradysia coprophila	Bradysia_coprophila
seq68893_len99_cov127	Bradysia coprophila	Bradysia_coprophila
seq68895_len150_cov55	Bradysia coprophila	Bradysia_coprophila
seq68906_len220_cov50	Bradysia coprophila	Bradysia_coprophila
seq68926_len276_cov173	Bradysia coprophila	Bradysia_coprophila
seq68996_len156_cov59	Bradysia coprophila	Bradysia_coprophila
seq69015_len83_cov391	Bradysia coprophila	Bradysia_coprophila
seq69039_len81_cov327	Bradysia coprophila	Bradysia_coprophila
seq69054_len90_cov105	Bradysia coprophila	Bradysia_coprophila
seq69055_len3446_cov105	Metazoa	Trichobilharzia_regenti
seq69062_len144_cov145	Bradysia coprophila	Bradysia_coprophila
seq69064_len93_cov473	Bradysia coprophila	Bradysia_coprophila
seq69075_len79_cov1291	Bradysia coprophila	Bradysia_coprophila
seq69075_len79_cov1291	Bradysia coprophila	Bradysia_coprophila
seq69128_len154_cov64	Bradysia coprophila	Bradysia_coprophila
seq69128_len154_cov64	Bradysia coprophila	Bradysia_coprophila
seq69135_len101_cov27	Bradysia coprophila	Bradysia_coprophila
seq69135_len101_cov27	Bradysia coprophila	Bradysia_coprophila
seq69138_len153_cov145	Bradysia coprophila	Bradysia_coprophila
seq69138_len153_cov145	Bradysia coprophila	Bradysia_coprophila
seq69138_len153_cov145	Bradysia coprophila	Bradysia_coprophila
seq69138_len153_cov145	Bradysia coprophila	Bradysia_coprophila
seq69149_len170_cov164	Bradysia coprophila	Bradysia_coprophila
seq69149_len170_cov164	Bradysia coprophila	Bradysia_coprophila
seq69157_len152_cov150	Bradysia coprophila	Bradysia_coprophila
seq69157_len152_cov150	Bradysia coprophila	Bradysia_coprophila
seq69157_len152_cov150	Bradysia coprophila	Bradysia_coprophila
seq69157_len152_cov150	Bradysia coprophila	Bradysia_coprophila
seq69169_len475_cov77	Bradysia coprophila	Bradysia_coprophila
seq69179_len86_cov373	Bradysia coprophila	Bradysia_coprophila
seq69184_len109_cov55	Bradysia coprophila	Bradysia_coprophila
seq69185_len85_cov1145	Bradysia coprophila	Bradysia_coprophila
seq69186_len96_cov305	Bradysia coprophila	Bradysia_coprophila
seq69187_len79_cov582	Bradysia coprophila	Bradysia_coprophila
seq69189_len108_cov218	Bradysia coprophila	Bradysia_coprophila
seq69192_len108_cov364	Bradysia coprophila	Bradysia_coprophila
seq69233_len149_cov73	Bradysia coprophila	Bradysia_coprophila
seq69245_len100_cov27	Bradysia coprophila	Bradysia_coprophila
seq69245_len100_cov27	Bradysia coprophila	Bradysia_coprophila
seq69264_len1251_cov114	Bradysia coprophila	Bradysia_coprophila
seq69270_len139_cov73	Bradysia coprophila	Bradysia_coprophila
seq69316_len79_cov1686	Bradysia coprophila	Bradysia_coprophila
seq69316_len79_cov1686	Bradysia coprophila	Bradysia_coprophila
seq69335_len368_cov173	Bradysia coprophila	Bradysia_coprophila
seq69336_len3390_cov109	Bradysia coprophila	Bradysia_coprophila
seq69337_len262_cov164	Bradysia coprophila	Bradysia_coprophila
seq69343_len119_cov309	Bradysia coprophila	Bradysia_coprophila
seq69356_len229_cov109	Bradysia coprophila	Bradysia_coprophila
seq69372_len126_cov114	Bradysia coprophila	Bradysia_coprophila
seq69374_len79_cov182	Bradysia coprophila	Bradysia_coprophila
seq69397_len469_cov127	Bradysia coprophila	Bradysia_coprophila
seq69411_len110_cov50	Bradysia coprophila	Bradysia_coprophila
seq69435_len1501_cov68	Bradysia coprophila	Bradysia_coprophila
seq69439_len153_cov291	Bradysia coprophila	Bradysia_coprophila
seq69439_len153_cov291	Bradysia coprophila	Bradysia_coprophila
seq69509_len102_cov23	Insecta	Dendroctonus_ponderosae
seq69509_len102_cov23	Insecta	Dendroctonus_ponderosae
seq69509_len102_cov23	Insecta	Dendroctonus_ponderosae
seq69509_len102_cov23	Diptera	Drosophila_busckii
seq69509_len102_cov23	Diptera	Drosophila_busckii
seq69509_len102_cov23	Diptera	Drosophila_melanogaster
seq69509_len102_cov23	Diptera	Drosophila_melanogaster
seq69509_len102_cov23	Diptera	Drosophila_melanogaster
seq69509_len102_cov23	Diptera	Drosophila_melanogaster
seq69509_len102_cov23	Metazoa	Ovis_canadensis_canadensis
seq69531_len260_cov55	Bradysia coprophila	Bradysia_coprophila
seq69546_len626_cov127	Bradysia coprophila	Bradysia_coprophila
seq69546_len626_cov127	Bradysia coprophila	Bradysia_coprophila
seq69567_len124_cov118	Bradysia coprophila	Bradysia_coprophila
seq69568_len118_cov268	Bradysia coprophila	Bradysia_coprophila
seq69568_len118_cov268	Bradysia coprophila	Bradysia_coprophila
seq69568_len118_cov268	Bradysia coprophila	Bradysia_coprophila
seq69579_len155_cov177	Bradysia coprophila	Bradysia_coprophila
seq69579_len155_cov177	Bradysia coprophila	Bradysia_coprophila
seq69579_len155_cov177	Bradysia coprophila	Bradysia_coprophila
seq69624_len160_cov91	Bradysia coprophila	Bradysia_coprophila
seq69625_len157_cov86	Bradysia coprophila	Bradysia_coprophila
seq69642_len150_cov114	Bradysia coprophila	Bradysia_coprophila
seq69642_len150_cov114	Bradysia coprophila	Bradysia_coprophila
seq69658_len88_cov214	Bradysia coprophila	Bradysia_coprophila
seq69674_len93_cov18	Bradysia	Bradysia_amoena
seq69674_len93_cov18	Diptera	Adrama_apicalis
seq69676_len156_cov73	Bradysia coprophila	Bradysia_coprophila
seq69677_len79_cov11027	Bradysia coprophila	Bradysia_coprophila
seq69678_len81_cov12750	Bradysia coprophila	Bradysia_coprophila
seq69679_len107_cov150	Bradysia coprophila	Bradysia_coprophila
seq69681_len105_cov136	Bradysia coprophila	Bradysia_coprophila
seq69682_len105_cov150	Bradysia coprophila	Bradysia_coprophila
seq69683_len110_cov141	Bradysia coprophila	Bradysia_coprophila
seq69744_len2784_cov136	Bradysia coprophila	Bradysia_coprophila
seq69756_len130_cov68	Bradysia coprophila	Bradysia_coprophila
seq69780_len2214_cov132	Bradysia coprophila	Bradysia_coprophila
seq69780_len2214_cov132	Bradysia coprophila	Bradysia_coprophila
seq69798_len109_cov23	Bradysia coprophila	Bradysia_coprophila
seq69802_len144_cov173	Bradysia coprophila	Bradysia_coprophila
seq69818_len230_cov73	Bradysia coprophila	Bradysia_coprophila
seq69818_len230_cov73	Bradysia coprophila	Bradysia_coprophila
seq69846_len80_cov8809	Bradysia coprophila	Bradysia_coprophila
seq69849_len153_cov105	Bradysia coprophila	Bradysia_coprophila
seq69855_len156_cov127	Bradysia coprophila	Bradysia_coprophila
seq69857_len447_cov95	Bradysia coprophila	Bradysia_coprophila
seq69875_len157_cov91	Bradysia coprophila	Bradysia_coprophila
seq69887_len81_cov18	Diptera	Exechiopsis_sagittata
seq69887_len81_cov18	Diptera	Exechiopsis_sp._ER-45
seq69887_len81_cov18	Diptera	Boletina_plana
seq69887_len81_cov18	Diptera	Docosia_gilvipes
seq69887_len81_cov18	Diptera	Leia_bilineata
seq69893_len90_cov18	Diptera	Exechiopsis_sagittata
seq69893_len90_cov18	Diptera	Exechiopsis_sp._ER-45
seq69893_len90_cov18	Diptera	Boletina_plana
seq69893_len90_cov18	Diptera	Docosia_gilvipes
seq69893_len90_cov18	Diptera	Leia_bilineata
seq69937_len276_cov73	Bradysia coprophila	Bradysia_coprophila
seq69937_len276_cov73	Bradysia coprophila	Bradysia_coprophila
seq69963_len154_cov100	Bradysia coprophila	Bradysia_coprophila
seq69965_len157_cov82	Bradysia coprophila	Bradysia_coprophila
seq69965_len157_cov82	Bradysia coprophila	Bradysia_coprophila
seq69965_len157_cov82	Bradysia coprophila	Bradysia_coprophila
seq69989_len208_cov64	Bradysia coprophila	Bradysia_coprophila
seq69990_len155_cov145	Bradysia coprophila	Bradysia_coprophila
seq70043_len117_cov27	Bradysia coprophila	Bradysia_coprophila
seq70043_len117_cov27	Bradysia coprophila	Bradysia_coprophila
seq70050_len148_cov155	Bradysia coprophila	Bradysia_coprophila
seq70050_len148_cov155	Bradysia coprophila	Bradysia_coprophila
seq70051_len118_cov668	Bradysia coprophila	Bradysia_coprophila
seq70051_len118_cov668	Bradysia coprophila	Bradysia_coprophila
seq70057_len298_cov145	Bradysia coprophila	Bradysia_coprophila
seq70057_len298_cov145	Bradysia coprophila	Bradysia_coprophila
seq70119_len157_cov82	Bradysia coprophila	Bradysia_coprophila
seq70120_len85_cov1968	Bradysia coprophila	Bradysia_coprophila
seq70136_len88_cov23	Bradysia	Bradysia_hygida
seq70142_len79_cov41	Bradysia	Bradysia_hygida
seq70153_len79_cov364	Bradysia coprophila	Bradysia_coprophila
seq70154_len133_cov36	Bradysia coprophila	Bradysia_coprophila
seq70158_len155_cov73	Bradysia coprophila	Bradysia_coprophila
seq70162_len197_cov109	Bradysia coprophila	Bradysia_coprophila
seq70163_len120_cov45	Bradysia coprophila	Bradysia_coprophila
seq70172_len161_cov86	Bradysia coprophila	Bradysia_coprophila
seq70174_len79_cov405	Bradysia coprophila	Bradysia_coprophila
seq70226_len148_cov127	Bradysia coprophila	Bradysia_coprophila
seq70226_len148_cov127	Bradysia coprophila	Bradysia_coprophila
seq70254_len193_cov109	Bradysia coprophila	Bradysia_coprophila
seq70255_len82_cov50	Bradysia coprophila	Bradysia_coprophila
seq70259_len156_cov95	Bradysia coprophila	Bradysia_coprophila
seq70269_len573_cov127	Bradysia coprophila	Bradysia_coprophila
seq70269_len573_cov127	Bradysia coprophila	Bradysia_coprophila
seq70269_len573_cov127	Bradysia coprophila	Bradysia_coprophila
seq70275_len90_cov500	Bradysia coprophila	Bradysia_coprophila
seq70283_len241_cov145	Bradysia coprophila	Bradysia_coprophila
seq70287_len79_cov127	Bradysia coprophila	Bradysia_coprophila
seq70289_len115_cov300	Bradysia coprophila	Bradysia_coprophila
seq70294_len79_cov64	Bradysia coprophila	Bradysia_coprophila
seq70295_len86_cov105	Bradysia coprophila	Bradysia_coprophila
seq70299_len86_cov173	Bradysia coprophila	Bradysia_coprophila
seq70302_len100_cov86	Bradysia coprophila	Bradysia_coprophila
seq70306_len183_cov136	Bradysia coprophila	Bradysia_coprophila
seq70308_len152_cov95	Bradysia coprophila	Bradysia_coprophila
seq70359_len80_cov123	Bradysia coprophila	Bradysia_coprophila
seq70370_len107_cov114	Bradysia coprophila	Bradysia_coprophila
seq70374_len155_cov86	Bradysia coprophila	Bradysia_coprophila
seq70409_len146_cov73	Bradysia coprophila	Bradysia_coprophila
seq70439_len1427_cov77	Bradysia coprophila	Bradysia_coprophila
seq70439_len1427_cov77	Bradysia coprophila	Bradysia_coprophila
seq70439_len1427_cov77	Bradysia coprophila	Bradysia_coprophila
seq70486_len160_cov177	Bradysia coprophila	Bradysia_coprophila
seq70486_len160_cov177	Bradysia coprophila	Bradysia_coprophila
seq70489_len169_cov627	Diptera	Drosophila_ananassae
seq70489_len169_cov627	Diptera	Drosophila_sechellia
seq70489_len169_cov627	Diptera	Drosophila_erecta
seq70489_len169_cov627	Diptera	Drosophila_erecta
seq70489_len169_cov627	Diptera	Drosophila_erecta
seq70489_len169_cov627	Diptera	Drosophila_melanogaster
seq70489_len169_cov627	Diptera	Drosophila_melanogaster
seq70489_len169_cov627	Metazoa	Heligmosomoides_polygyrus
seq70489_len169_cov627	Metazoa	Cylicostephanus_goldi
seq70504_len133_cov59	Bradysia coprophila	Bradysia_coprophila
seq70560_len195_cov59	Bradysia coprophila	Bradysia_coprophila
seq70581_len111_cov341	Bradysia coprophila	Bradysia_coprophila
seq70581_len111_cov341	Bradysia coprophila	Bradysia_coprophila
seq70582_len83_cov150	Bradysia coprophila	Bradysia_coprophila
seq70582_len83_cov150	Bradysia coprophila	Bradysia_coprophila
seq70585_len92_cov150	Bradysia coprophila	Bradysia_coprophila
seq70585_len92_cov150	Bradysia coprophila	Bradysia_coprophila
seq70587_len82_cov286	Bradysia coprophila	Bradysia_coprophila
seq70587_len82_cov286	Bradysia coprophila	Bradysia_coprophila
seq70588_len81_cov414	Bradysia coprophila	Bradysia_coprophila
seq70588_len81_cov414	Bradysia coprophila	Bradysia_coprophila
seq70663_len118_cov177	Bradysia coprophila	Bradysia_coprophila
seq70663_len118_cov177	Bradysia coprophila	Bradysia_coprophila
seq70663_len118_cov177	Bradysia coprophila	Bradysia_coprophila
seq70665_len157_cov177	Bradysia coprophila	Bradysia_coprophila
seq70665_len157_cov177	Bradysia coprophila	Bradysia_coprophila
seq70665_len157_cov177	Bradysia coprophila	Bradysia_coprophila
seq70684_len391_cov73	Bradysia coprophila	Bradysia_coprophila
seq70707_len80_cov12777	Bradysia coprophila	Bradysia_coprophila
seq70707_len80_cov12777	Bradysia coprophila	Bradysia_coprophila
seq70709_len81_cov445	Bradysia coprophila	Bradysia_coprophila
seq70709_len81_cov445	Bradysia coprophila	Bradysia_coprophila
seq70710_len79_cov277	Bradysia coprophila	Bradysia_coprophila
seq70710_len79_cov277	Bradysia coprophila	Bradysia_coprophila
seq70714_len211_cov214	Bradysia coprophila	Bradysia_coprophila
seq70714_len211_cov214	Bradysia coprophila	Bradysia_coprophila
seq70716_len172_cov95	Bradysia coprophila	Bradysia_coprophila
seq70716_len172_cov95	Bradysia coprophila	Bradysia_coprophila
seq70766_len317_cov132	Bradysia coprophila	Bradysia_coprophila
seq70819_len98_cov2200	Bradysia coprophila	Bradysia_coprophila
seq70819_len98_cov2200	Bradysia coprophila	Bradysia_coprophila
seq70820_len153_cov155	Bradysia coprophila	Bradysia_coprophila
seq70820_len153_cov155	Bradysia coprophila	Bradysia_coprophila
seq70823_len95_cov232	Bradysia coprophila	Bradysia_coprophila
seq70823_len95_cov232	Bradysia coprophila	Bradysia_coprophila
seq70824_len153_cov68	Bradysia coprophila	Bradysia_coprophila
seq70824_len153_cov68	Bradysia coprophila	Bradysia_coprophila
seq70824_len153_cov68	Bradysia coprophila	Bradysia_coprophila
seq70827_len87_cov882	Bradysia coprophila	Bradysia_coprophila
seq70827_len87_cov882	Bradysia coprophila	Bradysia_coprophila
seq70866_len81_cov18	Bradysia coprophila	Bradysia_coprophila
seq70872_len2829_cov164	Bradysia coprophila	Bradysia_coprophila
seq70872_len2829_cov164	Bradysia coprophila	Bradysia_coprophila
seq70882_len157_cov50	Bradysia coprophila	Bradysia_coprophila
seq70885_len83_cov50	Bradysia coprophila	Bradysia_coprophila
seq70926_len306_cov73	Bradysia coprophila	Bradysia_coprophila
seq70975_len147_cov64	Bradysia coprophila	Bradysia_coprophila
seq70975_len147_cov64	Bradysia coprophila	Bradysia_coprophila
seq70977_len820_cov86	Bradysia coprophila	Bradysia_coprophila
seq70977_len820_cov86	Bradysia coprophila	Bradysia_coprophila
seq71000_len85_cov414	Bradysia coprophila	Bradysia_coprophila
seq71001_len165_cov109	Bradysia coprophila	Bradysia_coprophila
seq71064_len3765_cov82	Bradysia coprophila	Bradysia_coprophila
seq71068_len1604_cov145	Bradysia coprophila	Bradysia_coprophila
seq71114_len186_cov173	Bradysia coprophila	Bradysia_coprophila
seq71114_len186_cov173	Bradysia coprophila	Bradysia_coprophila
seq71114_len186_cov173	Bradysia coprophila	Bradysia_coprophila
seq71121_len79_cov3618	Bradysia coprophila	Bradysia_coprophila
seq71121_len79_cov3618	Bradysia coprophila	Bradysia_coprophila
seq71255_len230_cov45	Bradysia coprophila	Bradysia_coprophila
seq71264_len144_cov55	Bradysia coprophila	Bradysia_coprophila
seq71266_len121_cov73	Bradysia coprophila	Bradysia_coprophila
seq71362_len83_cov123	Bradysia coprophila	Bradysia_coprophila
seq71363_len111_cov141	Bradysia coprophila	Bradysia_coprophila
seq71364_len123_cov159	Bradysia coprophila	Bradysia_coprophila
seq71365_len122_cov50	Bradysia coprophila	Bradysia_coprophila
seq71366_len88_cov132	Bradysia coprophila	Bradysia_coprophila
seq71367_len120_cov68	Bradysia coprophila	Bradysia_coprophila
seq71368_len86_cov386	Bradysia coprophila	Bradysia_coprophila
seq71369_len79_cov182	Bradysia coprophila	Bradysia_coprophila
seq71370_len122_cov86	Bradysia coprophila	Bradysia_coprophila
seq71371_len104_cov100	Bradysia coprophila	Bradysia_coprophila
seq71372_len96_cov318	Bradysia coprophila	Bradysia_coprophila
seq71373_len91_cov241	Bradysia coprophila	Bradysia_coprophila
seq71374_len103_cov82	Bradysia coprophila	Bradysia_coprophila
seq71375_len91_cov232	Bradysia coprophila	Bradysia_coprophila
seq71376_len83_cov218	Bradysia coprophila	Bradysia_coprophila
seq71378_len88_cov73	Bradysia coprophila	Bradysia_coprophila
seq71380_len93_cov286	Bradysia coprophila	Bradysia_coprophila
seq71381_len83_cov182	Bradysia coprophila	Bradysia_coprophila
seq71382_len107_cov173	Bradysia coprophila	Bradysia_coprophila
seq71383_len89_cov177	Bradysia coprophila	Bradysia_coprophila
seq71405_len96_cov159	Bradysia coprophila	Bradysia_coprophila
seq71413_len108_cov18	Bradysia	Bradysia_amoena
seq71413_len108_cov18	Bradysia coprophila	Bradysia_coprophila
seq71413_len108_cov18	Sciaridae	Phytosciara_ussuriensis
seq71413_len108_cov18	Sciaridae	Phytosciara_semiferruginea
seq71413_len108_cov18	Sciaridae	Phytosciara_flavipes
seq71487_len80_cov264	Bradysia coprophila	Bradysia_coprophila
seq71516_len158_cov73	Bradysia coprophila	Bradysia_coprophila
seq71522_len126_cov100	Bradysia coprophila	Bradysia_coprophila
seq71527_len149_cov441	Bradysia coprophila	Bradysia_coprophila
seq71527_len149_cov441	Bradysia coprophila	Bradysia_coprophila
seq71591_len1553_cov82	Bradysia coprophila	Bradysia_coprophila
seq71646_len235_cov127	Bradysia coprophila	Bradysia_coprophila
seq71650_len117_cov455	Bradysia coprophila	Bradysia_coprophila
seq71709_len100_cov18	Bradysia coprophila	Bradysia_coprophila
seq71728_len119_cov105	Bradysia coprophila	Bradysia_coprophila
seq71731_len100_cov173	Bradysia coprophila	Bradysia_coprophila
seq71753_len119_cov200	Bradysia coprophila	Bradysia_coprophila
seq71753_len119_cov200	Bradysia coprophila	Bradysia_coprophila
seq71753_len119_cov200	Bradysia coprophila	Bradysia_coprophila
seq71753_len119_cov200	Bradysia coprophila	Bradysia_coprophila
seq71753_len119_cov200	Bradysia coprophila	Bradysia_coprophila
seq71811_len95_cov91	Bradysia coprophila	Bradysia_coprophila
seq71812_len88_cov45	Bradysia coprophila	Bradysia_coprophila
seq71813_len88_cov209	Bradysia coprophila	Bradysia_coprophila
seq71814_len94_cov45	Bradysia coprophila	Bradysia_coprophila
seq71816_len93_cov82	Bradysia coprophila	Bradysia_coprophila
seq71817_len95_cov73	Bradysia coprophila	Bradysia_coprophila
seq71838_len112_cov23	Bradysia	Bradysia_amoena
seq71838_len112_cov23	Bradysia	Bradysia_hygida
seq71838_len112_cov23	Bradysia	Bradysia_hygida
seq71838_len112_cov23	Sciaridae	Schwenckfeldina_sp._MAB-2008
seq71860_len90_cov18	Bradysia coprophila	Bradysia_coprophila
seq71913_len144_cov1327	Bradysia coprophila	Bradysia_coprophila
seq71915_len144_cov105	Bradysia coprophila	Bradysia_coprophila
seq71923_len150_cov432	Bradysia coprophila	Bradysia_coprophila
seq71923_len150_cov432	Bradysia coprophila	Bradysia_coprophila
seq71925_len219_cov186	Bradysia coprophila	Bradysia_coprophila
seq71925_len219_cov186	Bradysia coprophila	Bradysia_coprophila
seq71931_len174_cov77	Bradysia coprophila	Bradysia_coprophila
seq71947_len93_cov118	Bradysia coprophila	Bradysia_coprophila
seq71978_len148_cov164	Bradysia coprophila	Bradysia_coprophila
seq71981_len95_cov18	Sciaridae	Phytosciara_flavipes
seq71981_len95_cov18	Bradysia	Bradysia_aprica
seq71981_len95_cov18	Bradysia	Bradysia_amoena
seq71981_len95_cov18	Bradysia coprophila	Bradysia_coprophila
seq71981_len95_cov18	Bradysia coprophila	Bradysia_coprophila
seq71985_len161_cov68	Bradysia coprophila	Bradysia_coprophila
seq71989_len103_cov318	Bradysia coprophila	Bradysia_coprophila
seq71996_len112_cov50	Bradysia coprophila	Bradysia_coprophila
seq72011_len119_cov350	Bradysia coprophila	Bradysia_coprophila
seq72011_len119_cov350	Bradysia coprophila	Bradysia_coprophila
seq72025_len1226_cov127	Bradysia coprophila	Bradysia_coprophila
seq72061_len151_cov55	Bradysia coprophila	Bradysia_coprophila
seq72093_len115_cov177	Bradysia coprophila	Bradysia_coprophila
seq72093_len115_cov177	Bradysia coprophila	Bradysia_coprophila
seq72109_len108_cov41	Bradysia coprophila	Bradysia_coprophila
seq72109_len108_cov41	Bradysia coprophila	Bradysia_coprophila
seq72111_len94_cov77	Bradysia coprophila	Bradysia_coprophila
seq72111_len94_cov77	Bradysia coprophila	Bradysia_coprophila
seq72128_len79_cov164	Bradysia coprophila	Bradysia_coprophila
seq72177_len82_cov223	Bradysia coprophila	Bradysia_coprophila
seq72213_len89_cov114	Bradysia coprophila	Bradysia_coprophila
seq72215_len90_cov91	Bradysia coprophila	Bradysia_coprophila
seq72217_len1482_cov73	Bradysia coprophila	Bradysia_coprophila
seq72218_len97_cov136	Bradysia coprophila	Bradysia_coprophila
seq72219_len85_cov64	Bradysia coprophila	Bradysia_coprophila
seq72220_len125_cov64	Bradysia coprophila	Bradysia_coprophila
seq72221_len156_cov168	Bradysia coprophila	Bradysia_coprophila
seq72222_len115_cov32	Bradysia coprophila	Bradysia_coprophila
seq72223_len139_cov500	Bradysia coprophila	Bradysia_coprophila
seq72226_len85_cov550	Bradysia coprophila	Bradysia_coprophila
seq72227_len176_cov145	Bradysia coprophila	Bradysia_coprophila
seq72227_len176_cov145	Bradysia coprophila	Bradysia_coprophila
seq72227_len176_cov145	Bradysia coprophila	Bradysia_coprophila
seq72235_len80_cov1895	Bradysia coprophila	Bradysia_coprophila
seq72236_len88_cov241	Bradysia coprophila	Bradysia_coprophila
seq72240_len83_cov1964	Bradysia coprophila	Bradysia_coprophila
seq72241_len302_cov77	Bradysia coprophila	Bradysia_coprophila
seq72245_len93_cov300	Bradysia coprophila	Bradysia_coprophila
seq72245_len93_cov300	Bradysia coprophila	Bradysia_coprophila
seq72245_len93_cov300	Bradysia coprophila	Bradysia_coprophila
seq72245_len93_cov300	Bradysia coprophila	Bradysia_coprophila
seq72245_len93_cov300	Bradysia coprophila	Bradysia_coprophila
seq72251_len80_cov4968	Bradysia coprophila	Bradysia_coprophila
seq72252_len201_cov64	Bradysia coprophila	Bradysia_coprophila
seq72255_len127_cov55	Bradysia coprophila	Bradysia_coprophila
seq72300_len1759_cov64	Metazoa	Cyprinus_carpio
seq72300_len1759_cov64	Metazoa	Danio_rerio
seq72300_len1759_cov64	Diptera	Drosophila_melanogaster
seq72300_len1759_cov64	Diptera	Drosophila_melanogaster
seq72300_len1759_cov64	Diptera	Drosophila_melanogaster
seq72300_len1759_cov64	Diptera	Drosophila_melanogaster
seq72300_len1759_cov64	Diptera	Drosophila_melanogaster
seq72300_len1759_cov64	Metazoa	Nipponia_nippon
seq72300_len1759_cov64	Metazoa	Nipponia_nippon
seq72300_len1759_cov64	Diptera	Drosophila_melanogaster
seq72390_len90_cov91	Bradysia coprophila	Bradysia_coprophila
seq72390_len90_cov91	Bradysia coprophila	Bradysia_coprophila
seq72470_len271_cov155	Bradysia coprophila	Bradysia_coprophila
seq72470_len271_cov155	Bradysia coprophila	Bradysia_coprophila
seq72480_len258_cov50	Bradysia coprophila	Bradysia_coprophila
seq72488_len251_cov86	Bradysia coprophila	Bradysia_coprophila
seq72488_len251_cov86	Bradysia coprophila	Bradysia_coprophila
seq72507_len86_cov114	Bradysia coprophila	Bradysia_coprophila
seq72508_len111_cov18	Bradysia coprophila	Bradysia_coprophila
seq72510_len93_cov50	Bradysia coprophila	Bradysia_coprophila
seq72511_len116_cov45	Bradysia coprophila	Bradysia_coprophila
seq72514_len2474_cov123	Bradysia coprophila	Bradysia_coprophila
seq72514_len2474_cov123	Bradysia coprophila	Bradysia_coprophila
seq72518_len86_cov159	Bradysia coprophila	Bradysia_coprophila
seq72519_len83_cov168	Bradysia coprophila	Bradysia_coprophila
seq72530_len144_cov73	Bradysia coprophila	Bradysia_coprophila
seq72534_len155_cov50	Bradysia coprophila	Bradysia_coprophila
seq72540_len100_cov23	Bradysia coprophila	Bradysia_coprophila
seq72587_len146_cov77	Bradysia coprophila	Bradysia_coprophila
seq72587_len146_cov77	Bradysia coprophila	Bradysia_coprophila
seq72609_len81_cov486	Bradysia coprophila	Bradysia_coprophila
seq72688_len172_cov155	Bradysia coprophila	Bradysia_coprophila
seq72688_len172_cov155	Bradysia coprophila	Bradysia_coprophila
seq72690_len128_cov182	Bradysia coprophila	Bradysia_coprophila
seq72690_len128_cov182	Bradysia coprophila	Bradysia_coprophila
seq72697_len111_cov277	Bradysia coprophila	Bradysia_coprophila
seq72758_len3249_cov173	Diptera	Bactrocera_cucurbitae
seq72758_len3249_cov173	Diptera	Bactrocera_cucurbitae
seq72758_len3249_cov173	Diptera	Bactrocera_cucurbitae
seq72760_len167_cov164	Bradysia coprophila	Bradysia_coprophila
seq72792_len104_cov427	Bradysia coprophila	Bradysia_coprophila
seq72792_len104_cov427	Bradysia coprophila	Bradysia_coprophila
seq72794_len79_cov8091	Bradysia coprophila	Bradysia_coprophila
seq72794_len79_cov8091	Bradysia coprophila	Bradysia_coprophila
seq72795_len80_cov18	Bradysia coprophila	Bradysia_coprophila
seq72795_len80_cov18	Bradysia coprophila	Bradysia_coprophila
seq72797_len134_cov73	Bradysia coprophila	Bradysia_coprophila
seq72799_len953_cov136	Bradysia coprophila	Bradysia_coprophila
seq72799_len953_cov136	Bradysia coprophila	Bradysia_coprophila
seq72801_len84_cov305	Bradysia coprophila	Bradysia_coprophila
seq72801_len84_cov305	Bradysia coprophila	Bradysia_coprophila
seq72802_len92_cov145	Bradysia coprophila	Bradysia_coprophila
seq72802_len92_cov145	Bradysia coprophila	Bradysia_coprophila
seq72804_len133_cov277	Bradysia coprophila	Bradysia_coprophila
seq72804_len133_cov277	Bradysia coprophila	Bradysia_coprophila
seq72818_len157_cov59	Bradysia coprophila	Bradysia_coprophila
seq72896_len86_cov250	Bradysia coprophila	Bradysia_coprophila
seq72941_len82_cov7177	Bradysia coprophila	Bradysia_coprophila
seq72945_len84_cov29341	Diptera	Maira_sp._D034
seq72945_len84_cov29341	Diptera	Promachus_sp._D033
seq72945_len84_cov29341	Diptera	Promachus_bastardii
seq72945_len84_cov29341	Diptera	Mydas_clavatus
seq72945_len84_cov29341	Diptera	Laphria_sp._MFW-2000
seq72945_len84_cov29341	Eukaryota	uncultured_eukaryote
seq72945_len84_cov29341	Eukaryota	uncultured_eukaryote
seq72945_len84_cov29341	Eukaryota	uncultured_eukaryote
seq72945_len84_cov29341	Eukaryota	uncultured_eukaryote
seq72945_len84_cov29341	Diptera	Drosophila_melanogaster
seq72956_len157_cov123	Bradysia coprophila	Bradysia_coprophila
seq72959_len509_cov50	Bradysia coprophila	Bradysia_coprophila
seq72992_len165_cov55	Bradysia coprophila	Bradysia_coprophila
seq73058_len82_cov2759	Bradysia coprophila	Bradysia_coprophila
seq73064_len120_cov86	Bradysia coprophila	Bradysia_coprophila
seq73065_len120_cov132	Bradysia coprophila	Bradysia_coprophila
seq73066_len79_cov7027	Bradysia coprophila	Bradysia_coprophila
seq73067_len119_cov68	Bradysia coprophila	Bradysia_coprophila
seq73068_len155_cov100	Bradysia coprophila	Bradysia_coprophila
seq73096_len108_cov436	Bradysia coprophila	Bradysia_coprophila
seq73096_len108_cov436	Bradysia coprophila	Bradysia_coprophila
seq73117_len429_cov136	Bradysia coprophila	Bradysia_coprophila
seq73117_len429_cov136	Bradysia coprophila	Bradysia_coprophila
seq73122_len79_cov1845	Bradysia coprophila	Bradysia_coprophila
seq73142_len88_cov1050	Bradysia coprophila	Bradysia_coprophila
seq73145_len154_cov64	Bradysia coprophila	Bradysia_coprophila
seq73152_len155_cov132	Bradysia coprophila	Bradysia_coprophila
seq73197_len105_cov77	Bradysia coprophila	Bradysia_coprophila
seq73198_len156_cov123	Bradysia coprophila	Bradysia_coprophila
seq73204_len1411_cov127	Bradysia coprophila	Bradysia_coprophila
seq73213_len244_cov59	Bradysia coprophila	Bradysia_coprophila
seq73234_len166_cov145	Bradysia coprophila	Bradysia_coprophila
seq73243_len125_cov114	Bradysia coprophila	Bradysia_coprophila
seq73244_len90_cov82	Bradysia coprophila	Bradysia_coprophila
seq73247_len1558_cov86	Bradysia coprophila	Bradysia_coprophila
seq73249_len297_cov123	Bradysia coprophila	Bradysia_coprophila
seq73250_len91_cov127	Bradysia coprophila	Bradysia_coprophila
seq73251_len87_cov127	Bradysia coprophila	Bradysia_coprophila
seq73263_len83_cov36	Bacteria	Rickettsia_peacockii_str._Rustic
seq73263_len83_cov36	Bacteria	Rickettsia_peacockii_str._Rustic
seq73263_len83_cov36	Bacteria	Rickettsia_peacockii_str._Rustic
seq73263_len83_cov36	Bacteria	Rickettsia_peacockii_str._Rustic
seq73263_len83_cov36	Bacteria	Rickettsia_peacockii_str._Rustic
seq73263_len83_cov36	Bacteria	Rickettsia_peacockii_str._Rustic
seq73263_len83_cov36	Bacteria	Rickettsia_peacockii_str._Rustic
seq73263_len83_cov36	Bacteria	Rickettsia_peacockii_str._Rustic
seq73263_len83_cov36	Bacteria	Rickettsia_peacockii_str._Rustic
seq73263_len83_cov36	Bacteria	Rickettsia_peacockii_str._Rustic
seq73269_len153_cov164	Bradysia coprophila	Bradysia_coprophila
seq73269_len153_cov164	Bradysia coprophila	Bradysia_coprophila
seq73300_len79_cov4086	Bradysia coprophila	Bradysia_coprophila
seq73300_len79_cov4086	Bradysia coprophila	Bradysia_coprophila
seq73333_len620_cov91	Bradysia coprophila	Bradysia_coprophila
seq73356_len81_cov527	Bradysia coprophila	Bradysia_coprophila
seq73358_len91_cov159	Bradysia coprophila	Bradysia_coprophila
seq73360_len92_cov36	Bradysia coprophila	Bradysia_coprophila
seq73360_len92_cov36	Bradysia coprophila	Bradysia_coprophila
seq73407_len107_cov282	Bradysia coprophila	Bradysia_coprophila
seq73411_len80_cov141	Bradysia coprophila	Bradysia_coprophila
seq73415_len287_cov105	Bradysia coprophila	Bradysia_coprophila
seq73415_len287_cov105	Bradysia coprophila	Bradysia_coprophila
seq73440_len142_cov164	Bradysia coprophila	Bradysia_coprophila
seq73443_len1477_cov136	Bradysia coprophila	Bradysia_coprophila
seq73454_len125_cov118	Bradysia coprophila	Bradysia_coprophila
seq73456_len87_cov509	Bradysia coprophila	Bradysia_coprophila
seq73529_len349_cov114	Bradysia coprophila	Bradysia_coprophila
seq73543_len90_cov332	Bradysia coprophila	Bradysia_coprophila
seq73543_len90_cov332	Bradysia coprophila	Bradysia_coprophila
seq73565_len1254_cov164	Bradysia coprophila	Bradysia_coprophila
seq73565_len1254_cov164	Bradysia coprophila	Bradysia_coprophila
seq73578_len89_cov36	Bradysia coprophila	Bradysia_coprophila
seq73578_len89_cov36	Bradysia coprophila	Bradysia_coprophila
seq73578_len89_cov36	Bradysia coprophila	Bradysia_coprophila
seq73578_len89_cov36	Bradysia coprophila	Bradysia_coprophila
seq73578_len89_cov36	Bradysia coprophila	Bradysia_coprophila
seq73579_len103_cov23	Bradysia coprophila	Bradysia_coprophila
seq73579_len103_cov23	Bradysia coprophila	Bradysia_coprophila
seq73579_len103_cov23	Bradysia coprophila	Bradysia_coprophila
seq73579_len103_cov23	Bradysia coprophila	Bradysia_coprophila
seq73579_len103_cov23	Bradysia coprophila	Bradysia_coprophila
seq73623_len79_cov123	Bradysia coprophila	Bradysia_coprophila
seq73626_len97_cov82	Bradysia coprophila	Bradysia_coprophila
seq73645_len152_cov109	Bradysia coprophila	Bradysia_coprophila
seq73645_len152_cov109	Bradysia coprophila	Bradysia_coprophila
seq73645_len152_cov109	Bradysia coprophila	Bradysia_coprophila
seq73645_len152_cov109	Bradysia coprophila	Bradysia_coprophila
seq73669_len170_cov150	Bradysia coprophila	Bradysia_coprophila
seq73685_len417_cov77	Bradysia coprophila	Bradysia_coprophila
seq73714_len5936_cov82	Bradysia coprophila	Bradysia_coprophila
seq73714_len5936_cov82	Bradysia coprophila	Bradysia_coprophila
seq73836_len79_cov2736	Bradysia coprophila	Bradysia_coprophila
seq73837_len79_cov1064	Bradysia coprophila	Bradysia_coprophila
seq73839_len82_cov855	Bradysia coprophila	Bradysia_coprophila
seq73840_len96_cov305	Bradysia coprophila	Bradysia_coprophila
seq73841_len83_cov427	Bradysia coprophila	Bradysia_coprophila
seq73842_len97_cov677	Bradysia coprophila	Bradysia_coprophila
seq73844_len85_cov195	Bradysia coprophila	Bradysia_coprophila
seq73847_len82_cov150	Bradysia coprophila	Bradysia_coprophila
seq73850_len156_cov150	Bradysia coprophila	Bradysia_coprophila
seq73851_len79_cov709	Bradysia coprophila	Bradysia_coprophila
seq73852_len1044_cov155	Bradysia coprophila	Bradysia_coprophila
seq73899_len86_cov1427	Bradysia coprophila	Bradysia_coprophila
seq73899_len86_cov1427	Bradysia coprophila	Bradysia_coprophila
seq73899_len86_cov1427	Bradysia coprophila	Bradysia_coprophila
seq73900_len87_cov550	Bradysia coprophila	Bradysia_coprophila
seq73900_len87_cov550	Bradysia coprophila	Bradysia_coprophila
seq73900_len87_cov550	Bradysia coprophila	Bradysia_coprophila
seq73930_len95_cov36	Diptera	Boletina_plana
seq73930_len95_cov36	Diptera	Pyratula_zonata
seq73930_len95_cov36	Diptera	Diptera_sp._SLW-2008
seq73930_len95_cov36	Diptera	Brevicornu_sp._ER-27
seq73930_len95_cov36	Diptera	Boletina_plana
seq73944_len2398_cov132	Insecta	Heliconius_melpomene_cythera
seq73944_len2398_cov132	Metazoa	Pelophylax_nigromaculatus
seq73944_len2398_cov132	Metazoa	Rana_catesbeiana
seq73944_len2398_cov132	Insecta	Microplitis_demolitor
seq73944_len2398_cov132	Insecta	Microplitis_demolitor
seq74045_len100_cov464	Bradysia coprophila	Bradysia_coprophila
seq74045_len100_cov464	Bradysia coprophila	Bradysia_coprophila
seq74047_len83_cov1477	Bradysia coprophila	Bradysia_coprophila
seq74047_len83_cov1477	Bradysia coprophila	Bradysia_coprophila
seq74048_len98_cov136	Bradysia coprophila	Bradysia_coprophila
seq74048_len98_cov136	Bradysia coprophila	Bradysia_coprophila
seq74050_len94_cov195	Bradysia coprophila	Bradysia_coprophila
seq74050_len94_cov195	Bradysia coprophila	Bradysia_coprophila
seq74052_len155_cov173	Bradysia coprophila	Bradysia_coprophila
seq74052_len155_cov173	Bradysia coprophila	Bradysia_coprophila
seq74053_len156_cov195	Bradysia coprophila	Bradysia_coprophila
seq74053_len156_cov195	Bradysia coprophila	Bradysia_coprophila
seq74116_len86_cov923	Bradysia coprophila	Bradysia_coprophila
seq74117_len86_cov327	Bradysia coprophila	Bradysia_coprophila
seq74167_len154_cov150	Bradysia coprophila	Bradysia_coprophila
seq74176_len88_cov182	Bradysia coprophila	Bradysia_coprophila
seq74177_len79_cov277	Bradysia coprophila	Bradysia_coprophila
seq74178_len79_cov114	Bradysia coprophila	Bradysia_coprophila
seq74188_len97_cov473	Bradysia coprophila	Bradysia_coprophila
seq74188_len97_cov473	Bradysia coprophila	Bradysia_coprophila
seq74193_len104_cov200	Bradysia coprophila	Bradysia_coprophila
seq74194_len95_cov150	Bradysia coprophila	Bradysia_coprophila
seq74194_len95_cov150	Bradysia coprophila	Bradysia_coprophila
seq74195_len94_cov264	Bradysia coprophila	Bradysia_coprophila
seq74195_len94_cov264	Bradysia coprophila	Bradysia_coprophila
seq74200_len155_cov159	Bradysia coprophila	Bradysia_coprophila
seq74225_len128_cov127	Bradysia coprophila	Bradysia_coprophila
seq74229_len131_cov209	Bradysia coprophila	Bradysia_coprophila
seq74229_len131_cov209	Bradysia coprophila	Bradysia_coprophila
seq74238_len85_cov600	Bradysia coprophila	Bradysia_coprophila
seq74238_len85_cov600	Bradysia coprophila	Bradysia_coprophila
seq74284_len157_cov91	Bradysia coprophila	Bradysia_coprophila
seq74456_len101_cov2623	Bradysia coprophila	Bradysia_coprophila
seq74471_len81_cov27	Sciaridae	Pseudolycoriella_horribilis
seq74471_len81_cov27	Bradysia	Bradysia_alpicola
seq74471_len81_cov27	Bradysia	Bradysia_aprica
seq74471_len81_cov27	Bradysia	Bradysia_tilicola
seq74471_len81_cov27	Diptera	Diptera_sp._SLW-2008
seq74502_len162_cov182	Bradysia coprophila	Bradysia_coprophila
seq74508_len131_cov64	Bradysia coprophila	Bradysia_coprophila
seq74508_len131_cov64	Bradysia coprophila	Bradysia_coprophila
seq74508_len131_cov64	Bradysia coprophila	Bradysia_coprophila
seq74508_len131_cov64	Bradysia coprophila	Bradysia_coprophila
seq74508_len131_cov64	Bradysia coprophila	Bradysia_coprophila
seq74525_len192_cov136	Bradysia coprophila	Bradysia_coprophila
seq74629_len156_cov59	Bradysia coprophila	Bradysia_coprophila
seq74682_len80_cov37845	Bradysia	Bradysia_procera
seq74682_len80_cov37845	Bradysia	Bradysia_quadrispinistylata
seq74682_len80_cov37845	Sciaridae	Scatopsciara_vitripennis
seq74682_len80_cov37845	Sciaridae	Scatopsciara_atomaria
seq74682_len80_cov37845	Bradysia	Bradysia_amoena
seq74688_len88_cov773	Bradysia coprophila	Bradysia_coprophila
seq74697_len82_cov159	Bradysia coprophila	Bradysia_coprophila
seq74698_len81_cov873	Bradysia coprophila	Bradysia_coprophila
seq74699_len86_cov332	Bradysia coprophila	Bradysia_coprophila
seq74741_len84_cov1032	Bradysia coprophila	Bradysia_coprophila
seq74760_len222_cov91	Bradysia coprophila	Bradysia_coprophila
seq74763_len232_cov173	Bradysia coprophila	Bradysia_coprophila
seq74763_len232_cov173	Bradysia coprophila	Bradysia_coprophila
seq74764_len247_cov73	Bradysia coprophila	Bradysia_coprophila
seq74764_len247_cov73	Bradysia coprophila	Bradysia_coprophila
seq74803_len3889_cov145	Diptera	Drosophila_ananassae
seq74885_len79_cov1164	Bradysia coprophila	Bradysia_coprophila
seq74886_len99_cov241	Bradysia coprophila	Bradysia_coprophila
seq74888_len156_cov45	Sciaridae	Schwenckfeldina_sp._MAB-2008
seq74888_len156_cov45	Bradysia	Bradysia_amoena
seq74888_len156_cov45	Bradysia	Bradysia_hygida
seq74888_len156_cov45	Diptera	Diadocidia_ferruginosa
seq74888_len156_cov45	Diptera	Dilophus_sp._MAB-2008
seq74888_len156_cov45	Diptera	therevid_NCSU-0300013
seq74888_len156_cov45	Diptera	Hemigephyra_sp._MEI124388
seq74888_len156_cov45	Diptera	Drosophila_melanogaster
seq74888_len156_cov45	Diptera	Drosophila_melanogaster
seq74888_len156_cov45	Diptera	Drosophila_melanogaster
seq74899_len108_cov95	Bradysia coprophila	Bradysia_coprophila
seq74914_len92_cov86	Bradysia coprophila	Bradysia_coprophila
seq74915_len79_cov441	Bradysia coprophila	Bradysia_coprophila
seq74916_len91_cov209	Bradysia coprophila	Bradysia_coprophila
seq74917_len81_cov205	Bradysia coprophila	Bradysia_coprophila
seq74918_len90_cov355	Bradysia coprophila	Bradysia_coprophila
seq74919_len79_cov400	Bradysia coprophila	Bradysia_coprophila
seq74920_len84_cov200	Bradysia coprophila	Bradysia_coprophila
seq74921_len116_cov218	Bradysia coprophila	Bradysia_coprophila
seq74922_len83_cov359	Bradysia coprophila	Bradysia_coprophila
seq74923_len103_cov332	Bradysia coprophila	Bradysia_coprophila
seq74924_len90_cov123	Bradysia coprophila	Bradysia_coprophila
seq74933_len105_cov186	Bradysia coprophila	Bradysia_coprophila
seq74947_len121_cov405	Bradysia coprophila	Bradysia_coprophila
seq74995_len2247_cov105	Bradysia coprophila	Bradysia_coprophila
seq75028_len82_cov691	Bradysia coprophila	Bradysia_coprophila
seq75059_len82_cov545	Bradysia coprophila	Bradysia_coprophila
seq75059_len82_cov545	Bradysia coprophila	Bradysia_coprophila
seq75061_len143_cov223	Bradysia coprophila	Bradysia_coprophila
seq75061_len143_cov223	Bradysia coprophila	Bradysia_coprophila
seq75064_len98_cov50	Bradysia coprophila	Bradysia_coprophila
seq75064_len98_cov50	Bradysia coprophila	Bradysia_coprophila
seq75065_len81_cov2236	Bradysia coprophila	Bradysia_coprophila
seq75066_len154_cov86	Diptera	Pachygaster_leachii
seq75066_len154_cov86	Metazoa	Austrobilharzia_variglandis
seq75066_len154_cov86	Diptera	Calliphora_vicina
seq75066_len154_cov86	Bradysia coprophila	Bradysia_coprophila
seq75066_len154_cov86	Diptera	Drosophila_melanogaster
seq75066_len154_cov86	Eukaryota	Melampsora_larici-populina_98AG31
seq75066_len154_cov86	Eukaryota	Melampsora_larici-populina_98AG31
seq75066_len154_cov86	Eukaryota	Melampsora_larici-populina_98AG31
seq75066_len154_cov86	Diptera	Drosophila_melanogaster
seq75066_len154_cov86	Metazoa	Ute_ampullacea
seq75066_len154_cov86	Eukaryota	Oryza_sativa_Japonica_Group
seq75072_len96_cov23	Bradysia	Bradysia_hygida
seq75078_len79_cov3432	Bradysia coprophila	Bradysia_coprophila
seq75078_len79_cov3432	Bradysia coprophila	Bradysia_coprophila
seq75079_len157_cov205	Bradysia coprophila	Bradysia_coprophila
seq75079_len157_cov205	Bradysia coprophila	Bradysia_coprophila
seq75100_len92_cov314	Bradysia coprophila	Bradysia_coprophila
seq75116_len161_cov45	Bradysia coprophila	Bradysia_coprophila
seq75127_len92_cov50	Bradysia coprophila	Bradysia_coprophila
seq75128_len157_cov32	Bradysia coprophila	Bradysia_coprophila
seq75130_len167_cov164	Bradysia coprophila	Bradysia_coprophila
seq75130_len167_cov164	Bradysia coprophila	Bradysia_coprophila
seq75155_len918_cov77	Metazoa	Strongyloides_papillosus
seq75155_len918_cov77	Metazoa	Strongyloides_stercoralis
seq75155_len918_cov77	Metazoa	Strongyloides_venezuelensis
seq75155_len918_cov77	Diptera	Drosophila_ananassae
seq75155_len918_cov77	Metazoa	Strongyloides_ratti
seq75155_len918_cov77	Eukaryota	Nicotiana_sylvestris
seq75155_len918_cov77	Metazoa	Onchocerca_flexuosa
seq75155_len918_cov77	Diptera	Bactrocera_cucurbitae
seq75155_len918_cov77	Bradysia coprophila	Bradysia_coprophila
seq75156_len1522_cov141	Bradysia coprophila	Bradysia_coprophila
seq75159_len150_cov77	Bradysia coprophila	Bradysia_coprophila
seq75159_len150_cov77	Bradysia coprophila	Bradysia_coprophila
seq75160_len2993_cov118	Bradysia coprophila	Bradysia_coprophila
seq75163_len222_cov150	Bradysia coprophila	Bradysia_coprophila
seq75169_len476_cov59	Bradysia coprophila	Bradysia_coprophila
seq75174_len1107_cov86	Bradysia coprophila	Bradysia_coprophila
seq75175_len174_cov118	Bradysia coprophila	Bradysia_coprophila
seq75177_len158_cov77	Bradysia coprophila	Bradysia_coprophila
seq75178_len1922_cov127	Bradysia coprophila	Bradysia_coprophila
seq75180_len84_cov59	Bradysia coprophila	Bradysia_coprophila
seq75183_len1837_cov95	Bradysia coprophila	Bradysia_coprophila
seq75184_len387_cov105	Bradysia coprophila	Bradysia_coprophila
seq75186_len739_cov123	Bradysia coprophila	Bradysia_coprophila
seq75188_len81_cov91	Bradysia coprophila	Bradysia_coprophila
seq75189_len2144_cov64	Bradysia coprophila	Bradysia_coprophila
seq75190_len534_cov59	Bradysia coprophila	Bradysia_coprophila
seq75191_len751_cov159	Bradysia coprophila	Bradysia_coprophila
seq75197_len3487_cov123	Bradysia coprophila	Bradysia_coprophila
seq75197_len3487_cov123	Bradysia coprophila	Bradysia_coprophila
seq75243_len96_cov32	Diptera	Dynatosoma_reciprocum
seq75243_len96_cov32	Diptera	Mycetophila_fungorum
seq75243_len96_cov32	Diptera	Boletina_plana
seq75243_len96_cov32	Diptera	Docosia_gilvipes
seq75243_len96_cov32	Diptera	Leia_bilineata
seq75244_len150_cov186	Bradysia coprophila	Bradysia_coprophila
seq75247_len95_cov23	Diptera	Dynatosoma_reciprocum
seq75247_len95_cov23	Diptera	Mycetophila_fungorum
seq75247_len95_cov23	Diptera	Boletina_plana
seq75247_len95_cov23	Diptera	Docosia_gilvipes
seq75247_len95_cov23	Diptera	Leia_bilineata
seq75251_len1830_cov100	Bradysia coprophila	Bradysia_coprophila
seq75252_len79_cov214	Bradysia coprophila	Bradysia_coprophila
seq75253_len851_cov118	Bradysia coprophila	Bradysia_coprophila
seq75254_len2574_cov136	Bradysia coprophila	Bradysia_coprophila
seq75255_len724_cov68	Bradysia coprophila	Bradysia_coprophila
seq75258_len862_cov136	Bradysia coprophila	Bradysia_coprophila
seq75268_len85_cov145	Bradysia coprophila	Bradysia_coprophila
seq75290_len79_cov364	Bradysia coprophila	Bradysia_coprophila
seq75330_len80_cov105	Bradysia coprophila	Bradysia_coprophila
seq75333_len81_cov95	Bradysia coprophila	Bradysia_coprophila
seq75359_len211_cov100	Bradysia coprophila	Bradysia_coprophila
seq75359_len211_cov100	Bradysia coprophila	Bradysia_coprophila
seq75370_len239_cov155	Bradysia coprophila	Bradysia_coprophila
seq75371_len599_cov86	Bradysia coprophila	Bradysia_coprophila
seq75372_len207_cov109	Bradysia coprophila	Bradysia_coprophila
seq75373_len448_cov105	Bradysia coprophila	Bradysia_coprophila
seq75374_len611_cov86	Bradysia coprophila	Bradysia_coprophila
seq75376_len321_cov155	Bradysia coprophila	Bradysia_coprophila
seq75378_len109_cov109	Bradysia coprophila	Bradysia_coprophila
seq75381_len615_cov155	Bradysia coprophila	Bradysia_coprophila
seq75382_len146_cov259	Bradysia coprophila	Bradysia_coprophila
seq75382_len146_cov259	Bradysia coprophila	Bradysia_coprophila
seq75393_len80_cov1836	Bradysia coprophila	Bradysia_coprophila
seq75394_len82_cov536	Bradysia coprophila	Bradysia_coprophila
seq75395_len80_cov414	Bradysia coprophila	Bradysia_coprophila
seq75396_len98_cov255	Bradysia coprophila	Bradysia_coprophila
seq75401_len151_cov91	Bradysia coprophila	Bradysia_coprophila
seq75401_len151_cov91	Bradysia coprophila	Bradysia_coprophila
seq75401_len151_cov91	Bradysia coprophila	Bradysia_coprophila
seq75404_len155_cov127	Bradysia coprophila	Bradysia_coprophila
seq75405_len79_cov7491	Bradysia coprophila	Bradysia_coprophila
seq6233_len94_cov55	Bradysia coprophila	Bradysia_coprophila
seq6234_len94_cov132	Bradysia coprophila	Bradysia_coprophila
seq6314_len154_cov109	Bradysia coprophila	Bradysia_coprophila
seq6316_len109_cov109	Bradysia coprophila	Bradysia_coprophila
seq6336_len83_cov709	Bradysia coprophila	Bradysia_coprophila
seq6336_len83_cov709	Bradysia coprophila	Bradysia_coprophila
seq6342_len93_cov127	Bradysia coprophila	Bradysia_coprophila
seq6352_len295_cov86	Bradysia coprophila	Bradysia_coprophila
seq6352_len295_cov86	Bradysia coprophila	Bradysia_coprophila
seq6352_len295_cov86	Bradysia coprophila	Bradysia_coprophila
seq6353_len79_cov1809	Bradysia coprophila	Bradysia_coprophila
seq6355_len80_cov673	Bradysia coprophila	Bradysia_coprophila
seq6356_len82_cov114	Bradysia coprophila	Bradysia_coprophila
seq6357_len93_cov141	Bradysia coprophila	Bradysia_coprophila
seq6358_len84_cov68	Bradysia coprophila	Bradysia_coprophila
seq6359_len83_cov395	Bradysia coprophila	Bradysia_coprophila
seq6360_len80_cov205	Bradysia coprophila	Bradysia_coprophila
seq6361_len79_cov5405	Bradysia coprophila	Bradysia_coprophila
seq6362_len176_cov68	Bradysia coprophila	Bradysia_coprophila
seq6364_len82_cov136	Bradysia coprophila	Bradysia_coprophila
seq6365_len81_cov77	Bradysia coprophila	Bradysia_coprophila
seq6366_len79_cov405	Bradysia coprophila	Bradysia_coprophila
seq6367_len80_cov114	Bradysia coprophila	Bradysia_coprophila
seq6368_len90_cov45	Bradysia coprophila	Bradysia_coprophila
seq6369_len83_cov91	Bradysia coprophila	Bradysia_coprophila
seq6370_len84_cov305	Bradysia coprophila	Bradysia_coprophila
seq6371_len80_cov132	Bradysia coprophila	Bradysia_coprophila
seq6373_len87_cov50	Bradysia coprophila	Bradysia_coprophila
seq6374_len118_cov77	Bradysia coprophila	Bradysia_coprophila
seq6376_len80_cov82	Bradysia coprophila	Bradysia_coprophila
seq6377_len81_cov32	Bradysia coprophila	Bradysia_coprophila
seq6378_len83_cov200	Bradysia coprophila	Bradysia_coprophila
seq6379_len80_cov250	Bradysia coprophila	Bradysia_coprophila
seq6385_len88_cov141	Bradysia coprophila	Bradysia_coprophila
seq6386_len156_cov105	Bradysia coprophila	Bradysia_coprophila
seq6387_len151_cov164	Bradysia coprophila	Bradysia_coprophila
seq6388_len174_cov118	Bradysia coprophila	Bradysia_coprophila
seq6427_len277_cov95	Bradysia coprophila	Bradysia_coprophila
seq6427_len277_cov95	Bradysia coprophila	Bradysia_coprophila
seq6429_len141_cov132	Bradysia coprophila	Bradysia_coprophila
seq6429_len141_cov132	Bradysia coprophila	Bradysia_coprophila
seq6467_len94_cov405	Bradysia coprophila	Bradysia_coprophila
seq6469_len80_cov473	Bradysia coprophila	Bradysia_coprophila
seq6470_len99_cov23	Bradysia coprophila	Bradysia_coprophila
seq6470_len99_cov23	Bradysia coprophila	Bradysia_coprophila
seq6471_len79_cov9395	Bradysia coprophila	Bradysia_coprophila
seq6471_len79_cov9395	Bradysia coprophila	Bradysia_coprophila
seq6498_len100_cov32	Bradysia	Bradysia_amoena
seq6498_len100_cov32	Bradysia	Bradysia_hygida
seq6498_len100_cov32	Sciaridae	Schwenckfeldina_sp._MAB-2008
seq6543_len109_cov500	Bradysia coprophila	Bradysia_coprophila
seq6550_len155_cov164	Bradysia coprophila	Bradysia_coprophila
seq6556_len116_cov50	Bradysia coprophila	Bradysia_coprophila
seq6556_len116_cov50	Bradysia coprophila	Bradysia_coprophila
seq6557_len79_cov164	Bradysia coprophila	Bradysia_coprophila
seq6572_len86_cov23	Insecta	Tallaperla_lobata
seq6572_len86_cov23	Insecta	Capnia_gracilaria
seq6572_len86_cov23	Insecta	Calineuria_californica
seq6572_len86_cov23	Insecta	Oemopteryx_vanduzeea
seq6572_len86_cov23	Insecta	Cerconychia_sp._P114
seq6572_len86_cov23	Insecta	Carabus_koreanus
seq6572_len86_cov23	Insecta	Carabus_procerulus
seq6572_len86_cov23	Insecta	Carabus_kyushuensis
seq6572_len86_cov23	Insecta	Carabus_yokoae
seq6572_len86_cov23	Insecta	Carabus_yokoae_marcilhaci
seq6584_len2321_cov150	Bradysia coprophila	Bradysia_coprophila
seq6624_len186_cov136	Bradysia coprophila	Bradysia_coprophila
seq6692_len558_cov164	Bradysia	Bradysia_hygida
seq6751_len918_cov55	Diptera	Drosophila_sechellia
seq6751_len918_cov55	Diptera	Drosophila_simulans
seq6751_len918_cov55	Diptera	Drosophila_melanogaster
seq6751_len918_cov55	Diptera	Drosophila_melanogaster
seq6751_len918_cov55	Diptera	Drosophila_melanogaster
seq6776_len146_cov59	Bradysia coprophila	Bradysia_coprophila
seq6777_len113_cov127	Bradysia coprophila	Bradysia_coprophila
seq6814_len152_cov127	Bradysia coprophila	Bradysia_coprophila
seq6844_len105_cov1086	Bradysia coprophila	Bradysia_coprophila
seq6844_len105_cov1086	Bradysia coprophila	Bradysia_coprophila
seq6854_len1187_cov105	Bradysia coprophila	Bradysia_coprophila
seq6866_len80_cov26086	Bradysia	Bradysia_amoena
seq6866_len80_cov26086	Bradysia coprophila	Bradysia_coprophila
seq75438_len94_cov45	Bradysia coprophila	Bradysia_coprophila
seq75438_len94_cov45	Bradysia coprophila	Bradysia_coprophila
seq75445_len95_cov186	Bradysia coprophila	Bradysia_coprophila
seq75445_len95_cov186	Bradysia coprophila	Bradysia_coprophila
seq75488_len166_cov164	Bradysia coprophila	Bradysia_coprophila
seq75488_len166_cov164	Bradysia coprophila	Bradysia_coprophila
seq75506_len242_cov132	Bradysia coprophila	Bradysia_coprophila
seq75509_len1994_cov109	Bradysia coprophila	Bradysia_coprophila
seq75510_len157_cov91	Bradysia coprophila	Bradysia_coprophila
seq75550_len130_cov195	Bradysia coprophila	Bradysia_coprophila
seq75551_len328_cov109	Bradysia coprophila	Bradysia_coprophila
seq75556_len79_cov245	Bradysia coprophila	Bradysia_coprophila
seq75557_len79_cov150	Bradysia coprophila	Bradysia_coprophila
seq75563_len155_cov114	Bradysia coprophila	Bradysia_coprophila
seq75567_len81_cov50	Bradysia coprophila	Bradysia_coprophila
seq75568_len81_cov86	Bradysia coprophila	Bradysia_coprophila
seq75569_len81_cov250	Bradysia coprophila	Bradysia_coprophila
seq75569_len81_cov250	Bradysia coprophila	Bradysia_coprophila
seq75571_len170_cov177	Bradysia coprophila	Bradysia_coprophila
seq75571_len170_cov177	Bradysia coprophila	Bradysia_coprophila
seq75572_len87_cov282	Bradysia coprophila	Bradysia_coprophila
seq75572_len87_cov282	Bradysia coprophila	Bradysia_coprophila
seq75686_len421_cov100	Bradysia coprophila	Bradysia_coprophila
seq75694_len156_cov59	Bradysia coprophila	Bradysia_coprophila
seq75699_len143_cov109	Bradysia coprophila	Bradysia_coprophila
seq75702_len1189_cov127	Bradysia coprophila	Bradysia_coprophila
seq75704_len557_cov73	Bradysia coprophila	Bradysia_coprophila
seq75705_len79_cov764	Bradysia coprophila	Bradysia_coprophila
seq75713_len81_cov305	Bradysia coprophila	Bradysia_coprophila
seq75713_len81_cov305	Bradysia coprophila	Bradysia_coprophila
seq75743_len149_cov64	Bradysia coprophila	Bradysia_coprophila
seq75744_len82_cov195	Bradysia coprophila	Bradysia_coprophila
seq75746_len126_cov105	Bradysia coprophila	Bradysia_coprophila
seq75773_len149_cov50	Bradysia coprophila	Bradysia_coprophila
seq75774_len2613_cov127	Bradysia coprophila	Bradysia_coprophila
seq75775_len230_cov150	Bradysia coprophila	Bradysia_coprophila
seq75779_len149_cov118	Bradysia coprophila	Bradysia_coprophila
seq75793_len102_cov223	Bradysia coprophila	Bradysia_coprophila
seq75794_len226_cov173	Bradysia coprophila	Bradysia_coprophila
seq75794_len226_cov173	Bradysia coprophila	Bradysia_coprophila
seq75812_len79_cov250	Bradysia coprophila	Bradysia_coprophila
seq75814_len84_cov1155	Bradysia coprophila	Bradysia_coprophila
seq75815_len1357_cov105	Bradysia coprophila	Bradysia_coprophila
seq75847_len2704_cov173	Bradysia coprophila	Bradysia_coprophila
seq75849_len95_cov23	Bradysia coprophila	Bradysia_coprophila
seq75849_len95_cov23	Bradysia coprophila	Bradysia_coprophila
seq75850_len152_cov177	Bradysia coprophila	Bradysia_coprophila
seq75850_len152_cov177	Bradysia coprophila	Bradysia_coprophila
seq75850_len152_cov177	Bradysia coprophila	Bradysia_coprophila
seq75850_len152_cov177	Bradysia coprophila	Bradysia_coprophila
seq75853_len96_cov168	Bradysia coprophila	Bradysia_coprophila
seq75853_len96_cov168	Bradysia coprophila	Bradysia_coprophila
seq75853_len96_cov168	Bradysia coprophila	Bradysia_coprophila
seq75854_len167_cov86	Bradysia coprophila	Bradysia_coprophila
seq75854_len167_cov86	Bradysia coprophila	Bradysia_coprophila
seq75854_len167_cov86	Bradysia coprophila	Bradysia_coprophila
seq75859_len148_cov105	Bradysia coprophila	Bradysia_coprophila
seq75860_len131_cov150	Bradysia coprophila	Bradysia_coprophila
seq75869_len879_cov123	Bradysia coprophila	Bradysia_coprophila
seq75871_len5551_cov159	Bradysia coprophila	Bradysia_coprophila
seq75871_len5551_cov159	Bradysia coprophila	Bradysia_coprophila
seq75879_len402_cov55	Bradysia coprophila	Bradysia_coprophila
seq75879_len402_cov55	Bradysia coprophila	Bradysia_coprophila
seq75898_len155_cov209	Bradysia coprophila	Bradysia_coprophila
seq75898_len155_cov209	Bradysia coprophila	Bradysia_coprophila
seq75913_len148_cov191	Bradysia coprophila	Bradysia_coprophila
seq75913_len148_cov191	Bradysia coprophila	Bradysia_coprophila
seq75914_len448_cov159	Bradysia coprophila	Bradysia_coprophila
seq75914_len448_cov159	Bradysia coprophila	Bradysia_coprophila
seq75915_len82_cov18	Eukaryota	uncultured_eukaryote
seq75915_len82_cov18	Eukaryota	uncultured_eukaryote
seq75915_len82_cov18	Eukaryota	uncultured_eukaryote
seq75915_len82_cov18	Eukaryota	uncultured_eukaryote
seq75915_len82_cov18	Eukaryota	uncultured_eukaryote
seq75915_len82_cov18	Diptera	Euaresta_bella
seq75915_len82_cov18	Diptera	Ceratitis_capitata
seq75915_len82_cov18	Diptera	Blepharoneura_sp._HH-1993
seq75915_len82_cov18	Diptera	Anastrepha_suspensa
seq75915_len82_cov18	Diptera	Drosophila_melanogaster
seq75959_len182_cov159	Bradysia coprophila	Bradysia_coprophila
seq75959_len182_cov159	Bradysia coprophila	Bradysia_coprophila
seq75961_len121_cov68	Bradysia coprophila	Bradysia_coprophila
seq75961_len121_cov68	Bradysia coprophila	Bradysia_coprophila
seq75969_len135_cov236	Bradysia coprophila	Bradysia_coprophila
seq75975_len99_cov68	Bradysia coprophila	Bradysia_coprophila
seq75979_len483_cov50	Bradysia coprophila	Bradysia_coprophila
seq75983_len139_cov109	Bradysia coprophila	Bradysia_coprophila
seq75984_len156_cov32	Bradysia coprophila	Bradysia_coprophila
seq75987_len158_cov127	Bradysia coprophila	Bradysia_coprophila
seq76032_len1178_cov91	Bradysia coprophila	Bradysia_coprophila
seq76058_len160_cov105	Bradysia coprophila	Bradysia_coprophila
seq76106_len1053_cov100	Bradysia coprophila	Bradysia_coprophila
seq76106_len1053_cov100	Bradysia coprophila	Bradysia_coprophila
seq76108_len251_cov86	Bradysia coprophila	Bradysia_coprophila
seq76108_len251_cov86	Bradysia coprophila	Bradysia_coprophila
seq76113_len79_cov11123	Bradysia coprophila	Bradysia_coprophila
seq76131_len79_cov300	Bradysia coprophila	Bradysia_coprophila
seq76131_len79_cov300	Bradysia coprophila	Bradysia_coprophila
seq76131_len79_cov300	Bradysia coprophila	Bradysia_coprophila
seq76131_len79_cov300	Bradysia coprophila	Bradysia_coprophila
seq76131_len79_cov300	Bradysia coprophila	Bradysia_coprophila
seq76163_len154_cov109	Bradysia coprophila	Bradysia_coprophila
seq76163_len154_cov109	Bradysia coprophila	Bradysia_coprophila
seq76165_len477_cov77	Bradysia coprophila	Bradysia_coprophila
seq76165_len477_cov77	Bradysia coprophila	Bradysia_coprophila
seq76167_len325_cov159	Bradysia coprophila	Bradysia_coprophila
seq76167_len325_cov159	Bradysia coprophila	Bradysia_coprophila
seq76168_len8270_cov186	Diptera	Bactrocera_cucurbitae
seq76168_len8270_cov186	Diptera	Bactrocera_oleae
seq76168_len8270_cov186	Diptera	Bactrocera_dorsalis
seq76168_len8270_cov186	Diptera	Aedes_aegypti
seq76168_len8270_cov186	Bradysia coprophila	Bradysia_coprophila
seq76168_len8270_cov186	Bradysia coprophila	Bradysia_coprophila
seq76177_len79_cov182	Bradysia coprophila	Bradysia_coprophila
seq76177_len79_cov182	Bradysia coprophila	Bradysia_coprophila
seq76183_len119_cov32	Bradysia coprophila	Bradysia_coprophila
seq76183_len119_cov32	Bradysia coprophila	Bradysia_coprophila
seq76184_len163_cov68	Bradysia coprophila	Bradysia_coprophila
seq76187_len99_cov86	Bradysia coprophila	Bradysia_coprophila
seq76187_len99_cov86	Bradysia coprophila	Bradysia_coprophila
seq76193_len3592_cov100	Bradysia coprophila	Bradysia_coprophila
seq76193_len3592_cov100	Bradysia coprophila	Bradysia_coprophila
seq76194_len84_cov327	Bradysia coprophila	Bradysia_coprophila
seq76194_len84_cov327	Bradysia coprophila	Bradysia_coprophila
seq76200_len152_cov200	Bradysia coprophila	Bradysia_coprophila
seq76200_len152_cov200	Bradysia coprophila	Bradysia_coprophila
seq76202_len79_cov314	Bradysia coprophila	Bradysia_coprophila
seq76202_len79_cov314	Bradysia coprophila	Bradysia_coprophila
seq76208_len79_cov200	Bradysia coprophila	Bradysia_coprophila
seq76208_len79_cov200	Bradysia coprophila	Bradysia_coprophila
seq76214_len167_cov73	Bradysia coprophila	Bradysia_coprophila
seq76214_len167_cov73	Bradysia coprophila	Bradysia_coprophila
seq76216_len306_cov91	Bradysia coprophila	Bradysia_coprophila
seq76216_len306_cov91	Bradysia coprophila	Bradysia_coprophila
seq76220_len82_cov409	Bradysia coprophila	Bradysia_coprophila
seq76220_len82_cov409	Bradysia coprophila	Bradysia_coprophila
seq76228_len150_cov168	Bradysia coprophila	Bradysia_coprophila
seq76228_len150_cov168	Bradysia coprophila	Bradysia_coprophila
seq76229_len151_cov114	Bradysia coprophila	Bradysia_coprophila
seq76229_len151_cov114	Bradysia coprophila	Bradysia_coprophila
seq76236_len97_cov459	Bradysia coprophila	Bradysia_coprophila
seq76236_len97_cov459	Bradysia coprophila	Bradysia_coprophila
seq76237_len80_cov5341	Bradysia coprophila	Bradysia_coprophila
seq76237_len80_cov5341	Bradysia coprophila	Bradysia_coprophila
seq76243_len228_cov155	Bradysia coprophila	Bradysia_coprophila
seq76243_len228_cov155	Bradysia coprophila	Bradysia_coprophila
seq76245_len155_cov218	Bradysia coprophila	Bradysia_coprophila
seq76245_len155_cov218	Bradysia coprophila	Bradysia_coprophila
seq76276_len157_cov59	Bradysia coprophila	Bradysia_coprophila
seq76283_len119_cov118	Bradysia coprophila	Bradysia_coprophila
seq76283_len119_cov118	Bradysia coprophila	Bradysia_coprophila
seq76284_len118_cov64	Bradysia coprophila	Bradysia_coprophila
seq76284_len118_cov64	Bradysia coprophila	Bradysia_coprophila
seq76287_len155_cov127	Bradysia coprophila	Bradysia_coprophila
seq76287_len155_cov127	Bradysia coprophila	Bradysia_coprophila
seq76289_len96_cov18	Bradysia coprophila	Bradysia_coprophila
seq76289_len96_cov18	Bradysia coprophila	Bradysia_coprophila
